#
# There is insufficient memory for the Java Runtime Environment to continue.
# Native memory allocation (malloc) failed to allocate 982096 bytes. Error detail: Chunk::new
# Possible reasons:
#   The system is out of physical RAM or swap space
#   This process is running with CompressedOops enabled, and the Java Heap may be blocking the growth of the native heap
# Possible solutions:
#   Reduce memory load on the system
#   Increase physical memory or swap space
#   Check if swap backing store is full
#   Decrease Java heap size (-Xmx/-Xms)
#   Decrease number of Java threads
#   Decrease Java thread stack sizes (-Xss)
#   Set larger code cache with -XX:ReservedCodeCacheSize=
#   JVM is running with Unscaled Compressed Oops mode in which the Java heap is
#     placed in the first 4GB address space. The Java Heap base address is the
#     maximum limit for the native heap growth. Please use -XX:HeapBaseMinAddress
#     to set the Java Heap base and to place the Java Heap above 4GB virtual address.
# This output file may be truncated or incomplete.
#
#  Out of Memory Error (arena.cpp:191), pid=25192, tid=24608
#
# JRE version: OpenJDK Runtime Environment Corretto-17.0.11.9.1 (17.0.11+9) (build 17.0.11+9-LTS)
# Java VM: OpenJDK 64-Bit Server VM Corretto-17.0.11.9.1 (17.0.11+9-LTS, mixed mode, sharing, tiered, compressed oops, compressed class ptrs, g1 gc, windows-amd64)
# No core dump will be written. Minidumps are not enabled by default on client versions of Windows
#

---------------  S U M M A R Y ------------

Command Line: --add-opens=java.base/java.util=ALL-UNNAMED --add-opens=java.base/java.lang=ALL-UNNAMED --add-opens=java.base/java.lang.invoke=ALL-UNNAMED --add-opens=java.prefs/java.util.prefs=ALL-UNNAMED --add-opens=java.base/java.nio.charset=ALL-UNNAMED --add-opens=java.base/java.net=ALL-UNNAMED --add-opens=java.base/java.util.concurrent.atomic=ALL-UNNAMED -XX:MaxMetaspaceSize=384m -XX:+HeapDumpOnOutOfMemoryError -Xms256m -Xmx512m -Dfile.encoding=UTF-8 -Duser.country=US -Duser.language=en -Duser.variant -javaagent:C:\Users\S538108\.gradle\wrapper\dists\gradle-8.8-bin\dl7vupf4psengwqhwktix4v1\gradle-8.8\lib\agents\gradle-instrumentation-agent-8.8.jar org.gradle.launcher.daemon.bootstrap.GradleDaemon 8.8

Host: 12th Gen Intel(R) Core(TM) i5-1235U, 12 cores, 7G,  Windows 11 , 64 bit Build 22621 (10.0.22621.3672)
Time: Fri Aug 30 16:54:40 2024 Central Daylight Time elapsed time: 60.961614 seconds (0d 0h 1m 0s)

---------------  T H R E A D  ---------------

Current thread (0x000001702d4c67c0):  JavaThread "C2 CompilerThread0" daemon [_thread_in_native, id=24608, stack(0x0000003f08a00000,0x0000003f08b00000)]


Current CompileTask:
C2:  60961 2489   !   4       java.lang.ClassLoader::loadClass (121 bytes)

Stack: [0x0000003f08a00000,0x0000003f08b00000]
Native frames: (J=compiled Java code, j=interpreted, Vv=VM code, C=native code)
V  [jvm.dll+0x67d009]
V  [jvm.dll+0x83489a]
V  [jvm.dll+0x83635e]
V  [jvm.dll+0x8369c3]
V  [jvm.dll+0x2479df]
V  [jvm.dll+0xac534]
V  [jvm.dll+0xacb7c]
V  [jvm.dll+0x366247]
V  [jvm.dll+0x1bcdf6]
V  [jvm.dll+0x21a219]
V  [jvm.dll+0x219501]
V  [jvm.dll+0x1a524d]
V  [jvm.dll+0x22920d]
V  [jvm.dll+0x2273dc]
V  [jvm.dll+0x7e9a07]
V  [jvm.dll+0x7e3e0a]
V  [jvm.dll+0x67bef5]
C  [ucrtbase.dll+0x29333]
C  [KERNEL32.DLL+0x1257d]
C  [ntdll.dll+0x5af28]


---------------  P R O C E S S  ---------------

Threads class SMR info:
_java_thread_list=0x0000017047a0c5b0, length=26, elements={
0x0000017012502f40, 0x000001702d4a9f60, 0x000001702d4aade0, 0x000001702d4bf9e0,
0x000001702d4c0c70, 0x000001702d4c2840, 0x000001702d4c5210, 0x000001702d4c67c0,
0x000001702d4c8a40, 0x000001702d63c810, 0x000001702d6cc640, 0x000001702d782350,
0x00000170483783a0, 0x00000170477182f0, 0x00000170475935e0, 0x00000170475f3950,
0x000001704796db40, 0x0000017047720df0, 0x000001704771e570, 0x00000170477203d0,
0x000001704771db50, 0x000001704771f9b0, 0x000001704771e060, 0x000001704771ef90,
0x000001704771fec0, 0x000001704771f4a0
}

Java Threads: ( => current thread )
  0x0000017012502f40 JavaThread "main" [_thread_blocked, id=25484, stack(0x0000003f07d00000,0x0000003f07e00000)]
  0x000001702d4a9f60 JavaThread "Reference Handler" daemon [_thread_blocked, id=3640, stack(0x0000003f08400000,0x0000003f08500000)]
  0x000001702d4aade0 JavaThread "Finalizer" daemon [_thread_blocked, id=17916, stack(0x0000003f08500000,0x0000003f08600000)]
  0x000001702d4bf9e0 JavaThread "Signal Dispatcher" daemon [_thread_blocked, id=21192, stack(0x0000003f08600000,0x0000003f08700000)]
  0x000001702d4c0c70 JavaThread "Attach Listener" daemon [_thread_blocked, id=4472, stack(0x0000003f08700000,0x0000003f08800000)]
  0x000001702d4c2840 JavaThread "Service Thread" daemon [_thread_blocked, id=20292, stack(0x0000003f08800000,0x0000003f08900000)]
  0x000001702d4c5210 JavaThread "Monitor Deflation Thread" daemon [_thread_blocked, id=9784, stack(0x0000003f08900000,0x0000003f08a00000)]
=>0x000001702d4c67c0 JavaThread "C2 CompilerThread0" daemon [_thread_in_native, id=24608, stack(0x0000003f08a00000,0x0000003f08b00000)]
  0x000001702d4c8a40 JavaThread "C1 CompilerThread0" daemon [_thread_blocked, id=25212, stack(0x0000003f08b00000,0x0000003f08c00000)]
  0x000001702d63c810 JavaThread "Sweeper thread" daemon [_thread_blocked, id=25312, stack(0x0000003f08c00000,0x0000003f08d00000)]
  0x000001702d6cc640 JavaThread "Common-Cleaner" daemon [_thread_blocked, id=20508, stack(0x0000003f08d00000,0x0000003f08e00000)]
  0x000001702d782350 JavaThread "Notification Thread" daemon [_thread_blocked, id=25336, stack(0x0000003f08e00000,0x0000003f08f00000)]
  0x00000170483783a0 JavaThread "Daemon health stats" [_thread_blocked, id=26288, stack(0x0000003f09500000,0x0000003f09600000)]
  0x00000170477182f0 JavaThread "Incoming local TCP Connector on port 55234" [_thread_in_native, id=23608, stack(0x0000003f09600000,0x0000003f09700000)]
  0x00000170475935e0 JavaThread "Daemon periodic checks" [_thread_blocked, id=15520, stack(0x0000003f09700000,0x0000003f09800000)]
  0x00000170475f3950 JavaThread "Daemon" [_thread_blocked, id=3968, stack(0x0000003f09800000,0x0000003f09900000)]
  0x000001704796db40 JavaThread "Handler for socket connection from /127.0.0.1:55234 to /127.0.0.1:55243" [_thread_in_native, id=25804, stack(0x0000003f09900000,0x0000003f09a00000)]
  0x0000017047720df0 JavaThread "Cancel handler" [_thread_blocked, id=14300, stack(0x0000003f09a00000,0x0000003f09b00000)]
  0x000001704771e570 JavaThread "Daemon worker" [_thread_in_native, id=26748, stack(0x0000003f09b00000,0x0000003f09c00000)]
  0x00000170477203d0 JavaThread "Asynchronous log dispatcher for DefaultDaemonConnection: socket connection from /127.0.0.1:55234 to /127.0.0.1:55243" [_thread_blocked, id=26776, stack(0x0000003f09c00000,0x0000003f09d00000)]
  0x000001704771db50 JavaThread "Stdin handler" [_thread_blocked, id=26788, stack(0x0000003f09d00000,0x0000003f09e00000)]
  0x000001704771f9b0 JavaThread "Daemon client event forwarder" [_thread_blocked, id=26800, stack(0x0000003f09e00000,0x0000003f09f00000)]
  0x000001704771e060 JavaThread "Cache worker for journal cache (C:\Users\S538108\.gradle\caches\journal-1)" [_thread_blocked, id=27360, stack(0x0000003f09f00000,0x0000003f0a000000)]
  0x000001704771ef90 JavaThread "File lock request listener" [_thread_in_native, id=27364, stack(0x0000003f0a000000,0x0000003f0a100000)]
  0x000001704771fec0 JavaThread "File lock release action executor" [_thread_blocked, id=20276, stack(0x0000003f0a300000,0x0000003f0a400000)]
  0x000001704771f4a0 JavaThread "Cache worker for file hash cache (C:\Users\S538108\.gradle\caches\8.8\fileHashes)" [_thread_blocked, id=16220, stack(0x0000003f0a400000,0x0000003f0a500000)]

Other Threads:
  0x000001702d4a3b00 VMThread "VM Thread" [stack: 0x0000003f08300000,0x0000003f08400000] [id=17876]
  0x000001702d7bd770 WatcherThread [stack: 0x0000003f08f00000,0x0000003f09000000] [id=16604]
  0x000001701027afa0 GCTaskThread "GC Thread#0" [stack: 0x0000003f07e00000,0x0000003f07f00000] [id=3804]
  0x00000170477f7cd0 GCTaskThread "GC Thread#1" [stack: 0x0000003f09000000,0x0000003f09100000] [id=11444]
  0x000001702d8a8290 GCTaskThread "GC Thread#2" [stack: 0x0000003f09100000,0x0000003f09200000] [id=15892]
  0x000001702d8a8550 GCTaskThread "GC Thread#3" [stack: 0x0000003f09200000,0x0000003f09300000] [id=4832]
  0x000001702d8a8810 GCTaskThread "GC Thread#4" [stack: 0x0000003f09300000,0x0000003f09400000] [id=13056]
  0x000001702d8a8ad0 GCTaskThread "GC Thread#5" [stack: 0x0000003f09400000,0x0000003f09500000] [id=16372]
  0x000001701027ebb0 ConcurrentGCThread "G1 Main Marker" [stack: 0x0000003f07f00000,0x0000003f08000000] [id=6744]
  0x0000017012533840 ConcurrentGCThread "G1 Conc#0" [stack: 0x0000003f08000000,0x0000003f08100000] [id=24684]
  0x000001702d36a520 ConcurrentGCThread "G1 Refine#0" [stack: 0x0000003f08100000,0x0000003f08200000] [id=15688]
  0x000001702d36af50 ConcurrentGCThread "G1 Service" [stack: 0x0000003f08200000,0x0000003f08300000] [id=13492]

Threads with active compile tasks:
C2 CompilerThread0    60991 2489   !   4       java.lang.ClassLoader::loadClass (121 bytes)

VM state: not at safepoint (normal execution)

VM Mutex/Monitor currently owned by a thread: None

Heap address: 0x00000000e0000000, size: 512 MB, Compressed Oops mode: 32-bit

CDS archive(s) mapped at: [0x000001702e000000-0x000001702ebb0000-0x000001702ebb0000), size 12255232, SharedBaseAddress: 0x000001702e000000, ArchiveRelocationMode: 1.
Compressed class space mapped at: 0x000001702f000000-0x0000017043000000, reserved size: 335544320
Narrow klass base: 0x000001702e000000, Narrow klass shift: 0, Narrow klass range: 0x100000000

GC Precious Log:
 CPUs: 12 total, 12 available
 Memory: 7824M
 Large Page Support: Disabled
 NUMA Support: Disabled
 Compressed Oops: Enabled (32-bit)
 Heap Region Size: 1M
 Heap Min Capacity: 256M
 Heap Initial Capacity: 256M
 Heap Max Capacity: 512M
 Pre-touch: Disabled
 Parallel Workers: 10
 Concurrent Workers: 3
 Concurrent Refinement Workers: 10
 Periodic GC: Disabled

Heap:
 garbage-first heap   total 262144K, used 93065K [0x00000000e0000000, 0x0000000100000000)
  region size 1024K, 80 young (81920K), 2 survivors (2048K)
 Metaspace       used 14440K, committed 14784K, reserved 393216K
  class space    used 1985K, committed 2176K, reserved 327680K

Heap Regions: E=young(eden), S=young(survivor), O=old, HS=humongous(starts), HC=humongous(continues), CS=collection set, F=free, OA=open archive, CA=closed archive, TAMS=top-at-mark-start (previous, next)
|   0|0x00000000e0000000, 0x00000000e0100000, 0x00000000e0100000|100%|HS|  |TAMS 0x00000000e0000000, 0x00000000e0000000| Complete 
|   1|0x00000000e0100000, 0x00000000e0200000, 0x00000000e0200000|100%|HC|  |TAMS 0x00000000e0100000, 0x00000000e0100000| Complete 
|   2|0x00000000e0200000, 0x00000000e0300000, 0x00000000e0300000|100%|HC|  |TAMS 0x00000000e0200000, 0x00000000e0200000| Complete 
|   3|0x00000000e0300000, 0x00000000e0400000, 0x00000000e0400000|100%|HC|  |TAMS 0x00000000e0300000, 0x00000000e0300000| Complete 
|   4|0x00000000e0400000, 0x00000000e0500000, 0x00000000e0500000|100%| O|  |TAMS 0x00000000e0400000, 0x00000000e0400000| Untracked 
|   5|0x00000000e0500000, 0x00000000e0600000, 0x00000000e0600000|100%| O|  |TAMS 0x00000000e0500000, 0x00000000e0500000| Untracked 
|   6|0x00000000e0600000, 0x00000000e0700000, 0x00000000e0700000|100%| O|  |TAMS 0x00000000e0600000, 0x00000000e0600000| Untracked 
|   7|0x00000000e0700000, 0x00000000e0800000, 0x00000000e0800000|100%| O|  |TAMS 0x00000000e0700000, 0x00000000e0700000| Untracked 
|   8|0x00000000e0800000, 0x00000000e0900000, 0x00000000e0900000|100%| O|  |TAMS 0x00000000e0800000, 0x00000000e0800000| Untracked 
|   9|0x00000000e0900000, 0x00000000e0a00000, 0x00000000e0a00000|100%| O|  |TAMS 0x00000000e0900000, 0x00000000e0900000| Untracked 
|  10|0x00000000e0a00000, 0x00000000e0ac4e00, 0x00000000e0b00000| 76%| O|  |TAMS 0x00000000e0a00000, 0x00000000e0a00000| Untracked 
|  11|0x00000000e0b00000, 0x00000000e0c00000, 0x00000000e0c00000|100%|HS|  |TAMS 0x00000000e0b00000, 0x00000000e0b00000| Complete 
|  12|0x00000000e0c00000, 0x00000000e0d00000, 0x00000000e0d00000|100%|HS|  |TAMS 0x00000000e0c00000, 0x00000000e0c00000| Complete 
|  13|0x00000000e0d00000, 0x00000000e0d00000, 0x00000000e0e00000|  0%| F|  |TAMS 0x00000000e0d00000, 0x00000000e0d00000| Untracked 
|  14|0x00000000e0e00000, 0x00000000e0e00000, 0x00000000e0f00000|  0%| F|  |TAMS 0x00000000e0e00000, 0x00000000e0e00000| Untracked 
|  15|0x00000000e0f00000, 0x00000000e0f00000, 0x00000000e1000000|  0%| F|  |TAMS 0x00000000e0f00000, 0x00000000e0f00000| Untracked 
|  16|0x00000000e1000000, 0x00000000e1000000, 0x00000000e1100000|  0%| F|  |TAMS 0x00000000e1000000, 0x00000000e1000000| Untracked 
|  17|0x00000000e1100000, 0x00000000e1100000, 0x00000000e1200000|  0%| F|  |TAMS 0x00000000e1100000, 0x00000000e1100000| Untracked 
|  18|0x00000000e1200000, 0x00000000e1200000, 0x00000000e1300000|  0%| F|  |TAMS 0x00000000e1200000, 0x00000000e1200000| Untracked 
|  19|0x00000000e1300000, 0x00000000e1300000, 0x00000000e1400000|  0%| F|  |TAMS 0x00000000e1300000, 0x00000000e1300000| Untracked 
|  20|0x00000000e1400000, 0x00000000e1400000, 0x00000000e1500000|  0%| F|  |TAMS 0x00000000e1400000, 0x00000000e1400000| Untracked 
|  21|0x00000000e1500000, 0x00000000e1500000, 0x00000000e1600000|  0%| F|  |TAMS 0x00000000e1500000, 0x00000000e1500000| Untracked 
|  22|0x00000000e1600000, 0x00000000e1600000, 0x00000000e1700000|  0%| F|  |TAMS 0x00000000e1600000, 0x00000000e1600000| Untracked 
|  23|0x00000000e1700000, 0x00000000e1700000, 0x00000000e1800000|  0%| F|  |TAMS 0x00000000e1700000, 0x00000000e1700000| Untracked 
|  24|0x00000000e1800000, 0x00000000e1800000, 0x00000000e1900000|  0%| F|  |TAMS 0x00000000e1800000, 0x00000000e1800000| Untracked 
|  25|0x00000000e1900000, 0x00000000e1900000, 0x00000000e1a00000|  0%| F|  |TAMS 0x00000000e1900000, 0x00000000e1900000| Untracked 
|  26|0x00000000e1a00000, 0x00000000e1a00000, 0x00000000e1b00000|  0%| F|  |TAMS 0x00000000e1a00000, 0x00000000e1a00000| Untracked 
|  27|0x00000000e1b00000, 0x00000000e1b00000, 0x00000000e1c00000|  0%| F|  |TAMS 0x00000000e1b00000, 0x00000000e1b00000| Untracked 
|  28|0x00000000e1c00000, 0x00000000e1c00000, 0x00000000e1d00000|  0%| F|  |TAMS 0x00000000e1c00000, 0x00000000e1c00000| Untracked 
|  29|0x00000000e1d00000, 0x00000000e1d00000, 0x00000000e1e00000|  0%| F|  |TAMS 0x00000000e1d00000, 0x00000000e1d00000| Untracked 
|  30|0x00000000e1e00000, 0x00000000e1e00000, 0x00000000e1f00000|  0%| F|  |TAMS 0x00000000e1e00000, 0x00000000e1e00000| Untracked 
|  31|0x00000000e1f00000, 0x00000000e1f00000, 0x00000000e2000000|  0%| F|  |TAMS 0x00000000e1f00000, 0x00000000e1f00000| Untracked 
|  32|0x00000000e2000000, 0x00000000e2000000, 0x00000000e2100000|  0%| F|  |TAMS 0x00000000e2000000, 0x00000000e2000000| Untracked 
|  33|0x00000000e2100000, 0x00000000e2100000, 0x00000000e2200000|  0%| F|  |TAMS 0x00000000e2100000, 0x00000000e2100000| Untracked 
|  34|0x00000000e2200000, 0x00000000e2200000, 0x00000000e2300000|  0%| F|  |TAMS 0x00000000e2200000, 0x00000000e2200000| Untracked 
|  35|0x00000000e2300000, 0x00000000e2300000, 0x00000000e2400000|  0%| F|  |TAMS 0x00000000e2300000, 0x00000000e2300000| Untracked 
|  36|0x00000000e2400000, 0x00000000e2400000, 0x00000000e2500000|  0%| F|  |TAMS 0x00000000e2400000, 0x00000000e2400000| Untracked 
|  37|0x00000000e2500000, 0x00000000e2500000, 0x00000000e2600000|  0%| F|  |TAMS 0x00000000e2500000, 0x00000000e2500000| Untracked 
|  38|0x00000000e2600000, 0x00000000e2600000, 0x00000000e2700000|  0%| F|  |TAMS 0x00000000e2600000, 0x00000000e2600000| Untracked 
|  39|0x00000000e2700000, 0x00000000e2700000, 0x00000000e2800000|  0%| F|  |TAMS 0x00000000e2700000, 0x00000000e2700000| Untracked 
|  40|0x00000000e2800000, 0x00000000e2800000, 0x00000000e2900000|  0%| F|  |TAMS 0x00000000e2800000, 0x00000000e2800000| Untracked 
|  41|0x00000000e2900000, 0x00000000e2900000, 0x00000000e2a00000|  0%| F|  |TAMS 0x00000000e2900000, 0x00000000e2900000| Untracked 
|  42|0x00000000e2a00000, 0x00000000e2a00000, 0x00000000e2b00000|  0%| F|  |TAMS 0x00000000e2a00000, 0x00000000e2a00000| Untracked 
|  43|0x00000000e2b00000, 0x00000000e2b00000, 0x00000000e2c00000|  0%| F|  |TAMS 0x00000000e2b00000, 0x00000000e2b00000| Untracked 
|  44|0x00000000e2c00000, 0x00000000e2c00000, 0x00000000e2d00000|  0%| F|  |TAMS 0x00000000e2c00000, 0x00000000e2c00000| Untracked 
|  45|0x00000000e2d00000, 0x00000000e2d00000, 0x00000000e2e00000|  0%| F|  |TAMS 0x00000000e2d00000, 0x00000000e2d00000| Untracked 
|  46|0x00000000e2e00000, 0x00000000e2e00000, 0x00000000e2f00000|  0%| F|  |TAMS 0x00000000e2e00000, 0x00000000e2e00000| Untracked 
|  47|0x00000000e2f00000, 0x00000000e2f00000, 0x00000000e3000000|  0%| F|  |TAMS 0x00000000e2f00000, 0x00000000e2f00000| Untracked 
|  48|0x00000000e3000000, 0x00000000e3000000, 0x00000000e3100000|  0%| F|  |TAMS 0x00000000e3000000, 0x00000000e3000000| Untracked 
|  49|0x00000000e3100000, 0x00000000e3100000, 0x00000000e3200000|  0%| F|  |TAMS 0x00000000e3100000, 0x00000000e3100000| Untracked 
|  50|0x00000000e3200000, 0x00000000e3200000, 0x00000000e3300000|  0%| F|  |TAMS 0x00000000e3200000, 0x00000000e3200000| Untracked 
|  51|0x00000000e3300000, 0x00000000e3300000, 0x00000000e3400000|  0%| F|  |TAMS 0x00000000e3300000, 0x00000000e3300000| Untracked 
|  52|0x00000000e3400000, 0x00000000e3400000, 0x00000000e3500000|  0%| F|  |TAMS 0x00000000e3400000, 0x00000000e3400000| Untracked 
|  53|0x00000000e3500000, 0x00000000e3500000, 0x00000000e3600000|  0%| F|  |TAMS 0x00000000e3500000, 0x00000000e3500000| Untracked 
|  54|0x00000000e3600000, 0x00000000e3600000, 0x00000000e3700000|  0%| F|  |TAMS 0x00000000e3600000, 0x00000000e3600000| Untracked 
|  55|0x00000000e3700000, 0x00000000e3700000, 0x00000000e3800000|  0%| F|  |TAMS 0x00000000e3700000, 0x00000000e3700000| Untracked 
|  56|0x00000000e3800000, 0x00000000e3800000, 0x00000000e3900000|  0%| F|  |TAMS 0x00000000e3800000, 0x00000000e3800000| Untracked 
|  57|0x00000000e3900000, 0x00000000e3900000, 0x00000000e3a00000|  0%| F|  |TAMS 0x00000000e3900000, 0x00000000e3900000| Untracked 
|  58|0x00000000e3a00000, 0x00000000e3a00000, 0x00000000e3b00000|  0%| F|  |TAMS 0x00000000e3a00000, 0x00000000e3a00000| Untracked 
|  59|0x00000000e3b00000, 0x00000000e3b00000, 0x00000000e3c00000|  0%| F|  |TAMS 0x00000000e3b00000, 0x00000000e3b00000| Untracked 
|  60|0x00000000e3c00000, 0x00000000e3c00000, 0x00000000e3d00000|  0%| F|  |TAMS 0x00000000e3c00000, 0x00000000e3c00000| Untracked 
|  61|0x00000000e3d00000, 0x00000000e3d00000, 0x00000000e3e00000|  0%| F|  |TAMS 0x00000000e3d00000, 0x00000000e3d00000| Untracked 
|  62|0x00000000e3e00000, 0x00000000e3e00000, 0x00000000e3f00000|  0%| F|  |TAMS 0x00000000e3e00000, 0x00000000e3e00000| Untracked 
|  63|0x00000000e3f00000, 0x00000000e3f00000, 0x00000000e4000000|  0%| F|  |TAMS 0x00000000e3f00000, 0x00000000e3f00000| Untracked 
|  64|0x00000000e4000000, 0x00000000e4000000, 0x00000000e4100000|  0%| F|  |TAMS 0x00000000e4000000, 0x00000000e4000000| Untracked 
|  65|0x00000000e4100000, 0x00000000e4100000, 0x00000000e4200000|  0%| F|  |TAMS 0x00000000e4100000, 0x00000000e4100000| Untracked 
|  66|0x00000000e4200000, 0x00000000e4200000, 0x00000000e4300000|  0%| F|  |TAMS 0x00000000e4200000, 0x00000000e4200000| Untracked 
|  67|0x00000000e4300000, 0x00000000e4300000, 0x00000000e4400000|  0%| F|  |TAMS 0x00000000e4300000, 0x00000000e4300000| Untracked 
|  68|0x00000000e4400000, 0x00000000e4400000, 0x00000000e4500000|  0%| F|  |TAMS 0x00000000e4400000, 0x00000000e4400000| Untracked 
|  69|0x00000000e4500000, 0x00000000e4500000, 0x00000000e4600000|  0%| F|  |TAMS 0x00000000e4500000, 0x00000000e4500000| Untracked 
|  70|0x00000000e4600000, 0x00000000e4600000, 0x00000000e4700000|  0%| F|  |TAMS 0x00000000e4600000, 0x00000000e4600000| Untracked 
|  71|0x00000000e4700000, 0x00000000e4700000, 0x00000000e4800000|  0%| F|  |TAMS 0x00000000e4700000, 0x00000000e4700000| Untracked 
|  72|0x00000000e4800000, 0x00000000e4800000, 0x00000000e4900000|  0%| F|  |TAMS 0x00000000e4800000, 0x00000000e4800000| Untracked 
|  73|0x00000000e4900000, 0x00000000e4900000, 0x00000000e4a00000|  0%| F|  |TAMS 0x00000000e4900000, 0x00000000e4900000| Untracked 
|  74|0x00000000e4a00000, 0x00000000e4a00000, 0x00000000e4b00000|  0%| F|  |TAMS 0x00000000e4a00000, 0x00000000e4a00000| Untracked 
|  75|0x00000000e4b00000, 0x00000000e4b00000, 0x00000000e4c00000|  0%| F|  |TAMS 0x00000000e4b00000, 0x00000000e4b00000| Untracked 
|  76|0x00000000e4c00000, 0x00000000e4c00000, 0x00000000e4d00000|  0%| F|  |TAMS 0x00000000e4c00000, 0x00000000e4c00000| Untracked 
|  77|0x00000000e4d00000, 0x00000000e4d00000, 0x00000000e4e00000|  0%| F|  |TAMS 0x00000000e4d00000, 0x00000000e4d00000| Untracked 
|  78|0x00000000e4e00000, 0x00000000e4e00000, 0x00000000e4f00000|  0%| F|  |TAMS 0x00000000e4e00000, 0x00000000e4e00000| Untracked 
|  79|0x00000000e4f00000, 0x00000000e4f00000, 0x00000000e5000000|  0%| F|  |TAMS 0x00000000e4f00000, 0x00000000e4f00000| Untracked 
|  80|0x00000000e5000000, 0x00000000e5000000, 0x00000000e5100000|  0%| F|  |TAMS 0x00000000e5000000, 0x00000000e5000000| Untracked 
|  81|0x00000000e5100000, 0x00000000e5100000, 0x00000000e5200000|  0%| F|  |TAMS 0x00000000e5100000, 0x00000000e5100000| Untracked 
|  82|0x00000000e5200000, 0x00000000e5200000, 0x00000000e5300000|  0%| F|  |TAMS 0x00000000e5200000, 0x00000000e5200000| Untracked 
|  83|0x00000000e5300000, 0x00000000e5300000, 0x00000000e5400000|  0%| F|  |TAMS 0x00000000e5300000, 0x00000000e5300000| Untracked 
|  84|0x00000000e5400000, 0x00000000e5400000, 0x00000000e5500000|  0%| F|  |TAMS 0x00000000e5400000, 0x00000000e5400000| Untracked 
|  85|0x00000000e5500000, 0x00000000e5500000, 0x00000000e5600000|  0%| F|  |TAMS 0x00000000e5500000, 0x00000000e5500000| Untracked 
|  86|0x00000000e5600000, 0x00000000e5600000, 0x00000000e5700000|  0%| F|  |TAMS 0x00000000e5600000, 0x00000000e5600000| Untracked 
|  87|0x00000000e5700000, 0x00000000e5700000, 0x00000000e5800000|  0%| F|  |TAMS 0x00000000e5700000, 0x00000000e5700000| Untracked 
|  88|0x00000000e5800000, 0x00000000e5800000, 0x00000000e5900000|  0%| F|  |TAMS 0x00000000e5800000, 0x00000000e5800000| Untracked 
|  89|0x00000000e5900000, 0x00000000e5900000, 0x00000000e5a00000|  0%| F|  |TAMS 0x00000000e5900000, 0x00000000e5900000| Untracked 
|  90|0x00000000e5a00000, 0x00000000e5a00000, 0x00000000e5b00000|  0%| F|  |TAMS 0x00000000e5a00000, 0x00000000e5a00000| Untracked 
|  91|0x00000000e5b00000, 0x00000000e5b00000, 0x00000000e5c00000|  0%| F|  |TAMS 0x00000000e5b00000, 0x00000000e5b00000| Untracked 
|  92|0x00000000e5c00000, 0x00000000e5c00000, 0x00000000e5d00000|  0%| F|  |TAMS 0x00000000e5c00000, 0x00000000e5c00000| Untracked 
|  93|0x00000000e5d00000, 0x00000000e5d00000, 0x00000000e5e00000|  0%| F|  |TAMS 0x00000000e5d00000, 0x00000000e5d00000| Untracked 
|  94|0x00000000e5e00000, 0x00000000e5e00000, 0x00000000e5f00000|  0%| F|  |TAMS 0x00000000e5e00000, 0x00000000e5e00000| Untracked 
|  95|0x00000000e5f00000, 0x00000000e5f00000, 0x00000000e6000000|  0%| F|  |TAMS 0x00000000e5f00000, 0x00000000e5f00000| Untracked 
|  96|0x00000000e6000000, 0x00000000e6000000, 0x00000000e6100000|  0%| F|  |TAMS 0x00000000e6000000, 0x00000000e6000000| Untracked 
|  97|0x00000000e6100000, 0x00000000e6100000, 0x00000000e6200000|  0%| F|  |TAMS 0x00000000e6100000, 0x00000000e6100000| Untracked 
|  98|0x00000000e6200000, 0x00000000e6200000, 0x00000000e6300000|  0%| F|  |TAMS 0x00000000e6200000, 0x00000000e6200000| Untracked 
|  99|0x00000000e6300000, 0x00000000e6300000, 0x00000000e6400000|  0%| F|  |TAMS 0x00000000e6300000, 0x00000000e6300000| Untracked 
| 100|0x00000000e6400000, 0x00000000e6400000, 0x00000000e6500000|  0%| F|  |TAMS 0x00000000e6400000, 0x00000000e6400000| Untracked 
| 101|0x00000000e6500000, 0x00000000e6500000, 0x00000000e6600000|  0%| F|  |TAMS 0x00000000e6500000, 0x00000000e6500000| Untracked 
| 102|0x00000000e6600000, 0x00000000e6600000, 0x00000000e6700000|  0%| F|  |TAMS 0x00000000e6600000, 0x00000000e6600000| Untracked 
| 103|0x00000000e6700000, 0x00000000e6700000, 0x00000000e6800000|  0%| F|  |TAMS 0x00000000e6700000, 0x00000000e6700000| Untracked 
| 104|0x00000000e6800000, 0x00000000e6800000, 0x00000000e6900000|  0%| F|  |TAMS 0x00000000e6800000, 0x00000000e6800000| Untracked 
| 105|0x00000000e6900000, 0x00000000e6900000, 0x00000000e6a00000|  0%| F|  |TAMS 0x00000000e6900000, 0x00000000e6900000| Untracked 
| 106|0x00000000e6a00000, 0x00000000e6a00000, 0x00000000e6b00000|  0%| F|  |TAMS 0x00000000e6a00000, 0x00000000e6a00000| Untracked 
| 107|0x00000000e6b00000, 0x00000000e6b00000, 0x00000000e6c00000|  0%| F|  |TAMS 0x00000000e6b00000, 0x00000000e6b00000| Untracked 
| 108|0x00000000e6c00000, 0x00000000e6c00000, 0x00000000e6d00000|  0%| F|  |TAMS 0x00000000e6c00000, 0x00000000e6c00000| Untracked 
| 109|0x00000000e6d00000, 0x00000000e6d00000, 0x00000000e6e00000|  0%| F|  |TAMS 0x00000000e6d00000, 0x00000000e6d00000| Untracked 
| 110|0x00000000e6e00000, 0x00000000e6e00000, 0x00000000e6f00000|  0%| F|  |TAMS 0x00000000e6e00000, 0x00000000e6e00000| Untracked 
| 111|0x00000000e6f00000, 0x00000000e6f00000, 0x00000000e7000000|  0%| F|  |TAMS 0x00000000e6f00000, 0x00000000e6f00000| Untracked 
| 112|0x00000000e7000000, 0x00000000e7000000, 0x00000000e7100000|  0%| F|  |TAMS 0x00000000e7000000, 0x00000000e7000000| Untracked 
| 113|0x00000000e7100000, 0x00000000e7100000, 0x00000000e7200000|  0%| F|  |TAMS 0x00000000e7100000, 0x00000000e7100000| Untracked 
| 114|0x00000000e7200000, 0x00000000e7200000, 0x00000000e7300000|  0%| F|  |TAMS 0x00000000e7200000, 0x00000000e7200000| Untracked 
| 115|0x00000000e7300000, 0x00000000e7300000, 0x00000000e7400000|  0%| F|  |TAMS 0x00000000e7300000, 0x00000000e7300000| Untracked 
| 116|0x00000000e7400000, 0x00000000e7400000, 0x00000000e7500000|  0%| F|  |TAMS 0x00000000e7400000, 0x00000000e7400000| Untracked 
| 117|0x00000000e7500000, 0x00000000e7500000, 0x00000000e7600000|  0%| F|  |TAMS 0x00000000e7500000, 0x00000000e7500000| Untracked 
| 118|0x00000000e7600000, 0x00000000e7600000, 0x00000000e7700000|  0%| F|  |TAMS 0x00000000e7600000, 0x00000000e7600000| Untracked 
| 119|0x00000000e7700000, 0x00000000e7700000, 0x00000000e7800000|  0%| F|  |TAMS 0x00000000e7700000, 0x00000000e7700000| Untracked 
| 120|0x00000000e7800000, 0x00000000e7800000, 0x00000000e7900000|  0%| F|  |TAMS 0x00000000e7800000, 0x00000000e7800000| Untracked 
| 121|0x00000000e7900000, 0x00000000e7900000, 0x00000000e7a00000|  0%| F|  |TAMS 0x00000000e7900000, 0x00000000e7900000| Untracked 
| 122|0x00000000e7a00000, 0x00000000e7a00000, 0x00000000e7b00000|  0%| F|  |TAMS 0x00000000e7a00000, 0x00000000e7a00000| Untracked 
| 123|0x00000000e7b00000, 0x00000000e7b00000, 0x00000000e7c00000|  0%| F|  |TAMS 0x00000000e7b00000, 0x00000000e7b00000| Untracked 
| 124|0x00000000e7c00000, 0x00000000e7c00000, 0x00000000e7d00000|  0%| F|  |TAMS 0x00000000e7c00000, 0x00000000e7c00000| Untracked 
| 125|0x00000000e7d00000, 0x00000000e7d00000, 0x00000000e7e00000|  0%| F|  |TAMS 0x00000000e7d00000, 0x00000000e7d00000| Untracked 
| 126|0x00000000e7e00000, 0x00000000e7e00000, 0x00000000e7f00000|  0%| F|  |TAMS 0x00000000e7e00000, 0x00000000e7e00000| Untracked 
| 127|0x00000000e7f00000, 0x00000000e7f00000, 0x00000000e8000000|  0%| F|  |TAMS 0x00000000e7f00000, 0x00000000e7f00000| Untracked 
| 128|0x00000000e8000000, 0x00000000e8000000, 0x00000000e8100000|  0%| F|  |TAMS 0x00000000e8000000, 0x00000000e8000000| Untracked 
| 129|0x00000000e8100000, 0x00000000e8100000, 0x00000000e8200000|  0%| F|  |TAMS 0x00000000e8100000, 0x00000000e8100000| Untracked 
| 130|0x00000000e8200000, 0x00000000e8200000, 0x00000000e8300000|  0%| F|  |TAMS 0x00000000e8200000, 0x00000000e8200000| Untracked 
| 131|0x00000000e8300000, 0x00000000e8300000, 0x00000000e8400000|  0%| F|  |TAMS 0x00000000e8300000, 0x00000000e8300000| Untracked 
| 132|0x00000000e8400000, 0x00000000e8400000, 0x00000000e8500000|  0%| F|  |TAMS 0x00000000e8400000, 0x00000000e8400000| Untracked 
| 133|0x00000000e8500000, 0x00000000e8500000, 0x00000000e8600000|  0%| F|  |TAMS 0x00000000e8500000, 0x00000000e8500000| Untracked 
| 134|0x00000000e8600000, 0x00000000e8600000, 0x00000000e8700000|  0%| F|  |TAMS 0x00000000e8600000, 0x00000000e8600000| Untracked 
| 135|0x00000000e8700000, 0x00000000e8700000, 0x00000000e8800000|  0%| F|  |TAMS 0x00000000e8700000, 0x00000000e8700000| Untracked 
| 136|0x00000000e8800000, 0x00000000e8800000, 0x00000000e8900000|  0%| F|  |TAMS 0x00000000e8800000, 0x00000000e8800000| Untracked 
| 137|0x00000000e8900000, 0x00000000e8900000, 0x00000000e8a00000|  0%| F|  |TAMS 0x00000000e8900000, 0x00000000e8900000| Untracked 
| 138|0x00000000e8a00000, 0x00000000e8a00000, 0x00000000e8b00000|  0%| F|  |TAMS 0x00000000e8a00000, 0x00000000e8a00000| Untracked 
| 139|0x00000000e8b00000, 0x00000000e8b00000, 0x00000000e8c00000|  0%| F|  |TAMS 0x00000000e8b00000, 0x00000000e8b00000| Untracked 
| 140|0x00000000e8c00000, 0x00000000e8c00000, 0x00000000e8d00000|  0%| F|  |TAMS 0x00000000e8c00000, 0x00000000e8c00000| Untracked 
| 141|0x00000000e8d00000, 0x00000000e8d00000, 0x00000000e8e00000|  0%| F|  |TAMS 0x00000000e8d00000, 0x00000000e8d00000| Untracked 
| 142|0x00000000e8e00000, 0x00000000e8e00000, 0x00000000e8f00000|  0%| F|  |TAMS 0x00000000e8e00000, 0x00000000e8e00000| Untracked 
| 143|0x00000000e8f00000, 0x00000000e8f00000, 0x00000000e9000000|  0%| F|  |TAMS 0x00000000e8f00000, 0x00000000e8f00000| Untracked 
| 144|0x00000000e9000000, 0x00000000e9000000, 0x00000000e9100000|  0%| F|  |TAMS 0x00000000e9000000, 0x00000000e9000000| Untracked 
| 145|0x00000000e9100000, 0x00000000e9100000, 0x00000000e9200000|  0%| F|  |TAMS 0x00000000e9100000, 0x00000000e9100000| Untracked 
| 146|0x00000000e9200000, 0x00000000e9200000, 0x00000000e9300000|  0%| F|  |TAMS 0x00000000e9200000, 0x00000000e9200000| Untracked 
| 147|0x00000000e9300000, 0x00000000e9300000, 0x00000000e9400000|  0%| F|  |TAMS 0x00000000e9300000, 0x00000000e9300000| Untracked 
| 148|0x00000000e9400000, 0x00000000e9400000, 0x00000000e9500000|  0%| F|  |TAMS 0x00000000e9400000, 0x00000000e9400000| Untracked 
| 149|0x00000000e9500000, 0x00000000e9500000, 0x00000000e9600000|  0%| F|  |TAMS 0x00000000e9500000, 0x00000000e9500000| Untracked 
| 150|0x00000000e9600000, 0x00000000e9600000, 0x00000000e9700000|  0%| F|  |TAMS 0x00000000e9600000, 0x00000000e9600000| Untracked 
| 151|0x00000000e9700000, 0x00000000e9700000, 0x00000000e9800000|  0%| F|  |TAMS 0x00000000e9700000, 0x00000000e9700000| Untracked 
| 152|0x00000000e9800000, 0x00000000e9800000, 0x00000000e9900000|  0%| F|  |TAMS 0x00000000e9800000, 0x00000000e9800000| Untracked 
| 153|0x00000000e9900000, 0x00000000e9900000, 0x00000000e9a00000|  0%| F|  |TAMS 0x00000000e9900000, 0x00000000e9900000| Untracked 
| 154|0x00000000e9a00000, 0x00000000e9a00000, 0x00000000e9b00000|  0%| F|  |TAMS 0x00000000e9a00000, 0x00000000e9a00000| Untracked 
| 155|0x00000000e9b00000, 0x00000000e9b00000, 0x00000000e9c00000|  0%| F|  |TAMS 0x00000000e9b00000, 0x00000000e9b00000| Untracked 
| 156|0x00000000e9c00000, 0x00000000e9c00000, 0x00000000e9d00000|  0%| F|  |TAMS 0x00000000e9c00000, 0x00000000e9c00000| Untracked 
| 157|0x00000000e9d00000, 0x00000000e9d00000, 0x00000000e9e00000|  0%| F|  |TAMS 0x00000000e9d00000, 0x00000000e9d00000| Untracked 
| 158|0x00000000e9e00000, 0x00000000e9e00000, 0x00000000e9f00000|  0%| F|  |TAMS 0x00000000e9e00000, 0x00000000e9e00000| Untracked 
| 159|0x00000000e9f00000, 0x00000000e9f00000, 0x00000000ea000000|  0%| F|  |TAMS 0x00000000e9f00000, 0x00000000e9f00000| Untracked 
| 160|0x00000000ea000000, 0x00000000ea000000, 0x00000000ea100000|  0%| F|  |TAMS 0x00000000ea000000, 0x00000000ea000000| Untracked 
| 161|0x00000000ea100000, 0x00000000ea100000, 0x00000000ea200000|  0%| F|  |TAMS 0x00000000ea100000, 0x00000000ea100000| Untracked 
| 162|0x00000000ea200000, 0x00000000ea200000, 0x00000000ea300000|  0%| F|  |TAMS 0x00000000ea200000, 0x00000000ea200000| Untracked 
| 163|0x00000000ea300000, 0x00000000ea300000, 0x00000000ea400000|  0%| F|  |TAMS 0x00000000ea300000, 0x00000000ea300000| Untracked 
| 164|0x00000000ea400000, 0x00000000ea400000, 0x00000000ea500000|  0%| F|  |TAMS 0x00000000ea400000, 0x00000000ea400000| Untracked 
| 165|0x00000000ea500000, 0x00000000ea500000, 0x00000000ea600000|  0%| F|  |TAMS 0x00000000ea500000, 0x00000000ea500000| Untracked 
| 166|0x00000000ea600000, 0x00000000ea600000, 0x00000000ea700000|  0%| F|  |TAMS 0x00000000ea600000, 0x00000000ea600000| Untracked 
| 167|0x00000000ea700000, 0x00000000ea700000, 0x00000000ea800000|  0%| F|  |TAMS 0x00000000ea700000, 0x00000000ea700000| Untracked 
| 168|0x00000000ea800000, 0x00000000ea800000, 0x00000000ea900000|  0%| F|  |TAMS 0x00000000ea800000, 0x00000000ea800000| Untracked 
| 169|0x00000000ea900000, 0x00000000ea900000, 0x00000000eaa00000|  0%| F|  |TAMS 0x00000000ea900000, 0x00000000ea900000| Untracked 
| 170|0x00000000eaa00000, 0x00000000eaa00000, 0x00000000eab00000|  0%| F|  |TAMS 0x00000000eaa00000, 0x00000000eaa00000| Untracked 
| 171|0x00000000eab00000, 0x00000000eab00000, 0x00000000eac00000|  0%| F|  |TAMS 0x00000000eab00000, 0x00000000eab00000| Untracked 
| 172|0x00000000eac00000, 0x00000000eac00000, 0x00000000ead00000|  0%| F|  |TAMS 0x00000000eac00000, 0x00000000eac00000| Untracked 
| 173|0x00000000ead00000, 0x00000000ead00000, 0x00000000eae00000|  0%| F|  |TAMS 0x00000000ead00000, 0x00000000ead00000| Untracked 
| 174|0x00000000eae00000, 0x00000000eae00000, 0x00000000eaf00000|  0%| F|  |TAMS 0x00000000eae00000, 0x00000000eae00000| Untracked 
| 175|0x00000000eaf00000, 0x00000000eaf00000, 0x00000000eb000000|  0%| F|  |TAMS 0x00000000eaf00000, 0x00000000eaf00000| Untracked 
| 176|0x00000000eb000000, 0x00000000eb100000, 0x00000000eb100000|100%| E|  |TAMS 0x00000000eb000000, 0x00000000eb000000| Complete 
| 177|0x00000000eb100000, 0x00000000eb200000, 0x00000000eb200000|100%| E|CS|TAMS 0x00000000eb100000, 0x00000000eb100000| Complete 
| 178|0x00000000eb200000, 0x00000000eb300000, 0x00000000eb300000|100%| E|CS|TAMS 0x00000000eb200000, 0x00000000eb200000| Complete 
| 179|0x00000000eb300000, 0x00000000eb400000, 0x00000000eb400000|100%| E|CS|TAMS 0x00000000eb300000, 0x00000000eb300000| Complete 
| 180|0x00000000eb400000, 0x00000000eb500000, 0x00000000eb500000|100%| E|CS|TAMS 0x00000000eb400000, 0x00000000eb400000| Complete 
| 181|0x00000000eb500000, 0x00000000eb600000, 0x00000000eb600000|100%| E|CS|TAMS 0x00000000eb500000, 0x00000000eb500000| Complete 
| 182|0x00000000eb600000, 0x00000000eb700000, 0x00000000eb700000|100%| E|CS|TAMS 0x00000000eb600000, 0x00000000eb600000| Complete 
| 183|0x00000000eb700000, 0x00000000eb800000, 0x00000000eb800000|100%| E|CS|TAMS 0x00000000eb700000, 0x00000000eb700000| Complete 
| 184|0x00000000eb800000, 0x00000000eb900000, 0x00000000eb900000|100%| E|CS|TAMS 0x00000000eb800000, 0x00000000eb800000| Complete 
| 185|0x00000000eb900000, 0x00000000eba00000, 0x00000000eba00000|100%| E|CS|TAMS 0x00000000eb900000, 0x00000000eb900000| Complete 
| 186|0x00000000eba00000, 0x00000000ebb00000, 0x00000000ebb00000|100%| E|CS|TAMS 0x00000000eba00000, 0x00000000eba00000| Complete 
| 187|0x00000000ebb00000, 0x00000000ebc00000, 0x00000000ebc00000|100%| E|CS|TAMS 0x00000000ebb00000, 0x00000000ebb00000| Complete 
| 188|0x00000000ebc00000, 0x00000000ebd00000, 0x00000000ebd00000|100%| E|CS|TAMS 0x00000000ebc00000, 0x00000000ebc00000| Complete 
| 189|0x00000000ebd00000, 0x00000000ebe00000, 0x00000000ebe00000|100%| E|CS|TAMS 0x00000000ebd00000, 0x00000000ebd00000| Complete 
| 190|0x00000000ebe00000, 0x00000000ebf00000, 0x00000000ebf00000|100%| E|CS|TAMS 0x00000000ebe00000, 0x00000000ebe00000| Complete 
| 191|0x00000000ebf00000, 0x00000000ec000000, 0x00000000ec000000|100%| E|CS|TAMS 0x00000000ebf00000, 0x00000000ebf00000| Complete 
| 192|0x00000000ec000000, 0x00000000ec100000, 0x00000000ec100000|100%| E|CS|TAMS 0x00000000ec000000, 0x00000000ec000000| Complete 
| 193|0x00000000ec100000, 0x00000000ec200000, 0x00000000ec200000|100%| E|CS|TAMS 0x00000000ec100000, 0x00000000ec100000| Complete 
| 194|0x00000000ec200000, 0x00000000ec300000, 0x00000000ec300000|100%| E|CS|TAMS 0x00000000ec200000, 0x00000000ec200000| Complete 
| 195|0x00000000ec300000, 0x00000000ec400000, 0x00000000ec400000|100%| E|CS|TAMS 0x00000000ec300000, 0x00000000ec300000| Complete 
| 196|0x00000000ec400000, 0x00000000ec500000, 0x00000000ec500000|100%| E|CS|TAMS 0x00000000ec400000, 0x00000000ec400000| Complete 
| 197|0x00000000ec500000, 0x00000000ec600000, 0x00000000ec600000|100%| E|CS|TAMS 0x00000000ec500000, 0x00000000ec500000| Complete 
| 198|0x00000000ec600000, 0x00000000ec700000, 0x00000000ec700000|100%| E|CS|TAMS 0x00000000ec600000, 0x00000000ec600000| Complete 
| 199|0x00000000ec700000, 0x00000000ec800000, 0x00000000ec800000|100%| E|CS|TAMS 0x00000000ec700000, 0x00000000ec700000| Complete 
| 200|0x00000000ec800000, 0x00000000ec900000, 0x00000000ec900000|100%| E|CS|TAMS 0x00000000ec800000, 0x00000000ec800000| Complete 
| 201|0x00000000ec900000, 0x00000000eca00000, 0x00000000eca00000|100%| E|CS|TAMS 0x00000000ec900000, 0x00000000ec900000| Complete 
| 202|0x00000000eca00000, 0x00000000ecb00000, 0x00000000ecb00000|100%| E|CS|TAMS 0x00000000eca00000, 0x00000000eca00000| Complete 
| 203|0x00000000ecb00000, 0x00000000ecc00000, 0x00000000ecc00000|100%| E|CS|TAMS 0x00000000ecb00000, 0x00000000ecb00000| Complete 
| 204|0x00000000ecc00000, 0x00000000ecd00000, 0x00000000ecd00000|100%| E|CS|TAMS 0x00000000ecc00000, 0x00000000ecc00000| Complete 
| 205|0x00000000ecd00000, 0x00000000ece00000, 0x00000000ece00000|100%| E|CS|TAMS 0x00000000ecd00000, 0x00000000ecd00000| Complete 
| 206|0x00000000ece00000, 0x00000000ecf00000, 0x00000000ecf00000|100%| E|CS|TAMS 0x00000000ece00000, 0x00000000ece00000| Complete 
| 207|0x00000000ecf00000, 0x00000000ed000000, 0x00000000ed000000|100%| E|CS|TAMS 0x00000000ecf00000, 0x00000000ecf00000| Complete 
| 208|0x00000000ed000000, 0x00000000ed100000, 0x00000000ed100000|100%| E|CS|TAMS 0x00000000ed000000, 0x00000000ed000000| Complete 
| 209|0x00000000ed100000, 0x00000000ed200000, 0x00000000ed200000|100%| E|CS|TAMS 0x00000000ed100000, 0x00000000ed100000| Complete 
| 210|0x00000000ed200000, 0x00000000ed300000, 0x00000000ed300000|100%| E|CS|TAMS 0x00000000ed200000, 0x00000000ed200000| Complete 
| 211|0x00000000ed300000, 0x00000000ed400000, 0x00000000ed400000|100%| E|CS|TAMS 0x00000000ed300000, 0x00000000ed300000| Complete 
| 212|0x00000000ed400000, 0x00000000ed500000, 0x00000000ed500000|100%| E|CS|TAMS 0x00000000ed400000, 0x00000000ed400000| Complete 
| 213|0x00000000ed500000, 0x00000000ed600000, 0x00000000ed600000|100%| E|CS|TAMS 0x00000000ed500000, 0x00000000ed500000| Complete 
| 214|0x00000000ed600000, 0x00000000ed700000, 0x00000000ed700000|100%| E|CS|TAMS 0x00000000ed600000, 0x00000000ed600000| Complete 
| 215|0x00000000ed700000, 0x00000000ed800000, 0x00000000ed800000|100%| E|CS|TAMS 0x00000000ed700000, 0x00000000ed700000| Complete 
| 216|0x00000000ed800000, 0x00000000ed900000, 0x00000000ed900000|100%| E|CS|TAMS 0x00000000ed800000, 0x00000000ed800000| Complete 
| 217|0x00000000ed900000, 0x00000000eda00000, 0x00000000eda00000|100%| E|CS|TAMS 0x00000000ed900000, 0x00000000ed900000| Complete 
| 218|0x00000000eda00000, 0x00000000edb00000, 0x00000000edb00000|100%| E|CS|TAMS 0x00000000eda00000, 0x00000000eda00000| Complete 
| 219|0x00000000edb00000, 0x00000000edc00000, 0x00000000edc00000|100%| E|CS|TAMS 0x00000000edb00000, 0x00000000edb00000| Complete 
| 220|0x00000000edc00000, 0x00000000edd00000, 0x00000000edd00000|100%| E|CS|TAMS 0x00000000edc00000, 0x00000000edc00000| Complete 
| 221|0x00000000edd00000, 0x00000000ede00000, 0x00000000ede00000|100%| E|CS|TAMS 0x00000000edd00000, 0x00000000edd00000| Complete 
| 222|0x00000000ede00000, 0x00000000edf00000, 0x00000000edf00000|100%| E|CS|TAMS 0x00000000ede00000, 0x00000000ede00000| Complete 
| 223|0x00000000edf00000, 0x00000000ee000000, 0x00000000ee000000|100%| E|CS|TAMS 0x00000000edf00000, 0x00000000edf00000| Complete 
| 224|0x00000000ee000000, 0x00000000ee01d790, 0x00000000ee100000| 11%| S|CS|TAMS 0x00000000ee000000, 0x00000000ee000000| Complete 
| 225|0x00000000ee100000, 0x00000000ee200000, 0x00000000ee200000|100%| S|CS|TAMS 0x00000000ee100000, 0x00000000ee100000| Complete 
| 226|0x00000000ee200000, 0x00000000ee300000, 0x00000000ee300000|100%| E|CS|TAMS 0x00000000ee200000, 0x00000000ee200000| Complete 
| 227|0x00000000ee300000, 0x00000000ee400000, 0x00000000ee400000|100%| E|CS|TAMS 0x00000000ee300000, 0x00000000ee300000| Complete 
| 228|0x00000000ee400000, 0x00000000ee500000, 0x00000000ee500000|100%| E|CS|TAMS 0x00000000ee400000, 0x00000000ee400000| Complete 
| 229|0x00000000ee500000, 0x00000000ee600000, 0x00000000ee600000|100%| E|CS|TAMS 0x00000000ee500000, 0x00000000ee500000| Complete 
| 230|0x00000000ee600000, 0x00000000ee700000, 0x00000000ee700000|100%| E|CS|TAMS 0x00000000ee600000, 0x00000000ee600000| Complete 
| 231|0x00000000ee700000, 0x00000000ee800000, 0x00000000ee800000|100%| E|CS|TAMS 0x00000000ee700000, 0x00000000ee700000| Complete 
| 232|0x00000000ee800000, 0x00000000ee900000, 0x00000000ee900000|100%| E|CS|TAMS 0x00000000ee800000, 0x00000000ee800000| Complete 
| 233|0x00000000ee900000, 0x00000000eea00000, 0x00000000eea00000|100%| E|CS|TAMS 0x00000000ee900000, 0x00000000ee900000| Complete 
| 234|0x00000000eea00000, 0x00000000eeb00000, 0x00000000eeb00000|100%| E|CS|TAMS 0x00000000eea00000, 0x00000000eea00000| Complete 
| 235|0x00000000eeb00000, 0x00000000eec00000, 0x00000000eec00000|100%| E|CS|TAMS 0x00000000eeb00000, 0x00000000eeb00000| Complete 
| 236|0x00000000eec00000, 0x00000000eed00000, 0x00000000eed00000|100%| E|CS|TAMS 0x00000000eec00000, 0x00000000eec00000| Complete 
| 237|0x00000000eed00000, 0x00000000eee00000, 0x00000000eee00000|100%| E|CS|TAMS 0x00000000eed00000, 0x00000000eed00000| Complete 
| 238|0x00000000eee00000, 0x00000000eef00000, 0x00000000eef00000|100%| E|CS|TAMS 0x00000000eee00000, 0x00000000eee00000| Complete 
| 239|0x00000000eef00000, 0x00000000ef000000, 0x00000000ef000000|100%| E|CS|TAMS 0x00000000eef00000, 0x00000000eef00000| Complete 
| 240|0x00000000ef000000, 0x00000000ef100000, 0x00000000ef100000|100%| E|CS|TAMS 0x00000000ef000000, 0x00000000ef000000| Complete 
| 241|0x00000000ef100000, 0x00000000ef200000, 0x00000000ef200000|100%| E|CS|TAMS 0x00000000ef100000, 0x00000000ef100000| Complete 
| 242|0x00000000ef200000, 0x00000000ef300000, 0x00000000ef300000|100%| E|CS|TAMS 0x00000000ef200000, 0x00000000ef200000| Complete 
| 243|0x00000000ef300000, 0x00000000ef400000, 0x00000000ef400000|100%| E|CS|TAMS 0x00000000ef300000, 0x00000000ef300000| Complete 
| 244|0x00000000ef400000, 0x00000000ef500000, 0x00000000ef500000|100%| E|CS|TAMS 0x00000000ef400000, 0x00000000ef400000| Complete 
| 245|0x00000000ef500000, 0x00000000ef600000, 0x00000000ef600000|100%| E|CS|TAMS 0x00000000ef500000, 0x00000000ef500000| Complete 
| 246|0x00000000ef600000, 0x00000000ef700000, 0x00000000ef700000|100%| E|CS|TAMS 0x00000000ef600000, 0x00000000ef600000| Complete 
| 247|0x00000000ef700000, 0x00000000ef800000, 0x00000000ef800000|100%| E|CS|TAMS 0x00000000ef700000, 0x00000000ef700000| Complete 
| 248|0x00000000ef800000, 0x00000000ef900000, 0x00000000ef900000|100%| E|CS|TAMS 0x00000000ef800000, 0x00000000ef800000| Complete 
| 249|0x00000000ef900000, 0x00000000efa00000, 0x00000000efa00000|100%| E|CS|TAMS 0x00000000ef900000, 0x00000000ef900000| Complete 
| 250|0x00000000efa00000, 0x00000000efb00000, 0x00000000efb00000|100%| E|CS|TAMS 0x00000000efa00000, 0x00000000efa00000| Complete 
| 251|0x00000000efb00000, 0x00000000efc00000, 0x00000000efc00000|100%| E|CS|TAMS 0x00000000efb00000, 0x00000000efb00000| Complete 
| 252|0x00000000efc00000, 0x00000000efd00000, 0x00000000efd00000|100%| E|CS|TAMS 0x00000000efc00000, 0x00000000efc00000| Complete 
| 253|0x00000000efd00000, 0x00000000efe00000, 0x00000000efe00000|100%| E|CS|TAMS 0x00000000efd00000, 0x00000000efd00000| Complete 
| 254|0x00000000efe00000, 0x00000000eff00000, 0x00000000eff00000|100%| E|CS|TAMS 0x00000000efe00000, 0x00000000efe00000| Complete 
| 255|0x00000000eff00000, 0x00000000f0000000, 0x00000000f0000000|100%| E|CS|TAMS 0x00000000eff00000, 0x00000000eff00000| Complete 

Card table byte_map: [0x0000017029660000,0x0000017029760000] _byte_map_base: 0x0000017028f60000

Marking Bits (Prev, Next): (CMBitMap*) 0x000001701027b4d0, (CMBitMap*) 0x000001701027b510
 Prev Bits: [0x0000017029860000, 0x000001702a060000)
 Next Bits: [0x000001702a060000, 0x000001702a860000)

Polling page: 0x0000017010460000

Metaspace:

Usage:
  Non-class:     12.16 MB used.
      Class:      1.94 MB used.
       Both:     14.10 MB used.

Virtual space:
  Non-class space:       64.00 MB reserved,      12.31 MB ( 19%) committed,  1 nodes.
      Class space:      320.00 MB reserved,       2.12 MB ( <1%) committed,  1 nodes.
             Both:      384.00 MB reserved,      14.44 MB (  4%) committed. 

Chunk freelists:
   Non-Class:  3.33 MB
       Class:  13.92 MB
        Both:  17.25 MB

MaxMetaspaceSize: 384.00 MB
CompressedClassSpaceSize: 320.00 MB
Initial GC threshold: 21.00 MB
Current GC threshold: 21.00 MB
CDS: on
MetaspaceReclaimPolicy: balanced
 - commit_granule_bytes: 65536.
 - commit_granule_words: 8192.
 - virtual_space_node_default_size: 8388608.
 - enlarge_chunks_in_place: 1.
 - new_chunks_are_fully_committed: 0.
 - uncommit_free_chunks: 1.
 - use_allocation_guard: 0.
 - handle_deallocations: 1.


Internal statistics:

num_allocs_failed_limit: 0.
num_arena_births: 198.
num_arena_deaths: 0.
num_vsnodes_births: 2.
num_vsnodes_deaths: 0.
num_space_committed: 231.
num_space_uncommitted: 0.
num_chunks_returned_to_freelist: 0.
num_chunks_taken_from_freelist: 647.
num_chunk_merges: 0.
num_chunk_splits: 435.
num_chunks_enlarged: 325.
num_inconsistent_stats: 0.

CodeHeap 'non-profiled nmethods': size=120000Kb used=1194Kb max_used=1194Kb free=118805Kb
 bounds [0x0000017021ae0000, 0x0000017021d50000, 0x0000017029010000]
CodeHeap 'profiled nmethods': size=120000Kb used=4923Kb max_used=4923Kb free=115076Kb
 bounds [0x000001701a010000, 0x000001701a4e0000, 0x0000017021540000]
CodeHeap 'non-nmethods': size=5760Kb used=1220Kb max_used=1255Kb free=4539Kb
 bounds [0x0000017021540000, 0x00000170217b0000, 0x0000017021ae0000]
 total_blobs=3020 nmethods=2496 adapters=436
 compilation: enabled
              stopped_count=0, restarted_count=0
 full_count=0

Compilation events (20 events):
Event: 60.591 Thread 0x000001702d4c8a40 2494       3       java.lang.invoke.InvokerBytecodeGenerator::emitStaticInvoke (258 bytes)
Event: 60.593 Thread 0x000001702d4c8a40 nmethod 2494 0x000001701a4d6510 code [0x000001701a4d6820, 0x000001701a4d77a8]
Event: 60.593 Thread 0x000001702d4c8a40 2495       3       java.lang.invoke.InvokerBytecodeGenerator::refKindOpcode (112 bytes)
Event: 60.594 Thread 0x000001702d4c8a40 nmethod 2495 0x000001701a4d7d90 code [0x000001701a4d7fe0, 0x000001701a4d8898]
Event: 60.611 Thread 0x000001702d4c8a40 2496       3       jdk.internal.misc.Unsafe::putIntUnaligned (79 bytes)
Event: 60.611 Thread 0x000001702d4c8a40 nmethod 2496 0x000001701a4d8b10 code [0x000001701a4d8ce0, 0x000001701a4d9098]
Event: 60.708 Thread 0x000001702d4c8a40 2497       3       org.gradle.internal.time.Time::clock (4 bytes)
Event: 60.709 Thread 0x000001702d4c8a40 nmethod 2497 0x000001701a4d9190 code [0x000001701a4d9320, 0x000001701a4d9418]
Event: 60.710 Thread 0x000001702d4c8a40 2498       3       jdk.internal.misc.Unsafe::putIntUnaligned (14 bytes)
Event: 60.710 Thread 0x000001702d4c8a40 nmethod 2498 0x000001701a4d9490 code [0x000001701a4d9640, 0x000001701a4d9898]
Event: 60.711 Thread 0x000001702d4c8a40 2499       3       sun.nio.fs.WindowsPathParser::normalize (233 bytes)
Event: 60.715 Thread 0x000001702d4c8a40 nmethod 2499 0x000001701a4d9990 code [0x000001701a4d9f60, 0x000001701a4dcb88]
Event: 60.726 Thread 0x000001702d4c8a40 2500       3       java.util.UUID::<init> (15 bytes)
Event: 60.727 Thread 0x000001702d4c8a40 nmethod 2500 0x000001701a4ddc90 code [0x000001701a4dde20, 0x000001701a4ddf98]
Event: 60.727 Thread 0x000001702d4c8a40 2501       3       org.gradle.internal.remote.internal.inet.MultiChoiceAddress::<init> (27 bytes)
Event: 60.727 Thread 0x000001702d4c8a40 nmethod 2501 0x000001701a4de090 code [0x000001701a4de240, 0x000001701a4de508]
Event: 60.727 Thread 0x000001702d4c8a40 2502       3       org.gradle.launcher.daemon.server.api.DaemonStateControl$State::values (10 bytes)
Event: 60.728 Thread 0x000001702d4c8a40 nmethod 2502 0x000001701a4de610 code [0x000001701a4de7c0, 0x000001701a4dea68]
Event: 60.862 Thread 0x000001702d4c8a40 2504       3       java.nio.ByteBuffer::limit (6 bytes)
Event: 60.862 Thread 0x000001702d4c8a40 nmethod 2504 0x000001701a4deb10 code [0x000001701a4decc0, 0x000001701a4dee88]

GC Heap History (4 events):
Event: 14.825 GC heap before
{Heap before GC invocations=0 (full 0):
 garbage-first heap   total 262144K, used 26624K [0x00000000e0000000, 0x0000000100000000)
  region size 1024K, 23 young (23552K), 0 survivors (0K)
 Metaspace       used 2099K, committed 2240K, reserved 393216K
  class space    used 222K, committed 320K, reserved 327680K
}
Event: 14.937 GC heap after
{Heap after GC invocations=1 (full 0):
 garbage-first heap   total 262144K, used 11012K [0x00000000e0000000, 0x0000000100000000)
  region size 1024K, 3 young (3072K), 3 survivors (3072K)
 Metaspace       used 2099K, committed 2240K, reserved 393216K
  class space    used 222K, committed 320K, reserved 327680K
}
Event: 21.272 GC heap before
{Heap before GC invocations=1 (full 0):
 garbage-first heap   total 262144K, used 38660K [0x00000000e0000000, 0x0000000100000000)
  region size 1024K, 30 young (30720K), 3 survivors (3072K)
 Metaspace       used 4051K, committed 4224K, reserved 393216K
  class space    used 503K, committed 640K, reserved 327680K
}
Event: 21.278 GC heap after
{Heap after GC invocations=2 (full 0):
 garbage-first heap   total 262144K, used 12169K [0x00000000e0000000, 0x0000000100000000)
  region size 1024K, 2 young (2048K), 2 survivors (2048K)
 Metaspace       used 4051K, committed 4224K, reserved 393216K
  class space    used 503K, committed 640K, reserved 327680K
}

Dll operation events (15 events):
Event: 1.252 Loaded shared library C:\Users\S538108\.jdks\corretto-17.0.11\bin\java.dll
Event: 1.917 Loaded shared library C:\Users\S538108\.jdks\corretto-17.0.11\bin\jsvml.dll
Event: 3.445 Loaded shared library C:\Users\S538108\.jdks\corretto-17.0.11\bin\zip.dll
Event: 3.989 Loaded shared library C:\Users\S538108\.jdks\corretto-17.0.11\bin\instrument.dll
Event: 4.033 Loaded shared library C:\Users\S538108\.jdks\corretto-17.0.11\bin\net.dll
Event: 4.244 Loaded shared library C:\Users\S538108\.jdks\corretto-17.0.11\bin\nio.dll
Event: 4.281 Loaded shared library C:\Users\S538108\.jdks\corretto-17.0.11\bin\zip.dll
Event: 8.875 Loaded shared library C:\Users\S538108\.jdks\corretto-17.0.11\bin\jimage.dll
Event: 10.955 Loaded shared library C:\Users\S538108\.jdks\corretto-17.0.11\bin\verify.dll
Event: 15.610 Loaded shared library C:\Users\S538108\.gradle\native\c067742578af261105cb4f569cf0c3c89f3d7b1fecec35dd04571415982c5e48\windows-amd64\native-platform.dll
Event: 15.625 Loaded shared library C:\Users\S538108\.gradle\native\100fb08df4bc3b14c8652ba06237920a3bd2aa13389f12d3474272988ae205f9\windows-amd64\native-platform-file-events.dll
Event: 25.205 Loaded shared library C:\Users\S538108\.jdks\corretto-17.0.11\bin\management.dll
Event: 25.516 Loaded shared library C:\Users\S538108\.jdks\corretto-17.0.11\bin\management_ext.dll
Event: 28.108 Loaded shared library C:\Users\S538108\.jdks\corretto-17.0.11\bin\extnet.dll
Event: 31.245 Loaded shared library C:\Users\S538108\.jdks\corretto-17.0.11\bin\sunmscapi.dll

Deoptimization events (20 events):
Event: 51.226 Thread 0x00000170475935e0 DEOPT PACKING pc=0x000001701a39fe08 sp=0x0000003f097fe800
Event: 51.226 Thread 0x00000170475935e0 DEOPT UNPACKING pc=0x0000017021597143 sp=0x0000003f097fdd08 mode 0
Event: 60.349 Thread 0x000001704771e570 Uncommon trap: trap_request=0xffffff45 fr.pc=0x0000017021bb2cb8 relative=0x0000000000000038
Event: 60.349 Thread 0x000001704771e570 Uncommon trap: reason=unstable_if action=reinterpret pc=0x0000017021bb2cb8 method=jdk.internal.misc.Unsafe.convEndian(ZI)I @ 4 c2
Event: 60.349 Thread 0x000001704771e570 DEOPT PACKING pc=0x0000017021bb2cb8 sp=0x0000003f09bfb410
Event: 60.349 Thread 0x000001704771e570 DEOPT UNPACKING pc=0x00000170215969a3 sp=0x0000003f09bfb3a8 mode 2
Event: 60.392 Thread 0x000001704771e570 Uncommon trap: trap_request=0xffffff45 fr.pc=0x0000017021bb2ff4 relative=0x0000000000000074
Event: 60.392 Thread 0x000001704771e570 Uncommon trap: reason=unstable_if action=reinterpret pc=0x0000017021bb2ff4 method=jdk.internal.misc.Unsafe.convEndian(ZI)I @ 4 c2
Event: 60.392 Thread 0x000001704771e570 DEOPT PACKING pc=0x0000017021bb2ff4 sp=0x0000003f09bfb150
Event: 60.392 Thread 0x000001704771e570 DEOPT UNPACKING pc=0x00000170215969a3 sp=0x0000003f09bfb058 mode 2
Event: 60.614 Thread 0x000001704771e570 Uncommon trap: trap_request=0xffffff45 fr.pc=0x0000017021b01b10 relative=0x0000000000000a90
Event: 60.614 Thread 0x000001704771e570 Uncommon trap: reason=unstable_if action=reinterpret pc=0x0000017021b01b10 method=java.io.WinNTFileSystem.resolve(Ljava/lang/String;Ljava/lang/String;)Ljava/lang/String; @ 19 c2
Event: 60.614 Thread 0x000001704771e570 DEOPT PACKING pc=0x0000017021b01b10 sp=0x0000003f09bfb760
Event: 60.614 Thread 0x000001704771e570 DEOPT UNPACKING pc=0x00000170215969a3 sp=0x0000003f09bfb708 mode 2
Event: 60.711 Thread 0x000001704771e570 Uncommon trap: trap_request=0xffffff45 fr.pc=0x0000017021b689f8 relative=0x00000000000005b8
Event: 60.711 Thread 0x000001704771e570 Uncommon trap: reason=unstable_if action=reinterpret pc=0x0000017021b689f8 method=java.io.File.getName()Ljava/lang/String; @ 16 c2
Event: 60.711 Thread 0x000001704771e570 DEOPT PACKING pc=0x0000017021b689f8 sp=0x0000003f09bfb700
Event: 60.711 Thread 0x000001704771e570 DEOPT UNPACKING pc=0x00000170215969a3 sp=0x0000003f09bfb6d0 mode 2
Event: 60.727 Thread 0x00000170475935e0 DEOPT PACKING pc=0x000001701a39fe08 sp=0x0000003f097fe8d0
Event: 60.727 Thread 0x00000170475935e0 DEOPT UNPACKING pc=0x0000017021597143 sp=0x0000003f097fddd8 mode 0

Classes unloaded (0 events):
No events

Classes redefined (0 events):
No events

Internal exceptions (20 events):
Event: 27.169 Thread 0x0000017012502f40 Exception <a 'java/lang/NoSuchMethodError'{0x00000000ed55e550}: 'java.lang.Object java.lang.invoke.DirectMethodHandle$Holder.invokeStaticInit(java.lang.Object, int, int, int, int)'> (0x00000000ed55e550) 
thrown [s\src\hotspot\share\interpreter\linkResolver.cpp, line 759]
Event: 28.064 Thread 0x0000017012502f40 Exception <a 'java/lang/NoSuchMethodError'{0x00000000ed469a20}: 'java.lang.Object java.lang.invoke.DirectMethodHandle$Holder.invokeStaticInit(java.lang.Object, java.lang.Object, int, int, int, int)'> (0x00000000ed469a20) 
thrown [s\src\hotspot\share\interpreter\linkResolver.cpp, line 759]
Event: 29.300 Thread 0x0000017012502f40 Exception <a 'java/lang/NoSuchMethodError'{0x00000000ed23ce68}: 'void java.lang.invoke.DirectMethodHandle$Holder.invokeStatic(java.lang.Object, java.lang.Object, java.lang.Object)'> (0x00000000ed23ce68) 
thrown [s\src\hotspot\share\interpreter\linkResolver.cpp, line 759]
Event: 30.558 Thread 0x0000017012502f40 Exception <a 'java/io/IOException'{0x00000000ed130890}> (0x00000000ed130890) 
thrown [s\src\hotspot\share\prims\jni.cpp, line 516]
Event: 30.561 Thread 0x0000017012502f40 Implicit null exception at 0x0000017021b275f2 to 0x0000017021b27bc0
Event: 40.975 Thread 0x000001704771e570 Exception <a 'java/lang/NoSuchMethodError'{0x00000000ecaf31b0}: 'void java.lang.invoke.DirectMethodHandle$Holder.invokeSpecial(java.lang.Object, java.lang.Object, java.lang.Object)'> (0x00000000ecaf31b0) 
thrown [s\src\hotspot\share\interpreter\linkResolver.cpp, line 759]
Event: 41.229 Thread 0x000001704771e570 Exception <a 'java/lang/NoSuchMethodError'{0x00000000ec9bc608}: 'long java.lang.invoke.DirectMethodHandle$Holder.invokeInterface(java.lang.Object, java.lang.Object)'> (0x00000000ec9bc608) 
thrown [s\src\hotspot\share\interpreter\linkResolver.cpp, line 759]
Event: 41.981 Thread 0x000001704771e570 Exception <a 'java/lang/NoSuchMethodError'{0x00000000ec489810}: 'void java.lang.invoke.DirectMethodHandle$Holder.invokeStatic(java.lang.Object, java.lang.Object)'> (0x00000000ec489810) 
thrown [s\src\hotspot\share\interpreter\linkResolver.cpp, line 759]
Event: 43.709 Thread 0x000001704771e570 Exception <a 'java/lang/NoSuchMethodError'{0x00000000ec246ee0}: 'java.lang.Object java.lang.invoke.DirectMethodHandle$Holder.newInvokeSpecial(java.lang.Object, java.lang.Object, java.lang.Object, java.lang.Object, java.lang.Object)'> (0x00000000ec246ee0) 
thrown [s\src\hotspot\share\interpreter\linkResolver.cpp, line 759]
Event: 44.944 Thread 0x000001704771e570 Exception <a 'java/lang/NoSuchMethodError'{0x00000000ebf28cc0}: 'java.lang.Object java.lang.invoke.DirectMethodHandle$Holder.newInvokeSpecial(java.lang.Object, java.lang.Object, java.lang.Object, java.lang.Object, java.lang.Object, java.lang.Object)'> (0x00000000ebf28cc0) 
thrown [s\src\hotspot\share\interpreter\linkResolver.cpp, line 759]
Event: 45.002 Thread 0x000001704771e570 Exception <a 'java/lang/NoSuchMethodError'{0x00000000ebf412c0}: 'void java.lang.invoke.DirectMethodHandle$Holder.invokeSpecial(java.lang.Object, java.lang.Object, java.lang.Object, java.lang.Object, java.lang.Object)'> (0x00000000ebf412c0) 
thrown [s\src\hotspot\share\interpreter\linkResolver.cpp, line 759]
Event: 45.011 Thread 0x000001704771e570 Exception <a 'java/lang/NoSuchMethodError'{0x00000000ebf55a70}: 'void java.lang.invoke.DirectMethodHandle$Holder.invokeStaticInit(java.lang.Object, java.lang.Object)'> (0x00000000ebf55a70) 
thrown [s\src\hotspot\share\interpreter\linkResolver.cpp, line 759]
Event: 45.909 Thread 0x000001704771e570 Exception <a 'java/lang/NoSuchMethodError'{0x00000000ebc30f28}: 'void java.lang.invoke.DelegatingMethodHandle$Holder.reinvoke_L(java.lang.Object, java.lang.Object, java.lang.Object, java.lang.Object, java.lang.Object, java.lang.Object, java.lang.Object, java.lang.Object, java.lang.Object, java.lang.Object)'> (0x00000000ebc30f28) 
thrown [s\src\hotspot\share\interpreter\linkResolver.cpp, line 759]
Event: 45.912 Thread 0x000001704771e570 Exception <a 'java/lang/NoSuchMethodError'{0x00000000ebc39398}: 'java.lang.Object java.lang.invoke.DirectMethodHandle$Holder.invokeSpecial(java.lang.Object, java.lang.Object, java.lang.Object, java.lang.Object, java.lang.Object, java.lang.Object, java.lang.Object, java.lang.Object, java.lang.Object, java.lang.Object)'> (0x00000000ebc39398) 
thrown [s\src\hotspot\share\interpreter\linkResolver.cpp, line 759]
Event: 45.913 Thread 0x000001704771e570 Exception <a 'java/lang/NoSuchMethodError'{0x00000000ebc3dc68}: 'java.lang.Object java.lang.invoke.Invokers$Holder.invoker(java.lang.Object, java.lang.Object, java.lang.Object, java.lang.Object, java.lang.Object, java.lang.Object, java.lang.Object, java.lang.Object, java.lang.Object, java.lang.Object)'> (0x00000000ebc3dc68) 
thrown [s\src\hotspot\share\interpreter\linkResolver.cpp, line 759]
Event: 45.915 Thread 0x000001704771e570 Exception <a 'java/lang/NoSuchMethodError'{0x00000000ebc437f0}: 'java.lang.Object java.lang.invoke.DirectMethodHandle$Holder.invokeSpecial(java.lang.Object, java.lang.Object, java.lang.Object, java.lang.Object, java.lang.Object, java.lang.Object, java.lang.Object, java.lang.Object, java.lang.Object, java.lang.Object, java.lang.Object)'> (0x00000000ebc437f0) 
thrown [s\src\hotspot\share\interpreter\linkResolver.cpp, line 759]
Event: 48.962 Thread 0x000001704771e570 Exception <a 'java/lang/NoSuchMethodError'{0x00000000eb639170}: 'void java.lang.invoke.DirectMethodHandle$Holder.invokeStaticInit(java.lang.Object)'> (0x00000000eb639170) 
thrown [s\src\hotspot\share\interpreter\linkResolver.cpp, line 759]
Event: 49.147 Thread 0x000001704771e570 Exception <a 'java/lang/NoSuchMethodError'{0x00000000eb6eb970}: 'java.lang.Object java.lang.invoke.DirectMethodHandle$Holder.newInvokeSpecial(java.lang.Object, java.lang.Object, java.lang.Object, int)'> (0x00000000eb6eb970) 
thrown [s\src\hotspot\share\interpreter\linkResolver.cpp, line 759]
Event: 49.147 Thread 0x000001704771e570 Exception <a 'java/lang/NoSuchMethodError'{0x00000000eb6f02a0}: 'java.lang.Object java.lang.invoke.DirectMethodHandle$Holder.invokeSpecial(java.lang.Object, java.lang.Object, java.lang.Object, java.lang.Object, int)'> (0x00000000eb6f02a0) 
thrown [s\src\hotspot\share\interpreter\linkResolver.cpp, line 759]
Event: 49.148 Thread 0x000001704771e570 Exception <a 'java/lang/NoSuchMethodError'{0x00000000eb6f43b8}: 'java.lang.Object java.lang.invoke.Invokers$Holder.linkToTargetMethod(java.lang.Object, java.lang.Object, int, java.lang.Object)'> (0x00000000eb6f43b8) 
thrown [s\src\hotspot\share\interpreter\linkResolver.cpp, line 759]

VM Operations (20 events):
Event: 45.575 Executing VM operation: Cleanup
Event: 45.575 Executing VM operation: Cleanup done
Event: 46.584 Executing VM operation: Cleanup
Event: 46.600 Executing VM operation: Cleanup done
Event: 47.611 Executing VM operation: Cleanup
Event: 47.612 Executing VM operation: Cleanup done
Event: 48.613 Executing VM operation: Cleanup
Event: 48.643 Executing VM operation: Cleanup done
Event: 49.648 Executing VM operation: Cleanup
Event: 49.719 Executing VM operation: Cleanup done
Event: 50.733 Executing VM operation: Cleanup
Event: 50.902 Executing VM operation: Cleanup done
Event: 51.908 Executing VM operation: Cleanup
Event: 51.928 Executing VM operation: Cleanup done
Event: 57.004 Executing VM operation: Cleanup
Event: 57.004 Executing VM operation: Cleanup done
Event: 59.033 Executing VM operation: Cleanup
Event: 59.033 Executing VM operation: Cleanup done
Event: 60.048 Executing VM operation: Cleanup
Event: 60.064 Executing VM operation: Cleanup done

Events (20 events):
Event: 49.145 Thread 0x000001704771e060 Thread added: 0x000001704771e060
Event: 49.149 loading class sun/misc/Unsafe
Event: 49.150 loading class sun/misc/Unsafe done
Event: 49.178 Thread 0x000001704771ef90 Thread added: 0x000001704771ef90
Event: 49.290 loading class sun/nio/ch/DatagramSocketAdaptor$DatagramPackets
Event: 49.528 loading class sun/nio/ch/DatagramSocketAdaptor$DatagramPackets done
Event: 58.811 Thread 0x000001704771fec0 Thread added: 0x000001704771fec0
Event: 59.662 Thread 0x000001704771f4a0 Thread added: 0x000001704771f4a0
Event: 60.293 loading class sun/security/provider/MD5
Event: 60.325 loading class sun/security/provider/MD5 done
Event: 60.325 loading class sun/security/provider/SHA5$SHA512
Event: 60.333 loading class sun/security/provider/SHA5
Event: 60.347 loading class sun/security/provider/SHA5 done
Event: 60.347 loading class sun/security/provider/SHA5$SHA512 done
Event: 60.369 loading class sun/security/provider/ByteArrayAccess$LE
Event: 60.392 loading class sun/security/provider/ByteArrayAccess$LE done
Event: 60.617 loading class java/io/File$TempDirectory
Event: 60.709 loading class java/io/File$TempDirectory done
Event: 60.840 loading class java/io/PrintWriter
Event: 60.841 loading class java/io/PrintWriter done


Dynamic libraries:
0x00007ff6b55a0000 - 0x00007ff6b55ae000 	C:\Users\S538108\.jdks\corretto-17.0.11\bin\java.exe
0x00007ff9756d0000 - 0x00007ff9758e7000 	C:\windows\SYSTEM32\ntdll.dll
0x00007ff973940000 - 0x00007ff973a04000 	C:\windows\System32\KERNEL32.DLL
0x00007ff972dd0000 - 0x00007ff97317d000 	C:\windows\System32\KERNELBASE.dll
0x00007ff972b40000 - 0x00007ff972c51000 	C:\windows\System32\ucrtbase.dll
0x00007ff956480000 - 0x00007ff956497000 	C:\Users\S538108\.jdks\corretto-17.0.11\bin\jli.dll
0x00007ff9740b0000 - 0x00007ff97425e000 	C:\windows\System32\USER32.dll
0x00007ff973320000 - 0x00007ff973346000 	C:\windows\System32\win32u.dll
0x00007ff973bb0000 - 0x00007ff973bd9000 	C:\windows\System32\GDI32.dll
0x00007ff973200000 - 0x00007ff973319000 	C:\windows\System32\gdi32full.dll
0x00007ff972aa0000 - 0x00007ff972b3a000 	C:\windows\System32\msvcp_win.dll
0x00007ff96c480000 - 0x00007ff96c49b000 	C:\Users\S538108\.jdks\corretto-17.0.11\bin\VCRUNTIME140.dll
0x00007ff94b8d0000 - 0x00007ff94bb63000 	C:\windows\WinSxS\amd64_microsoft.windows.common-controls_6595b64144ccf1df_6.0.22621.3672_none_2713b9d173822955\COMCTL32.dll
0x00007ff974790000 - 0x00007ff974837000 	C:\windows\System32\msvcrt.dll
0x00007ff974260000 - 0x00007ff974291000 	C:\windows\System32\IMM32.DLL
0x00007ff96c470000 - 0x00007ff96c47c000 	C:\Users\S538108\.jdks\corretto-17.0.11\bin\vcruntime140_1.dll
0x00007ff944910000 - 0x00007ff94499d000 	C:\Users\S538108\.jdks\corretto-17.0.11\bin\msvcp140.dll
0x00007ff92af60000 - 0x00007ff92bbc2000 	C:\Users\S538108\.jdks\corretto-17.0.11\bin\server\jvm.dll
0x00007ff975120000 - 0x00007ff9751d2000 	C:\windows\System32\ADVAPI32.dll
0x00007ff973dd0000 - 0x00007ff973e79000 	C:\windows\System32\sechost.dll
0x00007ff972a00000 - 0x00007ff972a28000 	C:\windows\System32\bcrypt.dll
0x00007ff975570000 - 0x00007ff975684000 	C:\windows\System32\RPCRT4.dll
0x00007ff9728c0000 - 0x00007ff97290d000 	C:\windows\SYSTEM32\POWRPROF.dll
0x00007ff96bf40000 - 0x00007ff96bf49000 	C:\windows\SYSTEM32\WSOCK32.dll
0x00007ff96c170000 - 0x00007ff96c1a4000 	C:\windows\SYSTEM32\WINMM.dll
0x00007ff9750a0000 - 0x00007ff975111000 	C:\windows\System32\WS2_32.dll
0x00007ff9690e0000 - 0x00007ff9690ea000 	C:\windows\SYSTEM32\VERSION.dll
0x00007ff9727f0000 - 0x00007ff972803000 	C:\windows\SYSTEM32\UMPDC.dll
0x00007ff971940000 - 0x00007ff971958000 	C:\windows\SYSTEM32\kernel.appcore.dll
0x00007ff96a100000 - 0x00007ff96a10a000 	C:\Users\S538108\.jdks\corretto-17.0.11\bin\jimage.dll
0x00007ff96ffa0000 - 0x00007ff9701d2000 	C:\windows\SYSTEM32\DBGHELP.DLL
0x00007ff9743e0000 - 0x00007ff974768000 	C:\windows\System32\combase.dll
0x00007ff9751e0000 - 0x00007ff9752b7000 	C:\windows\System32\OLEAUT32.dll
0x00007ff94f810000 - 0x00007ff94f842000 	C:\windows\SYSTEM32\dbgcore.DLL
0x00007ff973180000 - 0x00007ff9731fb000 	C:\windows\System32\bcryptPrimitives.dll
0x00007ff952670000 - 0x00007ff95267e000 	C:\Users\S538108\.jdks\corretto-17.0.11\bin\instrument.dll
0x00007ff950d70000 - 0x00007ff950d95000 	C:\Users\S538108\.jdks\corretto-17.0.11\bin\java.dll
0x00007ff9340e0000 - 0x00007ff9341b7000 	C:\Users\S538108\.jdks\corretto-17.0.11\bin\jsvml.dll
0x00007ff974840000 - 0x00007ff97509f000 	C:\windows\System32\SHELL32.dll
0x00007ff970780000 - 0x00007ff97107c000 	C:\windows\SYSTEM32\windows.storage.dll
0x00007ff970540000 - 0x00007ff97067f000 	C:\windows\SYSTEM32\wintypes.dll
0x00007ff973aa0000 - 0x00007ff973b94000 	C:\windows\System32\SHCORE.dll
0x00007ff974350000 - 0x00007ff9743ae000 	C:\windows\System32\shlwapi.dll
0x00007ff972930000 - 0x00007ff972951000 	C:\windows\SYSTEM32\profapi.dll
0x00007ff952040000 - 0x00007ff952058000 	C:\Users\S538108\.jdks\corretto-17.0.11\bin\zip.dll
0x00007ff950d50000 - 0x00007ff950d69000 	C:\Users\S538108\.jdks\corretto-17.0.11\bin\net.dll
0x00007ff971960000 - 0x00007ff971a96000 	C:\windows\SYSTEM32\WINHTTP.dll
0x00007ff971ef0000 - 0x00007ff971f59000 	C:\windows\system32\mswsock.dll
0x00007ff94cb80000 - 0x00007ff94cb96000 	C:\Users\S538108\.jdks\corretto-17.0.11\bin\nio.dll
0x00007ff9564c0000 - 0x00007ff9564d0000 	C:\Users\S538108\.jdks\corretto-17.0.11\bin\verify.dll
0x00007ff96c440000 - 0x00007ff96c467000 	C:\Users\S538108\.gradle\native\c067742578af261105cb4f569cf0c3c89f3d7b1fecec35dd04571415982c5e48\windows-amd64\native-platform.dll
0x00007ff938a60000 - 0x00007ff938ba4000 	C:\Users\S538108\.gradle\native\100fb08df4bc3b14c8652ba06237920a3bd2aa13389f12d3474272988ae205f9\windows-amd64\native-platform-file-events.dll
0x00007ff91ed80000 - 0x00007ff91ed89000 	C:\Users\S538108\.jdks\corretto-17.0.11\bin\management.dll
0x00007ff91dc70000 - 0x00007ff91dc7b000 	C:\Users\S538108\.jdks\corretto-17.0.11\bin\management_ext.dll
0x00007ff9743b0000 - 0x00007ff9743b8000 	C:\windows\System32\PSAPI.DLL
0x00007ff972150000 - 0x00007ff97216b000 	C:\windows\SYSTEM32\CRYPTSP.dll
0x00007ff9718a0000 - 0x00007ff9718d5000 	C:\windows\system32\rsaenh.dll
0x00007ff971ff0000 - 0x00007ff972018000 	C:\windows\SYSTEM32\USERENV.dll
0x00007ff972170000 - 0x00007ff97217c000 	C:\windows\SYSTEM32\CRYPTBASE.dll
0x00007ff9711d0000 - 0x00007ff9711fd000 	C:\windows\SYSTEM32\IPHLPAPI.DLL
0x00007ff973e80000 - 0x00007ff973e89000 	C:\windows\System32\NSI.dll
0x00007ff96dc20000 - 0x00007ff96dc39000 	C:\windows\SYSTEM32\dhcpcsvc6.DLL
0x00007ff96dc00000 - 0x00007ff96dc1f000 	C:\windows\SYSTEM32\dhcpcsvc.DLL
0x00007ff971200000 - 0x00007ff9712f8000 	C:\windows\SYSTEM32\DNSAPI.dll
0x00007ff91a5a0000 - 0x00007ff91a5a9000 	C:\Users\S538108\.jdks\corretto-17.0.11\bin\extnet.dll
0x00007ff919e70000 - 0x00007ff919e7e000 	C:\Users\S538108\.jdks\corretto-17.0.11\bin\sunmscapi.dll
0x00007ff972c60000 - 0x00007ff972dc7000 	C:\windows\System32\CRYPT32.dll
0x00007ff9722c0000 - 0x00007ff9722ee000 	C:\windows\SYSTEM32\ncrypt.dll
0x00007ff972280000 - 0x00007ff9722b7000 	C:\windows\SYSTEM32\NTASN1.dll
0x00007ff9561a0000 - 0x00007ff9561a8000 	C:\windows\system32\wshunix.dll

dbghelp: loaded successfully - version: 4.0.5 - missing functions: none
symbol engine: initialized successfully - sym options: 0x614 - pdb path: .;C:\Users\S538108\.jdks\corretto-17.0.11\bin;C:\windows\SYSTEM32;C:\windows\WinSxS\amd64_microsoft.windows.common-controls_6595b64144ccf1df_6.0.22621.3672_none_2713b9d173822955;C:\Users\S538108\.jdks\corretto-17.0.11\bin\server;C:\Users\S538108\.gradle\native\c067742578af261105cb4f569cf0c3c89f3d7b1fecec35dd04571415982c5e48\windows-amd64;C:\Users\S538108\.gradle\native\100fb08df4bc3b14c8652ba06237920a3bd2aa13389f12d3474272988ae205f9\windows-amd64

VM Arguments:
jvm_args: --add-opens=java.base/java.util=ALL-UNNAMED --add-opens=java.base/java.lang=ALL-UNNAMED --add-opens=java.base/java.lang.invoke=ALL-UNNAMED --add-opens=java.prefs/java.util.prefs=ALL-UNNAMED --add-opens=java.base/java.nio.charset=ALL-UNNAMED --add-opens=java.base/java.net=ALL-UNNAMED --add-opens=java.base/java.util.concurrent.atomic=ALL-UNNAMED -XX:MaxMetaspaceSize=384m -XX:+HeapDumpOnOutOfMemoryError -Xms256m -Xmx512m -Dfile.encoding=UTF-8 -Duser.country=US -Duser.language=en -Duser.variant -javaagent:C:\Users\S538108\.gradle\wrapper\dists\gradle-8.8-bin\dl7vupf4psengwqhwktix4v1\gradle-8.8\lib\agents\gradle-instrumentation-agent-8.8.jar 
java_command: org.gradle.launcher.daemon.bootstrap.GradleDaemon 8.8
java_class_path (initial): C:\Users\S538108\.gradle\wrapper\dists\gradle-8.8-bin\dl7vupf4psengwqhwktix4v1\gradle-8.8\lib\gradle-launcher-8.8.jar
Launcher Type: SUN_STANDARD

[Global flags]
     intx CICompilerCount                          = 4                                         {product} {ergonomic}
   size_t CompressedClassSpaceSize                 = 335544320                                 {product} {ergonomic}
     uint ConcGCThreads                            = 3                                         {product} {ergonomic}
     uint G1ConcRefinementThreads                  = 10                                        {product} {ergonomic}
   size_t G1HeapRegionSize                         = 1048576                                   {product} {ergonomic}
    uintx GCDrainStackTargetSize                   = 64                                        {product} {ergonomic}
     bool HeapDumpOnOutOfMemoryError               = true                                   {manageable} {command line}
   size_t InitialHeapSize                          = 268435456                                 {product} {command line}
   size_t MarkStackSize                            = 4194304                                   {product} {ergonomic}
   size_t MaxHeapSize                              = 536870912                                 {product} {command line}
   size_t MaxMetaspaceSize                         = 402653184                                 {product} {command line}
   size_t MaxNewSize                               = 321912832                                 {product} {ergonomic}
   size_t MinHeapDeltaBytes                        = 1048576                                   {product} {ergonomic}
   size_t MinHeapSize                              = 268435456                                 {product} {command line}
    uintx NonNMethodCodeHeapSize                   = 5839372                                {pd product} {ergonomic}
    uintx NonProfiledCodeHeapSize                  = 122909434                              {pd product} {ergonomic}
    uintx ProfiledCodeHeapSize                     = 122909434                              {pd product} {ergonomic}
    uintx ReservedCodeCacheSize                    = 251658240                              {pd product} {ergonomic}
     bool SegmentedCodeCache                       = true                                      {product} {ergonomic}
   size_t SoftMaxHeapSize                          = 536870912                              {manageable} {ergonomic}
     bool UseCompressedClassPointers               = true                           {product lp64_product} {ergonomic}
     bool UseCompressedOops                        = true                           {product lp64_product} {ergonomic}
     bool UseG1GC                                  = true                                      {product} {ergonomic}
     bool UseLargePagesIndividualAllocation        = false                                  {pd product} {ergonomic}

Logging:
Log output configuration:
 #0: stdout all=warning uptime,level,tags
 #1: stderr all=off uptime,level,tags

Environment Variables:
JAVA_HOME=C:\Program Files\Java\jdk-17
CLASSPATH=C:\Program Files\Java\jdk-18.0.2.1\mysql-connector-j-8.4.0
PATH=C:\Program Files\Common Files\Oracle\Java\javapath;C:\Python312\Scripts\;C:\Python312\;C:\windows\system32;C:\windows;C:\windows\System32\Wbem;C:\windows\System32\WindowsPowerShell\v1.0\;C:\windows\System32\OpenSSH\;C:\Program Files\nodejs\;C:\ProgramData\chocolatey\bin;C:\Program Files (x86)\Windows Live\Shared;C:\Program Files\Java\jdk-17\bin\;C:\Program Files\Git\cmd;C:\Program Files\MySQL\MySQL Shell 8.0\bin\;C:\Users\S538108\AppData\Local\Microsoft\WindowsApps;C:\Users\S538108\AppData\Local\Programs\Microsoft VS Code\bin;C:\Users\S538108\AppData\Roaming\npm;C:\Users\S538108\AppData\Local\GitHubDesktop\bin;C:\Program Files\JetBrains\IntelliJ IDEA Community Edition 2024.1.4\bin;;C:\Program Files\JetBrains\IntelliJ IDEA 2024.1.4\bin;
USERNAME=S538108
OS=Windows_NT
PROCESSOR_IDENTIFIER=Intel64 Family 6 Model 154 Stepping 4, GenuineIntel
TMP=C:\Users\S538108\AppData\Local\Temp
TEMP=C:\Users\S538108\AppData\Local\Temp



Periodic native trim disabled


---------------  S Y S T E M  ---------------

OS:
 Windows 11 , 64 bit Build 22621 (10.0.22621.3672)
OS uptime: 0 days 6:16 hours

CPU: total 12 (initial active 12) (12 cores per cpu, 1 threads per core) family 6 model 154 stepping 4 microcode 0x433, cx8, cmov, fxsr, mmx, 3dnowpref, sse, sse2, sse3, ssse3, sse4.1, sse4.2, popcnt, lzcnt, tsc, tscinvbit, avx, avx2, aes, erms, clmul, bmi1, bmi2, adx, sha, fma, vzeroupper, clflush, clflushopt, clwb
Processor Information for all 12 processors :
  Max Mhz: 1300, Current Mhz: 1300, Mhz Limit: 1300

Memory: 4k page, system-wide physical 7824M (9M free)
TotalPageFile size 31376M (AvailPageFile size 8M)
current process WorkingSet (physical memory assigned to process): 47M, peak: 68M
current process commit charge ("private bytes"): 408M, peak: 410M

vm_info: OpenJDK 64-Bit Server VM (17.0.11+9-LTS) for windows-amd64 JRE (17.0.11+9-LTS), built on Apr 10 2024 22:12:24 by "Administrator" with MS VC++ 16.10 / 16.11 (VS2019)

END.
