#
# There is insufficient memory for the Java Runtime Environment to continue.
# Native memory allocation (malloc) failed to allocate 131088 bytes. Error detail: Chunk::new
# Possible reasons:
#   The system is out of physical RAM or swap space
#   This process is running with CompressedOops enabled, and the Java Heap may be blocking the growth of the native heap
# Possible solutions:
#   Reduce memory load on the system
#   Increase physical memory or swap space
#   Check if swap backing store is full
#   Decrease Java heap size (-Xmx/-Xms)
#   Decrease number of Java threads
#   Decrease Java thread stack sizes (-Xss)
#   Set larger code cache with -XX:ReservedCodeCacheSize=
#   JVM is running with Unscaled Compressed Oops mode in which the Java heap is
#     placed in the first 4GB address space. The Java Heap base address is the
#     maximum limit for the native heap growth. Please use -XX:HeapBaseMinAddress
#     to set the Java Heap base and to place the Java Heap above 4GB virtual address.
# This output file may be truncated or incomplete.
#
#  Out of Memory Error (arena.cpp:191), pid=19392, tid=4764
#
# JRE version: OpenJDK Runtime Environment Corretto-17.0.11.9.1 (17.0.11+9) (build 17.0.11+9-LTS)
# Java VM: OpenJDK 64-Bit Server VM Corretto-17.0.11.9.1 (17.0.11+9-LTS, mixed mode, sharing, tiered, compressed oops, compressed class ptrs, g1 gc, windows-amd64)
# No core dump will be written. Minidumps are not enabled by default on client versions of Windows
#

---------------  S U M M A R Y ------------

Command Line: --add-opens=java.base/java.util=ALL-UNNAMED --add-opens=java.base/java.lang=ALL-UNNAMED --add-opens=java.base/java.lang.invoke=ALL-UNNAMED --add-opens=java.prefs/java.util.prefs=ALL-UNNAMED --add-opens=java.base/java.nio.charset=ALL-UNNAMED --add-opens=java.base/java.net=ALL-UNNAMED --add-opens=java.base/java.util.concurrent.atomic=ALL-UNNAMED -XX:MaxMetaspaceSize=384m -XX:+HeapDumpOnOutOfMemoryError -Xms256m -Xmx512m -Dfile.encoding=UTF-8 -Duser.country=US -Duser.language=en -Duser.variant -javaagent:C:\Users\S538108\.gradle\wrapper\dists\gradle-8.8-bin\dl7vupf4psengwqhwktix4v1\gradle-8.8\lib\agents\gradle-instrumentation-agent-8.8.jar org.gradle.launcher.daemon.bootstrap.GradleDaemon 8.8

Host: 12th Gen Intel(R) Core(TM) i5-1235U, 12 cores, 7G,  Windows 11 , 64 bit Build 22621 (10.0.22621.3672)
Time: Fri Aug 30 16:54:41 2024 Central Daylight Time elapsed time: 142.854033 seconds (0d 0h 2m 22s)

---------------  T H R E A D  ---------------

Current thread (0x0000026bce6b3790):  JavaThread "C2 CompilerThread0" daemon [_thread_in_native, id=4764, stack(0x000000ee28600000,0x000000ee28700000)]


Current CompileTask:
C2: 142854 6581       4       javax.management.ObjectName::construct (1135 bytes)

Stack: [0x000000ee28600000,0x000000ee28700000]
Native frames: (J=compiled Java code, j=interpreted, Vv=VM code, C=native code)
V  [jvm.dll+0x67d009]
V  [jvm.dll+0x83489a]
V  [jvm.dll+0x83635e]
V  [jvm.dll+0x8369c3]
V  [jvm.dll+0x2479df]
V  [jvm.dll+0xac534]
V  [jvm.dll+0xacb7c]
V  [jvm.dll+0xac63b]
V  [jvm.dll+0x65a84c]
V  [jvm.dll+0x2212e9]
V  [jvm.dll+0x6a02b1]
V  [jvm.dll+0x219229]
V  [jvm.dll+0x1a524d]
V  [jvm.dll+0x22920d]
V  [jvm.dll+0x2273dc]
V  [jvm.dll+0x7e9a07]
V  [jvm.dll+0x7e3e0a]
V  [jvm.dll+0x67bef5]
C  [ucrtbase.dll+0x29333]
C  [KERNEL32.DLL+0x1257d]
C  [ntdll.dll+0x5af28]


---------------  P R O C E S S  ---------------

Threads class SMR info:
_java_thread_list=0x0000026beb27a2e0, length=76, elements={
0x0000026bb36dc480, 0x0000026bce690980, 0x0000026bce691800, 0x0000026bce6a08a0,
0x0000026bce6a1720, 0x0000026bce6a32f0, 0x0000026bce6a70d0, 0x0000026bce6b3790,
0x0000026bce6b4240, 0x0000026bce6c7440, 0x0000026bce8add80, 0x0000026bce9cc550,
0x0000026be98609d0, 0x0000026be9123d70, 0x0000026be8b90610, 0x0000026be9962480,
0x0000026be9964580, 0x0000026be99864f0, 0x0000026be997c060, 0x0000026be9c8d520,
0x0000026be9c8da30, 0x0000026be9c8f890, 0x0000026be9c8f380, 0x0000026be9c8e960,
0x0000026be9c8ee70, 0x0000026be9c8c5f0, 0x0000026be9c8cb00, 0x0000026be9c8d010,
0x0000026beb00ef20, 0x0000026beb00d5d0, 0x0000026beb00b770, 0x0000026beb00bc80,
0x0000026beb011290, 0x0000026beb010360, 0x0000026beb00f940, 0x0000026beb00dff0,
0x0000026beb00c6a0, 0x0000026beb00c190, 0x0000026beb010d80, 0x0000026beb0117a0,
0x0000026beb00e500, 0x0000026beb00cbb0, 0x0000026beb00d0c0, 0x0000026beb00ea10,
0x0000026be89eb680, 0x0000026be89ee410, 0x0000026be89ef340, 0x0000026be89f20d0,
0x0000026be89ef850, 0x0000026be89eee30, 0x0000026be89efd60, 0x0000026be89ebb90,
0x0000026be89ec5b0, 0x0000026be89f0270, 0x0000026be89ecfd0, 0x0000026be89edf00,
0x0000026be89f0780, 0x0000026be89f0c90, 0x0000026be89ed4e0, 0x0000026be89f11a0,
0x0000026be89ed9f0, 0x0000026be89ee920, 0x0000026be89f16b0, 0x0000026be89f1bc0,
0x0000026be89f25e0, 0x0000026be89eb170, 0x0000026be89f2af0, 0x0000026be89ec0a0,
0x0000026be89ecac0, 0x0000026be8a5e0f0, 0x0000026be8a5dbe0, 0x0000026be8a5f530,
0x0000026be8a5a940, 0x0000026be8a5fa40, 0x0000026be8a5d1c0, 0x0000026be8a61db0
}

Java Threads: ( => current thread )
  0x0000026bb36dc480 JavaThread "main" [_thread_blocked, id=14812, stack(0x000000ee27900000,0x000000ee27a00000)]
  0x0000026bce690980 JavaThread "Reference Handler" daemon [_thread_blocked, id=4240, stack(0x000000ee28000000,0x000000ee28100000)]
  0x0000026bce691800 JavaThread "Finalizer" daemon [_thread_blocked, id=17848, stack(0x000000ee28100000,0x000000ee28200000)]
  0x0000026bce6a08a0 JavaThread "Signal Dispatcher" daemon [_thread_blocked, id=5028, stack(0x000000ee28200000,0x000000ee28300000)]
  0x0000026bce6a1720 JavaThread "Attach Listener" daemon [_thread_blocked, id=2400, stack(0x000000ee28300000,0x000000ee28400000)]
  0x0000026bce6a32f0 JavaThread "Service Thread" daemon [_thread_blocked, id=2288, stack(0x000000ee28400000,0x000000ee28500000)]
  0x0000026bce6a70d0 JavaThread "Monitor Deflation Thread" daemon [_thread_blocked, id=16300, stack(0x000000ee28500000,0x000000ee28600000)]
=>0x0000026bce6b3790 JavaThread "C2 CompilerThread0" daemon [_thread_in_native, id=4764, stack(0x000000ee28600000,0x000000ee28700000)]
  0x0000026bce6b4240 JavaThread "C1 CompilerThread0" daemon [_thread_blocked, id=18044, stack(0x000000ee28700000,0x000000ee28800000)]
  0x0000026bce6c7440 JavaThread "Sweeper thread" daemon [_thread_blocked, id=4292, stack(0x000000ee28800000,0x000000ee28900000)]
  0x0000026bce8add80 JavaThread "Common-Cleaner" daemon [_thread_blocked, id=6200, stack(0x000000ee28900000,0x000000ee28a00000)]
  0x0000026bce9cc550 JavaThread "Notification Thread" daemon [_thread_blocked, id=3780, stack(0x000000ee28a00000,0x000000ee28b00000)]
  0x0000026be98609d0 JavaThread "Daemon health stats" [_thread_blocked, id=1988, stack(0x000000ee28d00000,0x000000ee28e00000)]
  0x0000026be9123d70 JavaThread "Incoming local TCP Connector on port 55107" [_thread_in_native, id=20780, stack(0x000000ee28c00000,0x000000ee28d00000)]
  0x0000026be8b90610 JavaThread "Daemon periodic checks" [_thread_blocked, id=2944, stack(0x000000ee29300000,0x000000ee29400000)]
  0x0000026be9962480 JavaThread "Daemon" [_thread_blocked, id=20632, stack(0x000000ee29400000,0x000000ee29500000)]
  0x0000026be9964580 JavaThread "Handler for socket connection from /127.0.0.1:55107 to /127.0.0.1:55108" [_thread_in_native, id=15944, stack(0x000000ee29500000,0x000000ee29600000)]
  0x0000026be99864f0 JavaThread "Cancel handler" [_thread_blocked, id=16652, stack(0x000000ee29600000,0x000000ee29700000)]
  0x0000026be997c060 JavaThread "Daemon worker" [_thread_in_Java, id=18024, stack(0x000000ee29700000,0x000000ee29800000)]
  0x0000026be9c8d520 JavaThread "Asynchronous log dispatcher for DefaultDaemonConnection: socket connection from /127.0.0.1:55107 to /127.0.0.1:55108" [_thread_blocked, id=10984, stack(0x000000ee29800000,0x000000ee29900000)]
  0x0000026be9c8da30 JavaThread "Stdin handler" [_thread_blocked, id=9940, stack(0x000000ee29900000,0x000000ee29a00000)]
  0x0000026be9c8f890 JavaThread "Daemon client event forwarder" [_thread_blocked, id=372, stack(0x000000ee29a00000,0x000000ee29b00000)]
  0x0000026be9c8f380 JavaThread "Cache worker for journal cache (C:\Users\S538108\.gradle\caches\journal-1)" [_thread_blocked, id=1948, stack(0x000000ee29b00000,0x000000ee29c00000)]
  0x0000026be9c8e960 JavaThread "File lock request listener" [_thread_in_native, id=21284, stack(0x000000ee29c00000,0x000000ee29d00000)]
  0x0000026be9c8ee70 JavaThread "Cache worker for file hash cache (C:\Users\S538108\.gradle\caches\8.8\fileHashes)" [_thread_blocked, id=17292, stack(0x000000ee29e00000,0x000000ee29f00000)]
  0x0000026be9c8c5f0 JavaThread "Cache worker for file hash cache (C:\Project\LibraryProject\library-springboot\.gradle\8.8\fileHashes)" [_thread_blocked, id=16368, stack(0x000000ee2a400000,0x000000ee2a500000)]
  0x0000026be9c8cb00 JavaThread "File watcher server" daemon [_thread_in_native, id=15052, stack(0x000000ee2a500000,0x000000ee2a600000)]
  0x0000026be9c8d010 JavaThread "File watcher consumer" daemon [_thread_blocked, id=3240, stack(0x000000ee2a600000,0x000000ee2a700000)]
  0x0000026beb00ef20 JavaThread "Cache worker for checksums cache (C:\Project\LibraryProject\library-springboot\.gradle\8.8\checksums)" [_thread_blocked, id=12696, stack(0x000000ee2a300000,0x000000ee2a400000)]
  0x0000026beb00d5d0 JavaThread "Cache worker for file content cache (C:\Users\S538108\.gradle\caches\8.8\fileContent)" [_thread_blocked, id=4916, stack(0x000000ee2a900000,0x000000ee2aa00000)]
  0x0000026beb00b770 JavaThread "Cache worker for cache directory md-rule (C:\Users\S538108\.gradle\caches\8.8\md-rule)" [_thread_blocked, id=19504, stack(0x000000ee2aa00000,0x000000ee2ab00000)]
  0x0000026beb00bc80 JavaThread "Cache worker for cache directory md-supplier (C:\Users\S538108\.gradle\caches\8.8\md-supplier)" [_thread_blocked, id=15004, stack(0x000000ee2ac00000,0x000000ee2ad00000)]
  0x0000026beb011290 JavaThread "jar transforms" [_thread_blocked, id=19588, stack(0x000000ee2ab00000,0x000000ee2ac00000)]
  0x0000026beb010360 JavaThread "jar transforms Thread 2" [_thread_blocked, id=8084, stack(0x000000ee2af00000,0x000000ee2b000000)]
  0x0000026beb00f940 JavaThread "jar transforms Thread 3" [_thread_blocked, id=10572, stack(0x000000ee2ae00000,0x000000ee2af00000)]
  0x0000026beb00dff0 JavaThread "jar transforms Thread 4" [_thread_blocked, id=4344, stack(0x000000ee2b000000,0x000000ee2b100000)]
  0x0000026beb00c6a0 JavaThread "jar transforms Thread 5" [_thread_blocked, id=16412, stack(0x000000ee2b100000,0x000000ee2b200000)]
  0x0000026beb00c190 JavaThread "jar transforms Thread 6" [_thread_blocked, id=21340, stack(0x000000ee2b200000,0x000000ee2b300000)]
  0x0000026beb010d80 JavaThread "Cache worker for Build Output Cleanup Cache (C:\Project\LibraryProject\library-springboot\.gradle\buildOutputCleanup)" [_thread_blocked, id=21432, stack(0x000000ee2b300000,0x000000ee2b400000)]
  0x0000026beb0117a0 JavaThread "jar transforms Thread 7" [_thread_blocked, id=21628, stack(0x000000ee2b400000,0x000000ee2b500000)]
  0x0000026beb00e500 JavaThread "Unconstrained build operations" [_thread_blocked, id=22252, stack(0x000000ee2b700000,0x000000ee2b800000)]
  0x0000026beb00cbb0 JavaThread "Unconstrained build operations Thread 2" [_thread_blocked, id=22256, stack(0x000000ee2b800000,0x000000ee2b900000)]
  0x0000026beb00d0c0 JavaThread "Unconstrained build operations Thread 3" [_thread_blocked, id=22260, stack(0x000000ee2b900000,0x000000ee2ba00000)]
  0x0000026beb00ea10 JavaThread "Unconstrained build operations Thread 4" [_thread_blocked, id=22264, stack(0x000000ee2ba00000,0x000000ee2bb00000)]
  0x0000026be89eb680 JavaThread "Unconstrained build operations Thread 5" [_thread_blocked, id=22268, stack(0x000000ee2bb00000,0x000000ee2bc00000)]
  0x0000026be89ee410 JavaThread "Unconstrained build operations Thread 6" [_thread_blocked, id=22272, stack(0x000000ee2bc00000,0x000000ee2bd00000)]
  0x0000026be89ef340 JavaThread "Unconstrained build operations Thread 7" [_thread_blocked, id=22276, stack(0x000000ee2bd00000,0x000000ee2be00000)]
  0x0000026be89f20d0 JavaThread "Unconstrained build operations Thread 8" [_thread_blocked, id=22280, stack(0x000000ee2be00000,0x000000ee2bf00000)]
  0x0000026be89ef850 JavaThread "Unconstrained build operations Thread 9" [_thread_blocked, id=22284, stack(0x000000ee2bf00000,0x000000ee2c000000)]
  0x0000026be89eee30 JavaThread "Unconstrained build operations Thread 10" [_thread_blocked, id=22288, stack(0x000000ee2c000000,0x000000ee2c100000)]
  0x0000026be89efd60 JavaThread "Unconstrained build operations Thread 11" [_thread_blocked, id=22292, stack(0x000000ee2c100000,0x000000ee2c200000)]
  0x0000026be89ebb90 JavaThread "Unconstrained build operations Thread 12" [_thread_blocked, id=4256, stack(0x000000ee2c200000,0x000000ee2c300000)]
  0x0000026be89ec5b0 JavaThread "Unconstrained build operations Thread 13" [_thread_blocked, id=21604, stack(0x000000ee2c300000,0x000000ee2c400000)]
  0x0000026be89f0270 JavaThread "Unconstrained build operations Thread 14" [_thread_blocked, id=16956, stack(0x000000ee2c400000,0x000000ee2c500000)]
  0x0000026be89ecfd0 JavaThread "Unconstrained build operations Thread 15" [_thread_blocked, id=6448, stack(0x000000ee2c500000,0x000000ee2c600000)]
  0x0000026be89edf00 JavaThread "Unconstrained build operations Thread 16" [_thread_blocked, id=9240, stack(0x000000ee2c600000,0x000000ee2c700000)]
  0x0000026be89f0780 JavaThread "Unconstrained build operations Thread 17" [_thread_blocked, id=18268, stack(0x000000ee2c700000,0x000000ee2c800000)]
  0x0000026be89f0c90 JavaThread "Unconstrained build operations Thread 18" [_thread_blocked, id=13996, stack(0x000000ee2c800000,0x000000ee2c900000)]
  0x0000026be89ed4e0 JavaThread "Unconstrained build operations Thread 19" [_thread_blocked, id=15584, stack(0x000000ee2c900000,0x000000ee2ca00000)]
  0x0000026be89f11a0 JavaThread "Unconstrained build operations Thread 20" [_thread_blocked, id=13340, stack(0x000000ee2ca00000,0x000000ee2cb00000)]
  0x0000026be89ed9f0 JavaThread "Unconstrained build operations Thread 21" [_thread_blocked, id=2676, stack(0x000000ee2cb00000,0x000000ee2cc00000)]
  0x0000026be89ee920 JavaThread "Unconstrained build operations Thread 22" [_thread_blocked, id=20676, stack(0x000000ee2cc00000,0x000000ee2cd00000)]
  0x0000026be89f16b0 JavaThread "Unconstrained build operations Thread 23" [_thread_blocked, id=16608, stack(0x000000ee2cd00000,0x000000ee2ce00000)]
  0x0000026be89f1bc0 JavaThread "Unconstrained build operations Thread 24" [_thread_blocked, id=21184, stack(0x000000ee2ce00000,0x000000ee2cf00000)]
  0x0000026be89f25e0 JavaThread "Unconstrained build operations Thread 25" [_thread_blocked, id=6480, stack(0x000000ee2cf00000,0x000000ee2d000000)]
  0x0000026be89eb170 JavaThread "Unconstrained build operations Thread 26" [_thread_blocked, id=14976, stack(0x000000ee2d000000,0x000000ee2d100000)]
  0x0000026be89f2af0 JavaThread "Unconstrained build operations Thread 27" [_thread_blocked, id=19384, stack(0x000000ee2d100000,0x000000ee2d200000)]
  0x0000026be89ec0a0 JavaThread "Unconstrained build operations Thread 28" [_thread_blocked, id=6996, stack(0x000000ee2d200000,0x000000ee2d300000)]
  0x0000026be89ecac0 JavaThread "Unconstrained build operations Thread 29" [_thread_blocked, id=18176, stack(0x000000ee2d300000,0x000000ee2d400000)]
  0x0000026be8a5e0f0 JavaThread "Unconstrained build operations Thread 30" [_thread_blocked, id=1504, stack(0x000000ee2d400000,0x000000ee2d500000)]
  0x0000026be8a5dbe0 JavaThread "Unconstrained build operations Thread 31" [_thread_blocked, id=5884, stack(0x000000ee2d500000,0x000000ee2d600000)]
  0x0000026be8a5f530 JavaThread "Unconstrained build operations Thread 32" [_thread_blocked, id=19372, stack(0x000000ee2d600000,0x000000ee2d700000)]
  0x0000026be8a5a940 JavaThread "Unconstrained build operations Thread 33" [_thread_blocked, id=1332, stack(0x000000ee2d700000,0x000000ee2d800000)]
  0x0000026be8a5fa40 JavaThread "Memory manager" [_thread_blocked, id=4908, stack(0x000000ee2d800000,0x000000ee2d900000)]
  0x0000026be8a5d1c0 JavaThread "jar transforms Thread 8" [_thread_blocked, id=9312, stack(0x000000ee2d900000,0x000000ee2da00000)]
  0x0000026be8a61db0 JavaThread "Daemon Thread 3" [_thread_blocked, id=26376, stack(0x000000ee27700000,0x000000ee27800000)]

Other Threads:
  0x0000026bce686da0 VMThread "VM Thread" [stack: 0x000000ee27f00000,0x000000ee28000000] [id=18356]
  0x0000026bce97c560 WatcherThread [stack: 0x000000ee28b00000,0x000000ee28c00000] [id=17964]
  0x0000026bb370a3f0 GCTaskThread "GC Thread#0" [stack: 0x000000ee27a00000,0x000000ee27b00000] [id=15436]
  0x0000026be8fa60e0 GCTaskThread "GC Thread#1" [stack: 0x000000ee28e00000,0x000000ee28f00000] [id=20380]
  0x0000026be84c35e0 GCTaskThread "GC Thread#2" [stack: 0x000000ee28f00000,0x000000ee29000000] [id=13816]
  0x0000026bcebbb6c0 GCTaskThread "GC Thread#3" [stack: 0x000000ee29000000,0x000000ee29100000] [id=13188]
  0x0000026be8942550 GCTaskThread "GC Thread#4" [stack: 0x000000ee29100000,0x000000ee29200000] [id=4596]
  0x0000026be88cb120 GCTaskThread "GC Thread#5" [stack: 0x000000ee29200000,0x000000ee29300000] [id=3828]
  0x0000026be9cb9740 GCTaskThread "GC Thread#6" [stack: 0x000000ee29f00000,0x000000ee2a000000] [id=17212]
  0x0000026be9cb8f00 GCTaskThread "GC Thread#7" [stack: 0x000000ee2a000000,0x000000ee2a100000] [id=15532]
  0x0000026be9cb8400 GCTaskThread "GC Thread#8" [stack: 0x000000ee2a100000,0x000000ee2a200000] [id=16568]
  0x0000026be9cb86c0 GCTaskThread "GC Thread#9" [stack: 0x000000ee2a200000,0x000000ee2a300000] [id=17624]
  0x0000026bb3711350 ConcurrentGCThread "G1 Main Marker" [stack: 0x000000ee27b00000,0x000000ee27c00000] [id=9756]
  0x0000026bb3711d70 ConcurrentGCThread "G1 Conc#0" [stack: 0x000000ee27c00000,0x000000ee27d00000] [id=16588]
  0x0000026be9cb8980 ConcurrentGCThread "G1 Conc#1" [stack: 0x000000ee2a700000,0x000000ee2a800000] [id=5288]
  0x0000026be9cb91c0 ConcurrentGCThread "G1 Conc#2" [stack: 0x000000ee2a800000,0x000000ee2a900000] [id=8888]
  0x0000026bb378d740 ConcurrentGCThread "G1 Refine#0" [stack: 0x000000ee27d00000,0x000000ee27e00000] [id=3000]
  0x0000026be82a2020 ConcurrentGCThread "G1 Refine#1" [stack: 0x000000ee27600000,0x000000ee27700000] [id=24764]
  0x0000026bb378e170 ConcurrentGCThread "G1 Service" [stack: 0x000000ee27e00000,0x000000ee27f00000] [id=17860]

Threads with active compile tasks:
C2 CompilerThread0   142923 6581       4       javax.management.ObjectName::construct (1135 bytes)

VM state: not at safepoint (normal execution)

VM Mutex/Monitor currently owned by a thread: None

Heap address: 0x00000000e0000000, size: 512 MB, Compressed Oops mode: 32-bit

CDS archive(s) mapped at: [0x0000026bcf000000-0x0000026bcfbb0000-0x0000026bcfbb0000), size 12255232, SharedBaseAddress: 0x0000026bcf000000, ArchiveRelocationMode: 1.
Compressed class space mapped at: 0x0000026bd0000000-0x0000026be4000000, reserved size: 335544320
Narrow klass base: 0x0000026bcf000000, Narrow klass shift: 0, Narrow klass range: 0x100000000

GC Precious Log:
 CPUs: 12 total, 12 available
 Memory: 7824M
 Large Page Support: Disabled
 NUMA Support: Disabled
 Compressed Oops: Enabled (32-bit)
 Heap Region Size: 1M
 Heap Min Capacity: 256M
 Heap Initial Capacity: 256M
 Heap Max Capacity: 512M
 Pre-touch: Disabled
 Parallel Workers: 10
 Concurrent Workers: 3
 Concurrent Refinement Workers: 10
 Periodic GC: Disabled

Heap:
 garbage-first heap   total 262144K, used 42586K [0x00000000e0000000, 0x0000000100000000)
  region size 1024K, 4 young (4096K), 2 survivors (2048K)
 Metaspace       used 49366K, committed 49984K, reserved 393216K
  class space    used 7019K, committed 7296K, reserved 327680K

Heap Regions: E=young(eden), S=young(survivor), O=old, HS=humongous(starts), HC=humongous(continues), CS=collection set, F=free, OA=open archive, CA=closed archive, TAMS=top-at-mark-start (previous, next)
|   0|0x00000000e0000000, 0x00000000e0100000, 0x00000000e0100000|100%|HS|  |TAMS 0x00000000e0100000, 0x00000000e0000000| Complete 
|   1|0x00000000e0100000, 0x00000000e0200000, 0x00000000e0200000|100%|HC|  |TAMS 0x00000000e0200000, 0x00000000e0100000| Complete 
|   2|0x00000000e0200000, 0x00000000e0300000, 0x00000000e0300000|100%|HC|  |TAMS 0x00000000e0300000, 0x00000000e0200000| Complete 
|   3|0x00000000e0300000, 0x00000000e0400000, 0x00000000e0400000|100%|HC|  |TAMS 0x00000000e0400000, 0x00000000e0300000| Complete 
|   4|0x00000000e0400000, 0x00000000e0500000, 0x00000000e0500000|100%| O|  |TAMS 0x00000000e0400000, 0x00000000e0400000| Untracked 
|   5|0x00000000e0500000, 0x00000000e0600000, 0x00000000e0600000|100%| O|  |TAMS 0x00000000e0600000, 0x00000000e0500000| Untracked 
|   6|0x00000000e0600000, 0x00000000e0700000, 0x00000000e0700000|100%| O|  |TAMS 0x00000000e0700000, 0x00000000e0600000| Untracked 
|   7|0x00000000e0700000, 0x00000000e0800000, 0x00000000e0800000|100%| O|  |TAMS 0x00000000e0800000, 0x00000000e0700000| Untracked 
|   8|0x00000000e0800000, 0x00000000e0900000, 0x00000000e0900000|100%| O|  |TAMS 0x00000000e0900000, 0x00000000e0800000| Untracked 
|   9|0x00000000e0900000, 0x00000000e0a00000, 0x00000000e0a00000|100%| O|  |TAMS 0x00000000e0a00000, 0x00000000e0900000| Untracked 
|  10|0x00000000e0a00000, 0x00000000e0b00000, 0x00000000e0b00000|100%| O|  |TAMS 0x00000000e0b00000, 0x00000000e0a00000| Untracked 
|  11|0x00000000e0b00000, 0x00000000e0c00000, 0x00000000e0c00000|100%|HS|  |TAMS 0x00000000e0c00000, 0x00000000e0b00000| Complete 
|  12|0x00000000e0c00000, 0x00000000e0d00000, 0x00000000e0d00000|100%| O|  |TAMS 0x00000000e0d00000, 0x00000000e0c00000| Untracked 
|  13|0x00000000e0d00000, 0x00000000e0e00000, 0x00000000e0e00000|100%| O|  |TAMS 0x00000000e0e00000, 0x00000000e0d00000| Untracked 
|  14|0x00000000e0e00000, 0x00000000e0f00000, 0x00000000e0f00000|100%| O|  |TAMS 0x00000000e0f00000, 0x00000000e0e00000| Untracked 
|  15|0x00000000e0f00000, 0x00000000e1000000, 0x00000000e1000000|100%| O|  |TAMS 0x00000000e1000000, 0x00000000e0f00000| Untracked 
|  16|0x00000000e1000000, 0x00000000e1100000, 0x00000000e1100000|100%| O|  |TAMS 0x00000000e1100000, 0x00000000e1000000| Untracked 
|  17|0x00000000e1100000, 0x00000000e1200000, 0x00000000e1200000|100%| O|  |TAMS 0x00000000e1200000, 0x00000000e1100000| Untracked 
|  18|0x00000000e1200000, 0x00000000e1300000, 0x00000000e1300000|100%| O|  |TAMS 0x00000000e1300000, 0x00000000e1200000| Untracked 
|  19|0x00000000e1300000, 0x00000000e1400000, 0x00000000e1400000|100%| O|  |TAMS 0x00000000e1400000, 0x00000000e1300000| Untracked 
|  20|0x00000000e1400000, 0x00000000e1500000, 0x00000000e1500000|100%| O|  |TAMS 0x00000000e1500000, 0x00000000e1400000| Untracked 
|  21|0x00000000e1500000, 0x00000000e1600000, 0x00000000e1600000|100%| O|  |TAMS 0x00000000e1600000, 0x00000000e1500000| Untracked 
|  22|0x00000000e1600000, 0x00000000e1700000, 0x00000000e1700000|100%| O|  |TAMS 0x00000000e1700000, 0x00000000e1600000| Untracked 
|  23|0x00000000e1700000, 0x00000000e1800000, 0x00000000e1800000|100%| O|  |TAMS 0x00000000e1800000, 0x00000000e1700000| Untracked 
|  24|0x00000000e1800000, 0x00000000e1900000, 0x00000000e1900000|100%| O|  |TAMS 0x00000000e1900000, 0x00000000e1800000| Untracked 
|  25|0x00000000e1900000, 0x00000000e1a00000, 0x00000000e1a00000|100%| O|  |TAMS 0x00000000e1a00000, 0x00000000e1900000| Untracked 
|  26|0x00000000e1a00000, 0x00000000e1b00000, 0x00000000e1b00000|100%| O|  |TAMS 0x00000000e1b00000, 0x00000000e1a00000| Untracked 
|  27|0x00000000e1b00000, 0x00000000e1c00000, 0x00000000e1c00000|100%| O|  |TAMS 0x00000000e1c00000, 0x00000000e1b00000| Untracked 
|  28|0x00000000e1c00000, 0x00000000e1d00000, 0x00000000e1d00000|100%| O|  |TAMS 0x00000000e1d00000, 0x00000000e1c00000| Untracked 
|  29|0x00000000e1d00000, 0x00000000e1e00000, 0x00000000e1e00000|100%| O|  |TAMS 0x00000000e1e00000, 0x00000000e1d00000| Untracked 
|  30|0x00000000e1e00000, 0x00000000e1f00000, 0x00000000e1f00000|100%| O|  |TAMS 0x00000000e1f00000, 0x00000000e1e00000| Untracked 
|  31|0x00000000e1f00000, 0x00000000e2000000, 0x00000000e2000000|100%| O|  |TAMS 0x00000000e1fe2a00, 0x00000000e1f00000| Untracked 
|  32|0x00000000e2000000, 0x00000000e2100000, 0x00000000e2100000|100%| O|  |TAMS 0x00000000e2000000, 0x00000000e2000000| Untracked 
|  33|0x00000000e2100000, 0x00000000e2200000, 0x00000000e2200000|100%| O|  |TAMS 0x00000000e2100000, 0x00000000e2100000| Untracked 
|  34|0x00000000e2200000, 0x00000000e2300000, 0x00000000e2300000|100%| O|  |TAMS 0x00000000e2200000, 0x00000000e2200000| Untracked 
|  35|0x00000000e2300000, 0x00000000e2400000, 0x00000000e2400000|100%| O|  |TAMS 0x00000000e2300000, 0x00000000e2300000| Untracked 
|  36|0x00000000e2400000, 0x00000000e2500000, 0x00000000e2500000|100%| O|  |TAMS 0x00000000e2400000, 0x00000000e2400000| Untracked 
|  37|0x00000000e2500000, 0x00000000e2600000, 0x00000000e2600000|100%| O|  |TAMS 0x00000000e2500000, 0x00000000e2500000| Untracked 
|  38|0x00000000e2600000, 0x00000000e26bac00, 0x00000000e2700000| 72%| O|  |TAMS 0x00000000e2600000, 0x00000000e2600000| Untracked 
|  39|0x00000000e2700000, 0x00000000e2700000, 0x00000000e2800000|  0%| F|  |TAMS 0x00000000e2700000, 0x00000000e2700000| Untracked 
|  40|0x00000000e2800000, 0x00000000e2800000, 0x00000000e2900000|  0%| F|  |TAMS 0x00000000e2800000, 0x00000000e2800000| Untracked 
|  41|0x00000000e2900000, 0x00000000e2900000, 0x00000000e2a00000|  0%| F|  |TAMS 0x00000000e2900000, 0x00000000e2900000| Untracked 
|  42|0x00000000e2a00000, 0x00000000e2a00000, 0x00000000e2b00000|  0%| F|  |TAMS 0x00000000e2a00000, 0x00000000e2a00000| Untracked 
|  43|0x00000000e2b00000, 0x00000000e2b00000, 0x00000000e2c00000|  0%| F|  |TAMS 0x00000000e2b00000, 0x00000000e2b00000| Untracked 
|  44|0x00000000e2c00000, 0x00000000e2c00000, 0x00000000e2d00000|  0%| F|  |TAMS 0x00000000e2c00000, 0x00000000e2c00000| Untracked 
|  45|0x00000000e2d00000, 0x00000000e2d00000, 0x00000000e2e00000|  0%| F|  |TAMS 0x00000000e2d00000, 0x00000000e2d00000| Untracked 
|  46|0x00000000e2e00000, 0x00000000e2e00000, 0x00000000e2f00000|  0%| F|  |TAMS 0x00000000e2e00000, 0x00000000e2e00000| Untracked 
|  47|0x00000000e2f00000, 0x00000000e2f00000, 0x00000000e3000000|  0%| F|  |TAMS 0x00000000e2f00000, 0x00000000e2f00000| Untracked 
|  48|0x00000000e3000000, 0x00000000e3000000, 0x00000000e3100000|  0%| F|  |TAMS 0x00000000e3000000, 0x00000000e3000000| Untracked 
|  49|0x00000000e3100000, 0x00000000e3100000, 0x00000000e3200000|  0%| F|  |TAMS 0x00000000e3100000, 0x00000000e3100000| Untracked 
|  50|0x00000000e3200000, 0x00000000e3200000, 0x00000000e3300000|  0%| F|  |TAMS 0x00000000e3200000, 0x00000000e3200000| Untracked 
|  51|0x00000000e3300000, 0x00000000e3300000, 0x00000000e3400000|  0%| F|  |TAMS 0x00000000e3300000, 0x00000000e3300000| Untracked 
|  52|0x00000000e3400000, 0x00000000e3400000, 0x00000000e3500000|  0%| F|  |TAMS 0x00000000e3400000, 0x00000000e3400000| Untracked 
|  53|0x00000000e3500000, 0x00000000e3500000, 0x00000000e3600000|  0%| F|  |TAMS 0x00000000e3500000, 0x00000000e3500000| Untracked 
|  54|0x00000000e3600000, 0x00000000e3600000, 0x00000000e3700000|  0%| F|  |TAMS 0x00000000e3600000, 0x00000000e3600000| Untracked 
|  55|0x00000000e3700000, 0x00000000e3700000, 0x00000000e3800000|  0%| F|  |TAMS 0x00000000e3700000, 0x00000000e3700000| Untracked 
|  56|0x00000000e3800000, 0x00000000e3800000, 0x00000000e3900000|  0%| F|  |TAMS 0x00000000e3800000, 0x00000000e3800000| Untracked 
|  57|0x00000000e3900000, 0x00000000e3900000, 0x00000000e3a00000|  0%| F|  |TAMS 0x00000000e3900000, 0x00000000e3900000| Untracked 
|  58|0x00000000e3a00000, 0x00000000e3a00000, 0x00000000e3b00000|  0%| F|  |TAMS 0x00000000e3a00000, 0x00000000e3a00000| Untracked 
|  59|0x00000000e3b00000, 0x00000000e3b00000, 0x00000000e3c00000|  0%| F|  |TAMS 0x00000000e3b00000, 0x00000000e3b00000| Untracked 
|  60|0x00000000e3c00000, 0x00000000e3c00000, 0x00000000e3d00000|  0%| F|  |TAMS 0x00000000e3c00000, 0x00000000e3c00000| Untracked 
|  61|0x00000000e3d00000, 0x00000000e3d00000, 0x00000000e3e00000|  0%| F|  |TAMS 0x00000000e3d00000, 0x00000000e3d00000| Untracked 
|  62|0x00000000e3e00000, 0x00000000e3e00000, 0x00000000e3f00000|  0%| F|  |TAMS 0x00000000e3e00000, 0x00000000e3e00000| Untracked 
|  63|0x00000000e3f00000, 0x00000000e3f00000, 0x00000000e4000000|  0%| F|  |TAMS 0x00000000e3f00000, 0x00000000e3f00000| Untracked 
|  64|0x00000000e4000000, 0x00000000e4000000, 0x00000000e4100000|  0%| F|  |TAMS 0x00000000e4000000, 0x00000000e4000000| Untracked 
|  65|0x00000000e4100000, 0x00000000e4100000, 0x00000000e4200000|  0%| F|  |TAMS 0x00000000e4100000, 0x00000000e4100000| Untracked 
|  66|0x00000000e4200000, 0x00000000e4200000, 0x00000000e4300000|  0%| F|  |TAMS 0x00000000e4200000, 0x00000000e4200000| Untracked 
|  67|0x00000000e4300000, 0x00000000e4300000, 0x00000000e4400000|  0%| F|  |TAMS 0x00000000e4300000, 0x00000000e4300000| Untracked 
|  68|0x00000000e4400000, 0x00000000e4400000, 0x00000000e4500000|  0%| F|  |TAMS 0x00000000e4400000, 0x00000000e4400000| Untracked 
|  69|0x00000000e4500000, 0x00000000e4500000, 0x00000000e4600000|  0%| F|  |TAMS 0x00000000e4500000, 0x00000000e4500000| Untracked 
|  70|0x00000000e4600000, 0x00000000e4600000, 0x00000000e4700000|  0%| F|  |TAMS 0x00000000e4600000, 0x00000000e4600000| Untracked 
|  71|0x00000000e4700000, 0x00000000e4700000, 0x00000000e4800000|  0%| F|  |TAMS 0x00000000e4700000, 0x00000000e4700000| Untracked 
|  72|0x00000000e4800000, 0x00000000e4800000, 0x00000000e4900000|  0%| F|  |TAMS 0x00000000e4800000, 0x00000000e4800000| Untracked 
|  73|0x00000000e4900000, 0x00000000e4900000, 0x00000000e4a00000|  0%| F|  |TAMS 0x00000000e4900000, 0x00000000e4900000| Untracked 
|  74|0x00000000e4a00000, 0x00000000e4a00000, 0x00000000e4b00000|  0%| F|  |TAMS 0x00000000e4a00000, 0x00000000e4a00000| Untracked 
|  75|0x00000000e4b00000, 0x00000000e4b00000, 0x00000000e4c00000|  0%| F|  |TAMS 0x00000000e4b00000, 0x00000000e4b00000| Untracked 
|  76|0x00000000e4c00000, 0x00000000e4c00000, 0x00000000e4d00000|  0%| F|  |TAMS 0x00000000e4c00000, 0x00000000e4c00000| Untracked 
|  77|0x00000000e4d00000, 0x00000000e4d00000, 0x00000000e4e00000|  0%| F|  |TAMS 0x00000000e4d00000, 0x00000000e4d00000| Untracked 
|  78|0x00000000e4e00000, 0x00000000e4e00000, 0x00000000e4f00000|  0%| F|  |TAMS 0x00000000e4e00000, 0x00000000e4e00000| Untracked 
|  79|0x00000000e4f00000, 0x00000000e4f00000, 0x00000000e5000000|  0%| F|  |TAMS 0x00000000e4f00000, 0x00000000e4f00000| Untracked 
|  80|0x00000000e5000000, 0x00000000e5000000, 0x00000000e5100000|  0%| F|  |TAMS 0x00000000e5000000, 0x00000000e5000000| Untracked 
|  81|0x00000000e5100000, 0x00000000e5100000, 0x00000000e5200000|  0%| F|  |TAMS 0x00000000e5100000, 0x00000000e5100000| Untracked 
|  82|0x00000000e5200000, 0x00000000e5200000, 0x00000000e5300000|  0%| F|  |TAMS 0x00000000e5200000, 0x00000000e5200000| Untracked 
|  83|0x00000000e5300000, 0x00000000e5300000, 0x00000000e5400000|  0%| F|  |TAMS 0x00000000e5300000, 0x00000000e5300000| Untracked 
|  84|0x00000000e5400000, 0x00000000e5400000, 0x00000000e5500000|  0%| F|  |TAMS 0x00000000e5400000, 0x00000000e5400000| Untracked 
|  85|0x00000000e5500000, 0x00000000e5500000, 0x00000000e5600000|  0%| F|  |TAMS 0x00000000e5500000, 0x00000000e5500000| Untracked 
|  86|0x00000000e5600000, 0x00000000e5600000, 0x00000000e5700000|  0%| F|  |TAMS 0x00000000e5600000, 0x00000000e5600000| Untracked 
|  87|0x00000000e5700000, 0x00000000e5700000, 0x00000000e5800000|  0%| F|  |TAMS 0x00000000e5700000, 0x00000000e5700000| Untracked 
|  88|0x00000000e5800000, 0x00000000e5800000, 0x00000000e5900000|  0%| F|  |TAMS 0x00000000e5800000, 0x00000000e5800000| Untracked 
|  89|0x00000000e5900000, 0x00000000e5900000, 0x00000000e5a00000|  0%| F|  |TAMS 0x00000000e5900000, 0x00000000e5900000| Untracked 
|  90|0x00000000e5a00000, 0x00000000e5a00000, 0x00000000e5b00000|  0%| F|  |TAMS 0x00000000e5a00000, 0x00000000e5a00000| Untracked 
|  91|0x00000000e5b00000, 0x00000000e5b00000, 0x00000000e5c00000|  0%| F|  |TAMS 0x00000000e5b00000, 0x00000000e5b00000| Untracked 
|  92|0x00000000e5c00000, 0x00000000e5c00000, 0x00000000e5d00000|  0%| F|  |TAMS 0x00000000e5c00000, 0x00000000e5c00000| Untracked 
|  93|0x00000000e5d00000, 0x00000000e5d00000, 0x00000000e5e00000|  0%| F|  |TAMS 0x00000000e5d00000, 0x00000000e5d00000| Untracked 
|  94|0x00000000e5e00000, 0x00000000e5e00000, 0x00000000e5f00000|  0%| F|  |TAMS 0x00000000e5e00000, 0x00000000e5e00000| Untracked 
|  95|0x00000000e5f00000, 0x00000000e5f00000, 0x00000000e6000000|  0%| F|  |TAMS 0x00000000e5f00000, 0x00000000e5f00000| Untracked 
|  96|0x00000000e6000000, 0x00000000e6000000, 0x00000000e6100000|  0%| F|  |TAMS 0x00000000e6000000, 0x00000000e6000000| Untracked 
|  97|0x00000000e6100000, 0x00000000e6100000, 0x00000000e6200000|  0%| F|  |TAMS 0x00000000e6100000, 0x00000000e6100000| Untracked 
|  98|0x00000000e6200000, 0x00000000e6200000, 0x00000000e6300000|  0%| F|  |TAMS 0x00000000e6200000, 0x00000000e6200000| Untracked 
|  99|0x00000000e6300000, 0x00000000e6300000, 0x00000000e6400000|  0%| F|  |TAMS 0x00000000e6300000, 0x00000000e6300000| Untracked 
| 100|0x00000000e6400000, 0x00000000e6400000, 0x00000000e6500000|  0%| F|  |TAMS 0x00000000e6400000, 0x00000000e6400000| Untracked 
| 101|0x00000000e6500000, 0x00000000e6500000, 0x00000000e6600000|  0%| F|  |TAMS 0x00000000e6500000, 0x00000000e6500000| Untracked 
| 102|0x00000000e6600000, 0x00000000e6600000, 0x00000000e6700000|  0%| F|  |TAMS 0x00000000e6600000, 0x00000000e6600000| Untracked 
| 103|0x00000000e6700000, 0x00000000e6700000, 0x00000000e6800000|  0%| F|  |TAMS 0x00000000e6700000, 0x00000000e6700000| Untracked 
| 104|0x00000000e6800000, 0x00000000e6800000, 0x00000000e6900000|  0%| F|  |TAMS 0x00000000e6800000, 0x00000000e6800000| Untracked 
| 105|0x00000000e6900000, 0x00000000e6900000, 0x00000000e6a00000|  0%| F|  |TAMS 0x00000000e6900000, 0x00000000e6900000| Untracked 
| 106|0x00000000e6a00000, 0x00000000e6a00000, 0x00000000e6b00000|  0%| F|  |TAMS 0x00000000e6a00000, 0x00000000e6a00000| Untracked 
| 107|0x00000000e6b00000, 0x00000000e6b00000, 0x00000000e6c00000|  0%| F|  |TAMS 0x00000000e6b00000, 0x00000000e6b00000| Untracked 
| 108|0x00000000e6c00000, 0x00000000e6c00000, 0x00000000e6d00000|  0%| F|  |TAMS 0x00000000e6c00000, 0x00000000e6c00000| Untracked 
| 109|0x00000000e6d00000, 0x00000000e6d00000, 0x00000000e6e00000|  0%| F|  |TAMS 0x00000000e6d00000, 0x00000000e6d00000| Untracked 
| 110|0x00000000e6e00000, 0x00000000e6e00000, 0x00000000e6f00000|  0%| F|  |TAMS 0x00000000e6e00000, 0x00000000e6e00000| Untracked 
| 111|0x00000000e6f00000, 0x00000000e6f00000, 0x00000000e7000000|  0%| F|  |TAMS 0x00000000e6f00000, 0x00000000e6f00000| Untracked 
| 112|0x00000000e7000000, 0x00000000e7000000, 0x00000000e7100000|  0%| F|  |TAMS 0x00000000e7000000, 0x00000000e7000000| Untracked 
| 113|0x00000000e7100000, 0x00000000e7100000, 0x00000000e7200000|  0%| F|  |TAMS 0x00000000e7100000, 0x00000000e7100000| Untracked 
| 114|0x00000000e7200000, 0x00000000e7200000, 0x00000000e7300000|  0%| F|  |TAMS 0x00000000e7200000, 0x00000000e7200000| Untracked 
| 115|0x00000000e7300000, 0x00000000e7300000, 0x00000000e7400000|  0%| F|  |TAMS 0x00000000e7300000, 0x00000000e7300000| Untracked 
| 116|0x00000000e7400000, 0x00000000e7400000, 0x00000000e7500000|  0%| F|  |TAMS 0x00000000e7400000, 0x00000000e7400000| Untracked 
| 117|0x00000000e7500000, 0x00000000e7500000, 0x00000000e7600000|  0%| F|  |TAMS 0x00000000e7500000, 0x00000000e7500000| Untracked 
| 118|0x00000000e7600000, 0x00000000e7600000, 0x00000000e7700000|  0%| F|  |TAMS 0x00000000e7600000, 0x00000000e7600000| Untracked 
| 119|0x00000000e7700000, 0x00000000e7700000, 0x00000000e7800000|  0%| F|  |TAMS 0x00000000e7700000, 0x00000000e7700000| Untracked 
| 120|0x00000000e7800000, 0x00000000e7800000, 0x00000000e7900000|  0%| F|  |TAMS 0x00000000e7800000, 0x00000000e7800000| Untracked 
| 121|0x00000000e7900000, 0x00000000e7900000, 0x00000000e7a00000|  0%| F|  |TAMS 0x00000000e7900000, 0x00000000e7900000| Untracked 
| 122|0x00000000e7a00000, 0x00000000e7a00000, 0x00000000e7b00000|  0%| F|  |TAMS 0x00000000e7a00000, 0x00000000e7a00000| Untracked 
| 123|0x00000000e7b00000, 0x00000000e7b00000, 0x00000000e7c00000|  0%| F|  |TAMS 0x00000000e7b00000, 0x00000000e7b00000| Untracked 
| 124|0x00000000e7c00000, 0x00000000e7c00000, 0x00000000e7d00000|  0%| F|  |TAMS 0x00000000e7c00000, 0x00000000e7c00000| Untracked 
| 125|0x00000000e7d00000, 0x00000000e7d00000, 0x00000000e7e00000|  0%| F|  |TAMS 0x00000000e7d00000, 0x00000000e7d00000| Untracked 
| 126|0x00000000e7e00000, 0x00000000e7e00000, 0x00000000e7f00000|  0%| F|  |TAMS 0x00000000e7e00000, 0x00000000e7e00000| Untracked 
| 127|0x00000000e7f00000, 0x00000000e7f00000, 0x00000000e8000000|  0%| F|  |TAMS 0x00000000e7f00000, 0x00000000e7f00000| Untracked 
| 128|0x00000000e8000000, 0x00000000e8000000, 0x00000000e8100000|  0%| F|  |TAMS 0x00000000e8000000, 0x00000000e8000000| Untracked 
| 129|0x00000000e8100000, 0x00000000e8100000, 0x00000000e8200000|  0%| F|  |TAMS 0x00000000e8100000, 0x00000000e8100000| Untracked 
| 130|0x00000000e8200000, 0x00000000e8200000, 0x00000000e8300000|  0%| F|  |TAMS 0x00000000e8200000, 0x00000000e8200000| Untracked 
| 131|0x00000000e8300000, 0x00000000e8300000, 0x00000000e8400000|  0%| F|  |TAMS 0x00000000e8300000, 0x00000000e8300000| Untracked 
| 132|0x00000000e8400000, 0x00000000e8400000, 0x00000000e8500000|  0%| F|  |TAMS 0x00000000e8400000, 0x00000000e8400000| Untracked 
| 133|0x00000000e8500000, 0x00000000e8500000, 0x00000000e8600000|  0%| F|  |TAMS 0x00000000e8500000, 0x00000000e8500000| Untracked 
| 134|0x00000000e8600000, 0x00000000e8600000, 0x00000000e8700000|  0%| F|  |TAMS 0x00000000e8600000, 0x00000000e8600000| Untracked 
| 135|0x00000000e8700000, 0x00000000e8700000, 0x00000000e8800000|  0%| F|  |TAMS 0x00000000e8700000, 0x00000000e8700000| Untracked 
| 136|0x00000000e8800000, 0x00000000e8800000, 0x00000000e8900000|  0%| F|  |TAMS 0x00000000e8800000, 0x00000000e8800000| Untracked 
| 137|0x00000000e8900000, 0x00000000e8900000, 0x00000000e8a00000|  0%| F|  |TAMS 0x00000000e8900000, 0x00000000e8900000| Untracked 
| 138|0x00000000e8a00000, 0x00000000e8a00000, 0x00000000e8b00000|  0%| F|  |TAMS 0x00000000e8a00000, 0x00000000e8a00000| Untracked 
| 139|0x00000000e8b00000, 0x00000000e8b00000, 0x00000000e8c00000|  0%| F|  |TAMS 0x00000000e8b00000, 0x00000000e8b00000| Untracked 
| 140|0x00000000e8c00000, 0x00000000e8c00000, 0x00000000e8d00000|  0%| F|  |TAMS 0x00000000e8c00000, 0x00000000e8c00000| Untracked 
| 141|0x00000000e8d00000, 0x00000000e8d00000, 0x00000000e8e00000|  0%| F|  |TAMS 0x00000000e8d00000, 0x00000000e8d00000| Untracked 
| 142|0x00000000e8e00000, 0x00000000e8e00000, 0x00000000e8f00000|  0%| F|  |TAMS 0x00000000e8e00000, 0x00000000e8e00000| Untracked 
| 143|0x00000000e8f00000, 0x00000000e8f00000, 0x00000000e9000000|  0%| F|  |TAMS 0x00000000e8f00000, 0x00000000e8f00000| Untracked 
| 144|0x00000000e9000000, 0x00000000e9000000, 0x00000000e9100000|  0%| F|  |TAMS 0x00000000e9000000, 0x00000000e9000000| Untracked 
| 145|0x00000000e9100000, 0x00000000e9100000, 0x00000000e9200000|  0%| F|  |TAMS 0x00000000e9100000, 0x00000000e9100000| Untracked 
| 146|0x00000000e9200000, 0x00000000e9200000, 0x00000000e9300000|  0%| F|  |TAMS 0x00000000e9200000, 0x00000000e9200000| Untracked 
| 147|0x00000000e9300000, 0x00000000e9300000, 0x00000000e9400000|  0%| F|  |TAMS 0x00000000e9300000, 0x00000000e9300000| Untracked 
| 148|0x00000000e9400000, 0x00000000e9400000, 0x00000000e9500000|  0%| F|  |TAMS 0x00000000e9400000, 0x00000000e9400000| Untracked 
| 149|0x00000000e9500000, 0x00000000e9500000, 0x00000000e9600000|  0%| F|  |TAMS 0x00000000e9500000, 0x00000000e9500000| Untracked 
| 150|0x00000000e9600000, 0x00000000e9600000, 0x00000000e9700000|  0%| F|  |TAMS 0x00000000e9600000, 0x00000000e9600000| Untracked 
| 151|0x00000000e9700000, 0x00000000e9700000, 0x00000000e9800000|  0%| F|  |TAMS 0x00000000e9700000, 0x00000000e9700000| Untracked 
| 152|0x00000000e9800000, 0x00000000e9800000, 0x00000000e9900000|  0%| F|  |TAMS 0x00000000e9800000, 0x00000000e9800000| Untracked 
| 153|0x00000000e9900000, 0x00000000e9900000, 0x00000000e9a00000|  0%| F|  |TAMS 0x00000000e9900000, 0x00000000e9900000| Untracked 
| 154|0x00000000e9a00000, 0x00000000e9a00000, 0x00000000e9b00000|  0%| F|  |TAMS 0x00000000e9a00000, 0x00000000e9a00000| Untracked 
| 155|0x00000000e9b00000, 0x00000000e9b00000, 0x00000000e9c00000|  0%| F|  |TAMS 0x00000000e9b00000, 0x00000000e9b00000| Untracked 
| 156|0x00000000e9c00000, 0x00000000e9c00000, 0x00000000e9d00000|  0%| F|  |TAMS 0x00000000e9c00000, 0x00000000e9c00000| Untracked 
| 157|0x00000000e9d00000, 0x00000000e9d00000, 0x00000000e9e00000|  0%| F|  |TAMS 0x00000000e9d00000, 0x00000000e9d00000| Untracked 
| 158|0x00000000e9e00000, 0x00000000e9e00000, 0x00000000e9f00000|  0%| F|  |TAMS 0x00000000e9e00000, 0x00000000e9e00000| Untracked 
| 159|0x00000000e9f00000, 0x00000000e9f00000, 0x00000000ea000000|  0%| F|  |TAMS 0x00000000e9f00000, 0x00000000e9f00000| Untracked 
| 160|0x00000000ea000000, 0x00000000ea000000, 0x00000000ea100000|  0%| F|  |TAMS 0x00000000ea000000, 0x00000000ea000000| Untracked 
| 161|0x00000000ea100000, 0x00000000ea100000, 0x00000000ea200000|  0%| F|  |TAMS 0x00000000ea100000, 0x00000000ea100000| Untracked 
| 162|0x00000000ea200000, 0x00000000ea200000, 0x00000000ea300000|  0%| F|  |TAMS 0x00000000ea200000, 0x00000000ea200000| Untracked 
| 163|0x00000000ea300000, 0x00000000ea300000, 0x00000000ea400000|  0%| F|  |TAMS 0x00000000ea300000, 0x00000000ea300000| Untracked 
| 164|0x00000000ea400000, 0x00000000ea400000, 0x00000000ea500000|  0%| F|  |TAMS 0x00000000ea400000, 0x00000000ea400000| Untracked 
| 165|0x00000000ea500000, 0x00000000ea500000, 0x00000000ea600000|  0%| F|  |TAMS 0x00000000ea500000, 0x00000000ea500000| Untracked 
| 166|0x00000000ea600000, 0x00000000ea600000, 0x00000000ea700000|  0%| F|  |TAMS 0x00000000ea600000, 0x00000000ea600000| Untracked 
| 167|0x00000000ea700000, 0x00000000ea700000, 0x00000000ea800000|  0%| F|  |TAMS 0x00000000ea700000, 0x00000000ea700000| Untracked 
| 168|0x00000000ea800000, 0x00000000ea800000, 0x00000000ea900000|  0%| F|  |TAMS 0x00000000ea800000, 0x00000000ea800000| Untracked 
| 169|0x00000000ea900000, 0x00000000ea900000, 0x00000000eaa00000|  0%| F|  |TAMS 0x00000000ea900000, 0x00000000ea900000| Untracked 
| 170|0x00000000eaa00000, 0x00000000eaa00000, 0x00000000eab00000|  0%| F|  |TAMS 0x00000000eaa00000, 0x00000000eaa00000| Untracked 
| 171|0x00000000eab00000, 0x00000000eab00000, 0x00000000eac00000|  0%| F|  |TAMS 0x00000000eab00000, 0x00000000eab00000| Untracked 
| 172|0x00000000eac00000, 0x00000000eac00000, 0x00000000ead00000|  0%| F|  |TAMS 0x00000000eac00000, 0x00000000eac00000| Untracked 
| 173|0x00000000ead00000, 0x00000000ead00000, 0x00000000eae00000|  0%| F|  |TAMS 0x00000000ead00000, 0x00000000ead00000| Untracked 
| 174|0x00000000eae00000, 0x00000000eae00000, 0x00000000eaf00000|  0%| F|  |TAMS 0x00000000eae00000, 0x00000000eae00000| Untracked 
| 175|0x00000000eaf00000, 0x00000000eaf00000, 0x00000000eb000000|  0%| F|  |TAMS 0x00000000eaf00000, 0x00000000eaf00000| Untracked 
| 176|0x00000000eb000000, 0x00000000eb000000, 0x00000000eb100000|  0%| F|  |TAMS 0x00000000eb000000, 0x00000000eb000000| Untracked 
| 177|0x00000000eb100000, 0x00000000eb100000, 0x00000000eb200000|  0%| F|  |TAMS 0x00000000eb100000, 0x00000000eb100000| Untracked 
| 178|0x00000000eb200000, 0x00000000eb200000, 0x00000000eb300000|  0%| F|  |TAMS 0x00000000eb200000, 0x00000000eb200000| Untracked 
| 179|0x00000000eb300000, 0x00000000eb300000, 0x00000000eb400000|  0%| F|  |TAMS 0x00000000eb300000, 0x00000000eb300000| Untracked 
| 180|0x00000000eb400000, 0x00000000eb400000, 0x00000000eb500000|  0%| F|  |TAMS 0x00000000eb400000, 0x00000000eb400000| Untracked 
| 181|0x00000000eb500000, 0x00000000eb500000, 0x00000000eb600000|  0%| F|  |TAMS 0x00000000eb500000, 0x00000000eb500000| Untracked 
| 182|0x00000000eb600000, 0x00000000eb600000, 0x00000000eb700000|  0%| F|  |TAMS 0x00000000eb600000, 0x00000000eb600000| Untracked 
| 183|0x00000000eb700000, 0x00000000eb700000, 0x00000000eb800000|  0%| F|  |TAMS 0x00000000eb700000, 0x00000000eb700000| Untracked 
| 184|0x00000000eb800000, 0x00000000eb800000, 0x00000000eb900000|  0%| F|  |TAMS 0x00000000eb800000, 0x00000000eb800000| Untracked 
| 185|0x00000000eb900000, 0x00000000eb900000, 0x00000000eba00000|  0%| F|  |TAMS 0x00000000eb900000, 0x00000000eb900000| Untracked 
| 186|0x00000000eba00000, 0x00000000eba00000, 0x00000000ebb00000|  0%| F|  |TAMS 0x00000000eba00000, 0x00000000eba00000| Untracked 
| 187|0x00000000ebb00000, 0x00000000ebb00000, 0x00000000ebc00000|  0%| F|  |TAMS 0x00000000ebb00000, 0x00000000ebb00000| Untracked 
| 188|0x00000000ebc00000, 0x00000000ebc00000, 0x00000000ebd00000|  0%| F|  |TAMS 0x00000000ebc00000, 0x00000000ebc00000| Untracked 
| 189|0x00000000ebd00000, 0x00000000ebd00000, 0x00000000ebe00000|  0%| F|  |TAMS 0x00000000ebd00000, 0x00000000ebd00000| Untracked 
| 190|0x00000000ebe00000, 0x00000000ebe00000, 0x00000000ebf00000|  0%| F|  |TAMS 0x00000000ebe00000, 0x00000000ebe00000| Untracked 
| 191|0x00000000ebf00000, 0x00000000ebf00000, 0x00000000ec000000|  0%| F|  |TAMS 0x00000000ebf00000, 0x00000000ebf00000| Untracked 
| 192|0x00000000ec000000, 0x00000000ec000000, 0x00000000ec100000|  0%| F|  |TAMS 0x00000000ec000000, 0x00000000ec000000| Untracked 
| 193|0x00000000ec100000, 0x00000000ec100000, 0x00000000ec200000|  0%| F|  |TAMS 0x00000000ec100000, 0x00000000ec100000| Untracked 
| 194|0x00000000ec200000, 0x00000000ec200000, 0x00000000ec300000|  0%| F|  |TAMS 0x00000000ec200000, 0x00000000ec200000| Untracked 
| 195|0x00000000ec300000, 0x00000000ec300000, 0x00000000ec400000|  0%| F|  |TAMS 0x00000000ec300000, 0x00000000ec300000| Untracked 
| 196|0x00000000ec400000, 0x00000000ec400000, 0x00000000ec500000|  0%| F|  |TAMS 0x00000000ec400000, 0x00000000ec400000| Untracked 
| 197|0x00000000ec500000, 0x00000000ec500000, 0x00000000ec600000|  0%| F|  |TAMS 0x00000000ec500000, 0x00000000ec500000| Untracked 
| 198|0x00000000ec600000, 0x00000000ec600000, 0x00000000ec700000|  0%| F|  |TAMS 0x00000000ec600000, 0x00000000ec600000| Untracked 
| 199|0x00000000ec700000, 0x00000000ec700000, 0x00000000ec800000|  0%| F|  |TAMS 0x00000000ec700000, 0x00000000ec700000| Untracked 
| 200|0x00000000ec800000, 0x00000000ec800000, 0x00000000ec900000|  0%| F|  |TAMS 0x00000000ec800000, 0x00000000ec800000| Untracked 
| 201|0x00000000ec900000, 0x00000000ec900000, 0x00000000eca00000|  0%| F|  |TAMS 0x00000000ec900000, 0x00000000ec900000| Untracked 
| 202|0x00000000eca00000, 0x00000000eca00000, 0x00000000ecb00000|  0%| F|  |TAMS 0x00000000eca00000, 0x00000000eca00000| Untracked 
| 203|0x00000000ecb00000, 0x00000000ecb00000, 0x00000000ecc00000|  0%| F|  |TAMS 0x00000000ecb00000, 0x00000000ecb00000| Untracked 
| 204|0x00000000ecc00000, 0x00000000ecc00000, 0x00000000ecd00000|  0%| F|  |TAMS 0x00000000ecc00000, 0x00000000ecc00000| Untracked 
| 205|0x00000000ecd00000, 0x00000000ecd00000, 0x00000000ece00000|  0%| F|  |TAMS 0x00000000ecd00000, 0x00000000ecd00000| Untracked 
| 206|0x00000000ece00000, 0x00000000ece00000, 0x00000000ecf00000|  0%| F|  |TAMS 0x00000000ece00000, 0x00000000ece00000| Untracked 
| 207|0x00000000ecf00000, 0x00000000ecf00000, 0x00000000ed000000|  0%| F|  |TAMS 0x00000000ecf00000, 0x00000000ecf00000| Untracked 
| 208|0x00000000ed000000, 0x00000000ed000000, 0x00000000ed100000|  0%| F|  |TAMS 0x00000000ed000000, 0x00000000ed000000| Untracked 
| 209|0x00000000ed100000, 0x00000000ed100000, 0x00000000ed200000|  0%| F|  |TAMS 0x00000000ed100000, 0x00000000ed100000| Untracked 
| 210|0x00000000ed200000, 0x00000000ed200000, 0x00000000ed300000|  0%| F|  |TAMS 0x00000000ed200000, 0x00000000ed200000| Untracked 
| 211|0x00000000ed300000, 0x00000000ed300000, 0x00000000ed400000|  0%| F|  |TAMS 0x00000000ed300000, 0x00000000ed300000| Untracked 
| 212|0x00000000ed400000, 0x00000000ed400000, 0x00000000ed500000|  0%| F|  |TAMS 0x00000000ed400000, 0x00000000ed400000| Untracked 
| 213|0x00000000ed500000, 0x00000000ed500000, 0x00000000ed600000|  0%| F|  |TAMS 0x00000000ed500000, 0x00000000ed500000| Untracked 
| 214|0x00000000ed600000, 0x00000000ed600000, 0x00000000ed700000|  0%| F|  |TAMS 0x00000000ed600000, 0x00000000ed600000| Untracked 
| 215|0x00000000ed700000, 0x00000000ed700000, 0x00000000ed800000|  0%| F|  |TAMS 0x00000000ed700000, 0x00000000ed700000| Untracked 
| 216|0x00000000ed800000, 0x00000000ed800000, 0x00000000ed900000|  0%| F|  |TAMS 0x00000000ed800000, 0x00000000ed800000| Untracked 
| 217|0x00000000ed900000, 0x00000000ed900000, 0x00000000eda00000|  0%| F|  |TAMS 0x00000000ed900000, 0x00000000ed900000| Untracked 
| 218|0x00000000eda00000, 0x00000000eda00000, 0x00000000edb00000|  0%| F|  |TAMS 0x00000000eda00000, 0x00000000eda00000| Untracked 
| 219|0x00000000edb00000, 0x00000000edb00000, 0x00000000edc00000|  0%| F|  |TAMS 0x00000000edb00000, 0x00000000edb00000| Untracked 
| 220|0x00000000edc00000, 0x00000000edc00000, 0x00000000edd00000|  0%| F|  |TAMS 0x00000000edc00000, 0x00000000edc00000| Untracked 
| 221|0x00000000edd00000, 0x00000000edd00000, 0x00000000ede00000|  0%| F|  |TAMS 0x00000000edd00000, 0x00000000edd00000| Untracked 
| 222|0x00000000ede00000, 0x00000000ede00000, 0x00000000edf00000|  0%| F|  |TAMS 0x00000000ede00000, 0x00000000ede00000| Untracked 
| 223|0x00000000edf00000, 0x00000000edf00000, 0x00000000ee000000|  0%| F|  |TAMS 0x00000000edf00000, 0x00000000edf00000| Untracked 
| 224|0x00000000ee000000, 0x00000000ee000000, 0x00000000ee100000|  0%| F|  |TAMS 0x00000000ee000000, 0x00000000ee000000| Untracked 
| 225|0x00000000ee100000, 0x00000000ee100000, 0x00000000ee200000|  0%| F|  |TAMS 0x00000000ee100000, 0x00000000ee100000| Untracked 
| 226|0x00000000ee200000, 0x00000000ee200000, 0x00000000ee300000|  0%| F|  |TAMS 0x00000000ee200000, 0x00000000ee200000| Untracked 
| 227|0x00000000ee300000, 0x00000000ee300000, 0x00000000ee400000|  0%| F|  |TAMS 0x00000000ee300000, 0x00000000ee300000| Untracked 
| 228|0x00000000ee400000, 0x00000000ee400000, 0x00000000ee500000|  0%| F|  |TAMS 0x00000000ee400000, 0x00000000ee400000| Untracked 
| 229|0x00000000ee500000, 0x00000000ee500000, 0x00000000ee600000|  0%| F|  |TAMS 0x00000000ee500000, 0x00000000ee500000| Untracked 
| 230|0x00000000ee600000, 0x00000000ee600000, 0x00000000ee700000|  0%| F|  |TAMS 0x00000000ee600000, 0x00000000ee600000| Untracked 
| 231|0x00000000ee700000, 0x00000000ee700000, 0x00000000ee800000|  0%| F|  |TAMS 0x00000000ee700000, 0x00000000ee700000| Untracked 
| 232|0x00000000ee800000, 0x00000000ee800000, 0x00000000ee900000|  0%| F|  |TAMS 0x00000000ee800000, 0x00000000ee800000| Untracked 
| 233|0x00000000ee900000, 0x00000000ee900000, 0x00000000eea00000|  0%| F|  |TAMS 0x00000000ee900000, 0x00000000ee900000| Untracked 
| 234|0x00000000eea00000, 0x00000000eea00000, 0x00000000eeb00000|  0%| F|  |TAMS 0x00000000eea00000, 0x00000000eea00000| Untracked 
| 235|0x00000000eeb00000, 0x00000000eeb00000, 0x00000000eec00000|  0%| F|  |TAMS 0x00000000eeb00000, 0x00000000eeb00000| Untracked 
| 236|0x00000000eec00000, 0x00000000eec00000, 0x00000000eed00000|  0%| F|  |TAMS 0x00000000eec00000, 0x00000000eec00000| Untracked 
| 237|0x00000000eed00000, 0x00000000eed00000, 0x00000000eee00000|  0%| F|  |TAMS 0x00000000eed00000, 0x00000000eed00000| Untracked 
| 238|0x00000000eee00000, 0x00000000eeedbd50, 0x00000000eef00000| 85%| S|CS|TAMS 0x00000000eee00000, 0x00000000eee00000| Complete 
| 239|0x00000000eef00000, 0x00000000ef000000, 0x00000000ef000000|100%| S|CS|TAMS 0x00000000eef00000, 0x00000000eef00000| Complete 
| 240|0x00000000ef000000, 0x00000000ef000000, 0x00000000ef100000|  0%| F|  |TAMS 0x00000000ef000000, 0x00000000ef000000| Untracked 
| 241|0x00000000ef100000, 0x00000000ef100000, 0x00000000ef200000|  0%| F|  |TAMS 0x00000000ef100000, 0x00000000ef100000| Untracked 
| 242|0x00000000ef200000, 0x00000000ef200000, 0x00000000ef300000|  0%| F|  |TAMS 0x00000000ef200000, 0x00000000ef200000| Untracked 
| 243|0x00000000ef300000, 0x00000000ef300000, 0x00000000ef400000|  0%| F|  |TAMS 0x00000000ef300000, 0x00000000ef300000| Untracked 
| 244|0x00000000ef400000, 0x00000000ef400000, 0x00000000ef500000|  0%| F|  |TAMS 0x00000000ef400000, 0x00000000ef400000| Untracked 
| 245|0x00000000ef500000, 0x00000000ef500000, 0x00000000ef600000|  0%| F|  |TAMS 0x00000000ef500000, 0x00000000ef500000| Untracked 
| 246|0x00000000ef600000, 0x00000000ef600000, 0x00000000ef700000|  0%| F|  |TAMS 0x00000000ef600000, 0x00000000ef600000| Untracked 
| 247|0x00000000ef700000, 0x00000000ef700000, 0x00000000ef800000|  0%| F|  |TAMS 0x00000000ef700000, 0x00000000ef700000| Untracked 
| 248|0x00000000ef800000, 0x00000000ef800000, 0x00000000ef900000|  0%| F|  |TAMS 0x00000000ef800000, 0x00000000ef800000| Untracked 
| 249|0x00000000ef900000, 0x00000000ef900000, 0x00000000efa00000|  0%| F|  |TAMS 0x00000000ef900000, 0x00000000ef900000| Untracked 
| 250|0x00000000efa00000, 0x00000000efa00000, 0x00000000efb00000|  0%| F|  |TAMS 0x00000000efa00000, 0x00000000efa00000| Untracked 
| 251|0x00000000efb00000, 0x00000000efb00000, 0x00000000efc00000|  0%| F|  |TAMS 0x00000000efb00000, 0x00000000efb00000| Untracked 
| 252|0x00000000efc00000, 0x00000000efc00000, 0x00000000efd00000|  0%| F|  |TAMS 0x00000000efc00000, 0x00000000efc00000| Untracked 
| 253|0x00000000efd00000, 0x00000000efd00000, 0x00000000efe00000|  0%| F|  |TAMS 0x00000000efd00000, 0x00000000efd00000| Untracked 
| 254|0x00000000efe00000, 0x00000000efee6e20, 0x00000000eff00000| 90%| E|  |TAMS 0x00000000efe00000, 0x00000000efe00000| Complete 
| 255|0x00000000eff00000, 0x00000000f0000000, 0x00000000f0000000|100%| E|CS|TAMS 0x00000000eff00000, 0x00000000eff00000| Complete 

Card table byte_map: [0x0000026bca840000,0x0000026bca940000] _byte_map_base: 0x0000026bca140000

Marking Bits (Prev, Next): (CMBitMap*) 0x0000026bb370aa10, (CMBitMap*) 0x0000026bb370aa50
 Prev Bits: [0x0000026bcaa40000, 0x0000026bcb240000)
 Next Bits: [0x0000026bcb240000, 0x0000026bcba40000)

Polling page: 0x0000026bb2e90000

Metaspace:

Usage:
  Non-class:     41.35 MB used.
      Class:      6.86 MB used.
       Both:     48.21 MB used.

Virtual space:
  Non-class space:       64.00 MB reserved,      41.69 MB ( 65%) committed,  1 nodes.
      Class space:      320.00 MB reserved,       7.12 MB (  2%) committed,  1 nodes.
             Both:      384.00 MB reserved,      48.81 MB ( 13%) committed. 

Chunk freelists:
   Non-Class:  5.92 MB
       Class:  8.86 MB
        Both:  14.78 MB

MaxMetaspaceSize: 384.00 MB
CompressedClassSpaceSize: 320.00 MB
Initial GC threshold: 21.00 MB
Current GC threshold: 59.50 MB
CDS: on
MetaspaceReclaimPolicy: balanced
 - commit_granule_bytes: 65536.
 - commit_granule_words: 8192.
 - virtual_space_node_default_size: 8388608.
 - enlarge_chunks_in_place: 1.
 - new_chunks_are_fully_committed: 0.
 - uncommit_free_chunks: 1.
 - use_allocation_guard: 0.
 - handle_deallocations: 1.


Internal statistics:

num_allocs_failed_limit: 9.
num_arena_births: 580.
num_arena_deaths: 0.
num_vsnodes_births: 2.
num_vsnodes_deaths: 0.
num_space_committed: 781.
num_space_uncommitted: 0.
num_chunks_returned_to_freelist: 9.
num_chunks_taken_from_freelist: 2597.
num_chunk_merges: 9.
num_chunk_splits: 1684.
num_chunks_enlarged: 1099.
num_inconsistent_stats: 0.

CodeHeap 'non-profiled nmethods': size=120000Kb used=3264Kb max_used=3264Kb free=116736Kb
 bounds [0x0000026bc2cc0000, 0x0000026bc3000000, 0x0000026bca1f0000]
CodeHeap 'profiled nmethods': size=120000Kb used=11227Kb max_used=11227Kb free=108773Kb
 bounds [0x0000026bbb1f0000, 0x0000026bbbcf0000, 0x0000026bc2720000]
CodeHeap 'non-nmethods': size=5760Kb used=2323Kb max_used=2369Kb free=3436Kb
 bounds [0x0000026bc2720000, 0x0000026bc2990000, 0x0000026bc2cc0000]
 total_blobs=6601 nmethods=5762 adapters=751
 compilation: enabled
              stopped_count=0, restarted_count=0
 full_count=0

Compilation events (20 events):
Event: 134.838 Thread 0x0000026bce6b4240 6572   !   3       org.gradle.internal.concurrent.AbstractManagedExecutor$1::run (57 bytes)
Event: 134.872 Thread 0x0000026bce6b4240 nmethod 6572 0x0000026bbbce3510 code [0x0000026bbbce3700, 0x0000026bbbce3bb8]
Event: 134.893 Thread 0x0000026bce6b3790 nmethod 6569 0x0000026bc2f79b90 code [0x0000026bc2f79de0, 0x0000026bc2f7b8d8]
Event: 135.392 Thread 0x0000026bce6b3790 6573       4       java.util.concurrent.locks.AbstractQueuedSynchronizer$ConditionObject::enableWait (84 bytes)
Event: 135.561 Thread 0x0000026bce6b3790 nmethod 6573 0x0000026bc2d1d910 code [0x0000026bc2d1dac0, 0x0000026bc2d1e068]
Event: 136.075 Thread 0x0000026bce6b3790 6574       4       java.util.concurrent.locks.LockSupport::parkNanos (29 bytes)
Event: 136.080 Thread 0x0000026bce6b3790 nmethod 6574 0x0000026bc2d1d310 code [0x0000026bc2d1d4a0, 0x0000026bc2d1d688]
Event: 139.462 Thread 0x0000026bce6b4240 6575   !   3       org.gradle.internal.event.DefaultListenerManager$EventBroadcast$ListenerDispatch::dispatch (41 bytes)
Event: 139.465 Thread 0x0000026bce6b4240 nmethod 6575 0x0000026bbbce3e90 code [0x0000026bbbce4080, 0x0000026bbbce4478]
Event: 139.466 Thread 0x0000026bce6b4240 6576       3       org.gradle.internal.event.DefaultListenerManager$EventBroadcast::access$500 (6 bytes)
Event: 139.466 Thread 0x0000026bce6b4240 nmethod 6576 0x0000026bbbce4690 code [0x0000026bbbce4820, 0x0000026bbbce4948]
Event: 139.912 Thread 0x0000026bce6b4240 6577       3       java.util.concurrent.ScheduledThreadPoolExecutor$ScheduledFutureTask::getDelay (16 bytes)
Event: 139.913 Thread 0x0000026bce6b4240 nmethod 6577 0x0000026bbbce4a10 code [0x0000026bbbce4bc0, 0x0000026bbbce4d48]
Event: 140.684 Thread 0x0000026bce6b4240 6578   !   3       java.util.concurrent.LinkedBlockingDeque::offerLast (53 bytes)
Event: 140.687 Thread 0x0000026bce6b4240 nmethod 6578 0x0000026bbbce4e10 code [0x0000026bbbce5080, 0x0000026bbbce5c58]
Event: 140.688 Thread 0x0000026bce6b4240 6579       3       java.util.concurrent.LinkedBlockingDeque$Node::<init> (10 bytes)
Event: 140.688 Thread 0x0000026bce6b4240 nmethod 6579 0x0000026bbbce6090 code [0x0000026bbbce6220, 0x0000026bbbce63d8]
Event: 140.688 Thread 0x0000026bce6b4240 6580       3       java.util.concurrent.LinkedBlockingDeque::linkLast (69 bytes)
Event: 140.691 Thread 0x0000026bce6b4240 nmethod 6580 0x0000026bbbce6490 code [0x0000026bbbce66a0, 0x0000026bbbce6d08]
Event: 142.631 Thread 0x0000026bce6b3790 6581       4       javax.management.ObjectName::construct (1135 bytes)

GC Heap History (20 events):
Event: 0.761 GC heap before
{Heap before GC invocations=0 (full 0):
 garbage-first heap   total 262144K, used 26624K [0x00000000e0000000, 0x0000000100000000)
  region size 1024K, 23 young (23552K), 0 survivors (0K)
 Metaspace       used 2070K, committed 2240K, reserved 393216K
  class space    used 220K, committed 320K, reserved 327680K
}
Event: 0.766 GC heap after
{Heap after GC invocations=1 (full 0):
 garbage-first heap   total 262144K, used 10693K [0x00000000e0000000, 0x0000000100000000)
  region size 1024K, 3 young (3072K), 3 survivors (3072K)
 Metaspace       used 2070K, committed 2240K, reserved 393216K
  class space    used 220K, committed 320K, reserved 327680K
}
Event: 1.578 GC heap before
{Heap before GC invocations=1 (full 0):
 garbage-first heap   total 262144K, used 38341K [0x00000000e0000000, 0x0000000100000000)
  region size 1024K, 30 young (30720K), 3 survivors (3072K)
 Metaspace       used 4044K, committed 4224K, reserved 393216K
  class space    used 504K, committed 640K, reserved 327680K
}
Event: 1.581 GC heap after
{Heap after GC invocations=2 (full 0):
 garbage-first heap   total 262144K, used 11961K [0x00000000e0000000, 0x0000000100000000)
  region size 1024K, 2 young (2048K), 2 survivors (2048K)
 Metaspace       used 4044K, committed 4224K, reserved 393216K
  class space    used 504K, committed 640K, reserved 327680K
}
Event: 9.531 GC heap before
{Heap before GC invocations=2 (full 0):
 garbage-first heap   total 262144K, used 122553K [0x00000000e0000000, 0x0000000100000000)
  region size 1024K, 108 young (110592K), 2 survivors (2048K)
 Metaspace       used 18330K, committed 18624K, reserved 393216K
  class space    used 2665K, committed 2816K, reserved 327680K
}
Event: 9.541 GC heap after
{Heap after GC invocations=3 (full 0):
 garbage-first heap   total 262144K, used 22060K [0x00000000e0000000, 0x0000000100000000)
  region size 1024K, 11 young (11264K), 11 survivors (11264K)
 Metaspace       used 18330K, committed 18624K, reserved 393216K
  class space    used 2665K, committed 2816K, reserved 327680K
}
Event: 10.485 GC heap before
{Heap before GC invocations=3 (full 0):
 garbage-first heap   total 262144K, used 45612K [0x00000000e0000000, 0x0000000100000000)
  region size 1024K, 35 young (35840K), 11 survivors (11264K)
 Metaspace       used 21221K, committed 21504K, reserved 393216K
  class space    used 3126K, committed 3264K, reserved 327680K
}
Event: 10.491 GC heap after
{Heap after GC invocations=4 (full 0):
 garbage-first heap   total 262144K, used 23991K [0x00000000e0000000, 0x0000000100000000)
  region size 1024K, 12 young (12288K), 12 survivors (12288K)
 Metaspace       used 21221K, committed 21504K, reserved 393216K
  class space    used 3126K, committed 3264K, reserved 327680K
}
Event: 24.524 GC heap before
{Heap before GC invocations=5 (full 0):
 garbage-first heap   total 262144K, used 147895K [0x00000000e0000000, 0x0000000100000000)
  region size 1024K, 130 young (133120K), 12 survivors (12288K)
 Metaspace       used 35759K, committed 36160K, reserved 393216K
  class space    used 4976K, committed 5184K, reserved 327680K
}
Event: 24.540 GC heap after
{Heap after GC invocations=6 (full 0):
 garbage-first heap   total 262144K, used 32650K [0x00000000e0000000, 0x0000000100000000)
  region size 1024K, 11 young (11264K), 11 survivors (11264K)
 Metaspace       used 35759K, committed 36160K, reserved 393216K
  class space    used 4976K, committed 5184K, reserved 327680K
}
Event: 24.603 GC heap before
{Heap before GC invocations=6 (full 0):
 garbage-first heap   total 262144K, used 33674K [0x00000000e0000000, 0x0000000100000000)
  region size 1024K, 12 young (12288K), 11 survivors (11264K)
 Metaspace       used 35838K, committed 36224K, reserved 393216K
  class space    used 4991K, committed 5184K, reserved 327680K
}
Event: 24.610 GC heap after
{Heap after GC invocations=7 (full 0):
 garbage-first heap   total 262144K, used 33410K [0x00000000e0000000, 0x0000000100000000)
  region size 1024K, 2 young (2048K), 2 survivors (2048K)
 Metaspace       used 35838K, committed 36224K, reserved 393216K
  class space    used 4991K, committed 5184K, reserved 327680K
}
Event: 24.977 GC heap before
{Heap before GC invocations=7 (full 0):
 garbage-first heap   total 262144K, used 35458K [0x00000000e0000000, 0x0000000100000000)
  region size 1024K, 5 young (5120K), 2 survivors (2048K)
 Metaspace       used 36098K, committed 36480K, reserved 393216K
  class space    used 5035K, committed 5184K, reserved 327680K
}
Event: 24.979 GC heap after
{Heap after GC invocations=8 (full 0):
 garbage-first heap   total 262144K, used 32063K [0x00000000e0000000, 0x0000000100000000)
  region size 1024K, 1 young (1024K), 1 survivors (1024K)
 Metaspace       used 36098K, committed 36480K, reserved 393216K
  class space    used 5035K, committed 5184K, reserved 327680K
}
Event: 71.730 GC heap before
{Heap before GC invocations=9 (full 0):
 garbage-first heap   total 262144K, used 188735K [0x00000000e0000000, 0x0000000100000000)
  region size 1024K, 153 young (156672K), 1 survivors (1024K)
 Metaspace       used 49163K, committed 49664K, reserved 393216K
  class space    used 6987K, committed 7232K, reserved 327680K
}
Event: 72.623 GC heap after
{Heap after GC invocations=10 (full 0):
 garbage-first heap   total 262144K, used 39779K [0x00000000e0000000, 0x0000000100000000)
  region size 1024K, 8 young (8192K), 8 survivors (8192K)
 Metaspace       used 49163K, committed 49664K, reserved 393216K
  class space    used 6987K, committed 7232K, reserved 327680K
}
Event: 110.935 GC heap before
{Heap before GC invocations=10 (full 0):
 garbage-first heap   total 262144K, used 43875K [0x00000000e0000000, 0x0000000100000000)
  region size 1024K, 12 young (12288K), 8 survivors (8192K)
 Metaspace       used 49198K, committed 49728K, reserved 393216K
  class space    used 6989K, committed 7232K, reserved 327680K
}
Event: 111.239 GC heap after
{Heap after GC invocations=11 (full 0):
 garbage-first heap   total 262144K, used 41001K [0x00000000e0000000, 0x0000000100000000)
  region size 1024K, 2 young (2048K), 2 survivors (2048K)
 Metaspace       used 49198K, committed 49728K, reserved 393216K
  class space    used 6989K, committed 7232K, reserved 327680K
}
Event: 127.386 GC heap before
{Heap before GC invocations=11 (full 0):
 garbage-first heap   total 262144K, used 55337K [0x00000000e0000000, 0x0000000100000000)
  region size 1024K, 16 young (16384K), 2 survivors (2048K)
 Metaspace       used 49258K, committed 49792K, reserved 393216K
  class space    used 6995K, committed 7232K, reserved 327680K
}
Event: 127.414 GC heap after
{Heap after GC invocations=12 (full 0):
 garbage-first heap   total 262144K, used 41562K [0x00000000e0000000, 0x0000000100000000)
  region size 1024K, 2 young (2048K), 2 survivors (2048K)
 Metaspace       used 49258K, committed 49792K, reserved 393216K
  class space    used 6995K, committed 7232K, reserved 327680K
}

Dll operation events (15 events):
Event: 0.013 Loaded shared library C:\Users\S538108\.jdks\corretto-17.0.11\bin\java.dll
Event: 0.035 Loaded shared library C:\Users\S538108\.jdks\corretto-17.0.11\bin\jsvml.dll
Event: 0.086 Loaded shared library C:\Users\S538108\.jdks\corretto-17.0.11\bin\zip.dll
Event: 0.089 Loaded shared library C:\Users\S538108\.jdks\corretto-17.0.11\bin\instrument.dll
Event: 0.095 Loaded shared library C:\Users\S538108\.jdks\corretto-17.0.11\bin\net.dll
Event: 0.099 Loaded shared library C:\Users\S538108\.jdks\corretto-17.0.11\bin\nio.dll
Event: 0.103 Loaded shared library C:\Users\S538108\.jdks\corretto-17.0.11\bin\zip.dll
Event: 0.385 Loaded shared library C:\Users\S538108\.jdks\corretto-17.0.11\bin\jimage.dll
Event: 0.462 Loaded shared library C:\Users\S538108\.jdks\corretto-17.0.11\bin\verify.dll
Event: 0.815 Loaded shared library C:\Users\S538108\.gradle\native\c067742578af261105cb4f569cf0c3c89f3d7b1fecec35dd04571415982c5e48\windows-amd64\native-platform.dll
Event: 0.827 Loaded shared library C:\Users\S538108\.gradle\native\100fb08df4bc3b14c8652ba06237920a3bd2aa13389f12d3474272988ae205f9\windows-amd64\native-platform-file-events.dll
Event: 2.426 Loaded shared library C:\Users\S538108\.jdks\corretto-17.0.11\bin\management.dll
Event: 2.432 Loaded shared library C:\Users\S538108\.jdks\corretto-17.0.11\bin\management_ext.dll
Event: 2.878 Loaded shared library C:\Users\S538108\.jdks\corretto-17.0.11\bin\extnet.dll
Event: 3.492 Loaded shared library C:\Users\S538108\.jdks\corretto-17.0.11\bin\sunmscapi.dll

Deoptimization events (20 events):
Event: 109.784 Thread 0x0000026be8a5eb10 Uncommon trap: trap_request=0xffffffde fr.pc=0x0000026bc2fa7cd4 relative=0x0000000000000154
Event: 109.784 Thread 0x0000026be8a5eb10 Uncommon trap: reason=class_check action=maybe_recompile pc=0x0000026bc2fa7cd4 method=java.lang.reflect.Array.newInstance(Ljava/lang/Class;I)Ljava/lang/Object; @ 2 c2
Event: 109.795 Thread 0x0000026be8a5eb10 DEOPT PACKING pc=0x0000026bc2fa7cd4 sp=0x000000ee278febd0
Event: 109.803 Thread 0x0000026be8a5eb10 DEOPT UNPACKING pc=0x0000026bc27769a3 sp=0x000000ee278feb68 mode 2
Event: 109.853 Thread 0x0000026be997c060 Uncommon trap: trap_request=0xffffffde fr.pc=0x0000026bc2ea3dfc relative=0x000000000000157c
Event: 109.853 Thread 0x0000026be997c060 Uncommon trap: reason=class_check action=maybe_recompile pc=0x0000026bc2ea3dfc method=java.util.WeakHashMap.matchesKey(Ljava/util/WeakHashMap$Entry;Ljava/lang/Object;)Z @ 21 c2
Event: 109.853 Thread 0x0000026be997c060 DEOPT PACKING pc=0x0000026bc2ea3dfc sp=0x000000ee297f66e0
Event: 109.854 Thread 0x0000026be997c060 DEOPT UNPACKING pc=0x0000026bc27769a3 sp=0x000000ee297f6660 mode 2
Event: 111.335 Thread 0x0000026be997c060 Uncommon trap: trap_request=0xffffffc6 fr.pc=0x0000026bc2f02908 relative=0x0000000000004ac8
Event: 111.337 Thread 0x0000026be997c060 Uncommon trap: reason=bimorphic_or_optimized_type_check action=maybe_recompile pc=0x0000026bc2f02908 method=org.codehaus.groovy.runtime.metaclass.MetaMethodIndex.isOverridden(Lgroovy/lang/MetaMethod;Lgroovy/lang/MetaMethod;)Z @ 10 c2
Event: 111.337 Thread 0x0000026be997c060 DEOPT PACKING pc=0x0000026bc2f02908 sp=0x000000ee297f5e20
Event: 111.340 Thread 0x0000026be997c060 DEOPT UNPACKING pc=0x0000026bc27769a3 sp=0x000000ee297f5df8 mode 2
Event: 122.204 Thread 0x0000026be997c060 Uncommon trap: trap_request=0xffffffdc fr.pc=0x0000026bc2d3a4c0 relative=0x00000000000002a0
Event: 122.205 Thread 0x0000026be997c060 Uncommon trap: reason=class_check action=make_not_entrant pc=0x0000026bc2d3a4c0 method=java.util.ArrayList.toArray([Ljava/lang/Object;)[Ljava/lang/Object; @ 21 c2
Event: 122.205 Thread 0x0000026be997c060 DEOPT PACKING pc=0x0000026bc2d3a4c0 sp=0x000000ee297f9330
Event: 122.206 Thread 0x0000026be997c060 DEOPT UNPACKING pc=0x0000026bc27769a3 sp=0x000000ee297f92f0 mode 2
Event: 125.134 Thread 0x0000026be997c060 DEOPT PACKING pc=0x0000026bbb600eee sp=0x000000ee297f9930
Event: 125.152 Thread 0x0000026be997c060 DEOPT UNPACKING pc=0x0000026bc2777143 sp=0x000000ee297f8de0 mode 0
Event: 142.631 Thread 0x0000026be98609d0 DEOPT PACKING pc=0x0000026bbb89370c sp=0x000000ee28dfe6b0
Event: 142.641 Thread 0x0000026be98609d0 DEOPT UNPACKING pc=0x0000026bc2777143 sp=0x000000ee28dfdbf0 mode 0

Classes unloaded (0 events):
No events

Classes redefined (0 events):
No events

Internal exceptions (20 events):
Event: 111.648 Thread 0x0000026be997c060 Exception <a 'java/lang/ClassNotFoundException'{0x00000000efd8c1e0}: org/gradle/api/internal/artifacts/configurations/DefaultUnlockedConfigurationCustomizer> (0x00000000efd8c1e0) 
thrown [s\src\hotspot\share\classfile\systemDictionary.cpp, line 256]
Event: 111.652 Thread 0x0000026be997c060 Exception <a 'java/lang/ClassNotFoundException'{0x00000000efdb3990}: org/gradle/api/internal/artifacts/configurations/DefaultUnlockedConfiguration_DecoratedCustomizer> (0x00000000efdb3990) 
thrown [s\src\hotspot\share\classfile\systemDictionary.cpp, line 256]
Event: 114.028 Thread 0x0000026be997c060 Exception <a 'java/lang/ClassNotFoundException'{0x00000000ef61c558}: org/gradle/api/internal/artifacts/dsl/DefaultRepositoryHandler_DecoratedBeanInfo> (0x00000000ef61c558) 
thrown [s\src\hotspot\share\classfile\systemDictionary.cpp, line 256]
Event: 114.050 Thread 0x0000026be997c060 Exception <a 'java/lang/ClassNotFoundException'{0x00000000ef6333e0}: org/gradle/api/internal/artifacts/dsl/DefaultRepositoryHandlerBeanInfo> (0x00000000ef6333e0) 
thrown [s\src\hotspot\share\classfile\systemDictionary.cpp, line 256]
Event: 114.134 Thread 0x0000026be997c060 Exception <a 'java/lang/ClassNotFoundException'{0x00000000ef64a708}: org/gradle/api/internal/artifacts/DefaultArtifactRepositoryContainerBeanInfo> (0x00000000ef64a708) 
thrown [s\src\hotspot\share\classfile\systemDictionary.cpp, line 256]
Event: 114.158 Thread 0x0000026be997c060 Exception <a 'java/lang/ClassNotFoundException'{0x00000000ef65e808}: org/gradle/api/internal/DefaultNamedDomainObjectListBeanInfo> (0x00000000ef65e808) 
thrown [s\src\hotspot\share\classfile\systemDictionary.cpp, line 256]
Event: 114.178 Thread 0x0000026be997c060 Exception <a 'java/lang/ClassNotFoundException'{0x00000000ef672c30}: org/gradle/api/internal/DefaultNamedDomainObjectListCustomizer> (0x00000000ef672c30) 
thrown [s\src\hotspot\share\classfile\systemDictionary.cpp, line 256]
Event: 114.572 Thread 0x0000026be997c060 Exception <a 'java/lang/ClassNotFoundException'{0x00000000ef6ab978}: org/gradle/api/internal/artifacts/DefaultArtifactRepositoryContainerCustomizer> (0x00000000ef6ab978) 
thrown [s\src\hotspot\share\classfile\systemDictionary.cpp, line 256]
Event: 114.654 Thread 0x0000026be997c060 Exception <a 'java/lang/ClassNotFoundException'{0x00000000ef6d5428}: org/gradle/api/internal/artifacts/dsl/DefaultRepositoryHandlerCustomizer> (0x00000000ef6d5428) 
thrown [s\src\hotspot\share\classfile\systemDictionary.cpp, line 256]
Event: 114.756 Thread 0x0000026be997c060 Exception <a 'java/lang/ClassNotFoundException'{0x00000000ef50f390}: org/gradle/api/internal/artifacts/dsl/DefaultRepositoryHandler_DecoratedCustomizer> (0x00000000ef50f390) 
thrown [s\src\hotspot\share\classfile\systemDictionary.cpp, line 256]
Event: 117.128 Thread 0x0000026be997c060 Exception <a 'java/lang/ClassNotFoundException'{0x00000000ef5e3658}: org/gradle/api/internal/artifacts/dsl/dependencies/DefaultDependencyHandler_DecoratedBeanInfo> (0x00000000ef5e3658) 
thrown [s\src\hotspot\share\classfile\systemDictionary.cpp, line 256]
Event: 117.178 Thread 0x0000026be997c060 Exception <a 'java/lang/ClassNotFoundException'{0x00000000ef5fae18}: org/gradle/api/internal/artifacts/dsl/dependencies/DefaultDependencyHandlerBeanInfo> (0x00000000ef5fae18) 
thrown [s\src\hotspot\share\classfile\systemDictionary.cpp, line 256]
Event: 117.256 Thread 0x0000026be997c060 Exception <a 'java/lang/ClassNotFoundException'{0x00000000ef412a78}: org/gradle/api/internal/artifacts/dsl/dependencies/DefaultDependencyHandlerCustomizer> (0x00000000ef412a78) 
thrown [s\src\hotspot\share\classfile\systemDictionary.cpp, line 256]
Event: 117.431 Thread 0x0000026be997c060 Exception <a 'java/lang/ClassNotFoundException'{0x00000000ef452b18}: org/gradle/api/internal/artifacts/dsl/dependencies/DefaultDependencyHandler_DecoratedCustomizer> (0x00000000ef452b18) 
thrown [s\src\hotspot\share\classfile\systemDictionary.cpp, line 256]
Event: 125.427 Thread 0x0000026be997c060 Exception <a 'java/lang/ClassNotFoundException'{0x00000000ef026848}: org/gradle/api/internal/tasks/DefaultTaskContainer_DecoratedBeanInfo> (0x00000000ef026848) 
thrown [s\src\hotspot\share\classfile\systemDictionary.cpp, line 256]
Event: 126.331 Thread 0x0000026be997c060 Exception <a 'java/lang/ClassNotFoundException'{0x00000000ef038840}: org/gradle/api/internal/tasks/DefaultTaskContainerBeanInfo> (0x00000000ef038840) 
thrown [s\src\hotspot\share\classfile\systemDictionary.cpp, line 256]
Event: 126.539 Thread 0x0000026be997c060 Exception <a 'java/lang/ClassNotFoundException'{0x00000000ef04a858}: org/gradle/api/internal/tasks/DefaultTaskCollectionBeanInfo> (0x00000000ef04a858) 
thrown [s\src\hotspot\share\classfile\systemDictionary.cpp, line 256]
Event: 126.737 Thread 0x0000026be997c060 Exception <a 'java/lang/ClassNotFoundException'{0x00000000ef063210}: org/gradle/api/internal/tasks/DefaultTaskCollectionCustomizer> (0x00000000ef063210) 
thrown [s\src\hotspot\share\classfile\systemDictionary.cpp, line 256]
Event: 127.280 Thread 0x0000026be997c060 Exception <a 'java/lang/ClassNotFoundException'{0x00000000ef0a94e0}: org/gradle/api/internal/tasks/DefaultTaskContainerCustomizer> (0x00000000ef0a94e0) 
thrown [s\src\hotspot\share\classfile\systemDictionary.cpp, line 256]
Event: 127.425 Thread 0x0000026be997c060 Exception <a 'java/lang/ClassNotFoundException'{0x00000000eff120a8}: org/gradle/api/internal/tasks/DefaultTaskContainer_DecoratedCustomizer> (0x00000000eff120a8) 
thrown [s\src\hotspot\share\classfile\systemDictionary.cpp, line 256]

VM Operations (20 events):
Event: 122.475 Executing VM operation: Cleanup
Event: 122.523 Executing VM operation: Cleanup done
Event: 127.385 Executing VM operation: G1CollectForAllocation
Event: 127.421 Executing VM operation: G1CollectForAllocation done
Event: 128.425 Executing VM operation: Cleanup
Event: 128.676 Executing VM operation: Cleanup done
Event: 130.698 Executing VM operation: Cleanup
Event: 131.039 Executing VM operation: Cleanup done
Event: 132.040 Executing VM operation: Cleanup
Event: 132.174 Executing VM operation: Cleanup done
Event: 134.189 Executing VM operation: Cleanup
Event: 134.275 Executing VM operation: Cleanup done
Event: 135.286 Executing VM operation: Cleanup
Event: 135.303 Executing VM operation: Cleanup done
Event: 136.314 Executing VM operation: Cleanup
Event: 136.362 Executing VM operation: Cleanup done
Event: 137.365 Executing VM operation: Cleanup
Event: 137.464 Executing VM operation: Cleanup done
Event: 138.473 Executing VM operation: Cleanup
Event: 138.505 Executing VM operation: Cleanup done

Events (20 events):
Event: 42.320 loading class sun/misc/SharedSecrets
Event: 42.320 loading class sun/misc/SharedSecrets done
Event: 59.963 Thread 0x0000026be8a5d1c0 Thread added: 0x0000026be8a5d1c0
Event: 73.150 loading class java/util/AbstractCollectionBeanInfo
Event: 73.151 loading class java/util/AbstractCollectionBeanInfo done
Event: 73.152 loading class java/util/AbstractCollectionBeanInfo
Event: 73.152 loading class java/util/AbstractCollectionBeanInfo done
Event: 73.154 loading class java/util/AbstractCollectionCustomizer
Event: 73.154 loading class java/util/AbstractCollectionCustomizer done
Event: 73.154 loading class java/util/AbstractCollectionCustomizer
Event: 73.154 loading class java/util/AbstractCollectionCustomizer done
Event: 73.159 loading class sun/reflect/generics/reflectiveObjects/GenericArrayTypeImpl
Event: 73.213 loading class sun/reflect/generics/reflectiveObjects/GenericArrayTypeImpl done
Event: 107.487 Thread 0x0000026beb00ad50 Thread exited: 0x0000026beb00ad50
Event: 108.668 Thread 0x0000026be8a61db0 Thread added: 0x0000026be8a61db0
Event: 108.903 Thread 0x0000026be8a5eb10 Thread added: 0x0000026be8a5eb10
Event: 110.281 Thread 0x0000026be8a5eb10 Thread exited: 0x0000026be8a5eb10
Event: 122.798 Thread 0x0000026be9c8df40 Thread exited: 0x0000026be9c8df40
Event: 127.303 loading class sun/reflect/generics/tree/LongSignature
Event: 127.330 loading class sun/reflect/generics/tree/LongSignature done


Dynamic libraries:
0x00007ff6b55a0000 - 0x00007ff6b55ae000 	C:\Users\S538108\.jdks\corretto-17.0.11\bin\java.exe
0x00007ff9756d0000 - 0x00007ff9758e7000 	C:\windows\SYSTEM32\ntdll.dll
0x00007ff973940000 - 0x00007ff973a04000 	C:\windows\System32\KERNEL32.DLL
0x00007ff972dd0000 - 0x00007ff97317d000 	C:\windows\System32\KERNELBASE.dll
0x00007ff972b40000 - 0x00007ff972c51000 	C:\windows\System32\ucrtbase.dll
0x00007ff96c480000 - 0x00007ff96c49b000 	C:\Users\S538108\.jdks\corretto-17.0.11\bin\VCRUNTIME140.dll
0x00007ff956480000 - 0x00007ff956497000 	C:\Users\S538108\.jdks\corretto-17.0.11\bin\jli.dll
0x00007ff9740b0000 - 0x00007ff97425e000 	C:\windows\System32\USER32.dll
0x00007ff94b8d0000 - 0x00007ff94bb63000 	C:\windows\WinSxS\amd64_microsoft.windows.common-controls_6595b64144ccf1df_6.0.22621.3672_none_2713b9d173822955\COMCTL32.dll
0x00007ff973320000 - 0x00007ff973346000 	C:\windows\System32\win32u.dll
0x00007ff974790000 - 0x00007ff974837000 	C:\windows\System32\msvcrt.dll
0x00007ff973bb0000 - 0x00007ff973bd9000 	C:\windows\System32\GDI32.dll
0x00007ff973200000 - 0x00007ff973319000 	C:\windows\System32\gdi32full.dll
0x00007ff972aa0000 - 0x00007ff972b3a000 	C:\windows\System32\msvcp_win.dll
0x00007ff974260000 - 0x00007ff974291000 	C:\windows\System32\IMM32.DLL
0x00007ff96c470000 - 0x00007ff96c47c000 	C:\Users\S538108\.jdks\corretto-17.0.11\bin\vcruntime140_1.dll
0x00007ff944910000 - 0x00007ff94499d000 	C:\Users\S538108\.jdks\corretto-17.0.11\bin\msvcp140.dll
0x00007ff92af60000 - 0x00007ff92bbc2000 	C:\Users\S538108\.jdks\corretto-17.0.11\bin\server\jvm.dll
0x00007ff975120000 - 0x00007ff9751d2000 	C:\windows\System32\ADVAPI32.dll
0x00007ff973dd0000 - 0x00007ff973e79000 	C:\windows\System32\sechost.dll
0x00007ff972a00000 - 0x00007ff972a28000 	C:\windows\System32\bcrypt.dll
0x00007ff975570000 - 0x00007ff975684000 	C:\windows\System32\RPCRT4.dll
0x00007ff96bf40000 - 0x00007ff96bf49000 	C:\windows\SYSTEM32\WSOCK32.dll
0x00007ff96c170000 - 0x00007ff96c1a4000 	C:\windows\SYSTEM32\WINMM.dll
0x00007ff9728c0000 - 0x00007ff97290d000 	C:\windows\SYSTEM32\POWRPROF.dll
0x00007ff9750a0000 - 0x00007ff975111000 	C:\windows\System32\WS2_32.dll
0x00007ff9690e0000 - 0x00007ff9690ea000 	C:\windows\SYSTEM32\VERSION.dll
0x00007ff9727f0000 - 0x00007ff972803000 	C:\windows\SYSTEM32\UMPDC.dll
0x00007ff971940000 - 0x00007ff971958000 	C:\windows\SYSTEM32\kernel.appcore.dll
0x00007ff96a100000 - 0x00007ff96a10a000 	C:\Users\S538108\.jdks\corretto-17.0.11\bin\jimage.dll
0x00007ff96ffa0000 - 0x00007ff9701d2000 	C:\windows\SYSTEM32\DBGHELP.DLL
0x00007ff9743e0000 - 0x00007ff974768000 	C:\windows\System32\combase.dll
0x00007ff9751e0000 - 0x00007ff9752b7000 	C:\windows\System32\OLEAUT32.dll
0x00007ff94f810000 - 0x00007ff94f842000 	C:\windows\SYSTEM32\dbgcore.DLL
0x00007ff973180000 - 0x00007ff9731fb000 	C:\windows\System32\bcryptPrimitives.dll
0x00007ff952670000 - 0x00007ff95267e000 	C:\Users\S538108\.jdks\corretto-17.0.11\bin\instrument.dll
0x00007ff950d70000 - 0x00007ff950d95000 	C:\Users\S538108\.jdks\corretto-17.0.11\bin\java.dll
0x00007ff9340e0000 - 0x00007ff9341b7000 	C:\Users\S538108\.jdks\corretto-17.0.11\bin\jsvml.dll
0x00007ff974840000 - 0x00007ff97509f000 	C:\windows\System32\SHELL32.dll
0x00007ff970780000 - 0x00007ff97107c000 	C:\windows\SYSTEM32\windows.storage.dll
0x00007ff970540000 - 0x00007ff97067f000 	C:\windows\SYSTEM32\wintypes.dll
0x00007ff973aa0000 - 0x00007ff973b94000 	C:\windows\System32\SHCORE.dll
0x00007ff974350000 - 0x00007ff9743ae000 	C:\windows\System32\shlwapi.dll
0x00007ff972930000 - 0x00007ff972951000 	C:\windows\SYSTEM32\profapi.dll
0x00007ff952040000 - 0x00007ff952058000 	C:\Users\S538108\.jdks\corretto-17.0.11\bin\zip.dll
0x00007ff950d50000 - 0x00007ff950d69000 	C:\Users\S538108\.jdks\corretto-17.0.11\bin\net.dll
0x00007ff971960000 - 0x00007ff971a96000 	C:\windows\SYSTEM32\WINHTTP.dll
0x00007ff971ef0000 - 0x00007ff971f59000 	C:\windows\system32\mswsock.dll
0x00007ff94cb80000 - 0x00007ff94cb96000 	C:\Users\S538108\.jdks\corretto-17.0.11\bin\nio.dll
0x00007ff9564c0000 - 0x00007ff9564d0000 	C:\Users\S538108\.jdks\corretto-17.0.11\bin\verify.dll
0x00007ff96c440000 - 0x00007ff96c467000 	C:\Users\S538108\.gradle\native\c067742578af261105cb4f569cf0c3c89f3d7b1fecec35dd04571415982c5e48\windows-amd64\native-platform.dll
0x00007ff938a60000 - 0x00007ff938ba4000 	C:\Users\S538108\.gradle\native\100fb08df4bc3b14c8652ba06237920a3bd2aa13389f12d3474272988ae205f9\windows-amd64\native-platform-file-events.dll
0x00007ff91ed80000 - 0x00007ff91ed89000 	C:\Users\S538108\.jdks\corretto-17.0.11\bin\management.dll
0x00007ff91dc70000 - 0x00007ff91dc7b000 	C:\Users\S538108\.jdks\corretto-17.0.11\bin\management_ext.dll
0x00007ff9743b0000 - 0x00007ff9743b8000 	C:\windows\System32\PSAPI.DLL
0x00007ff972150000 - 0x00007ff97216b000 	C:\windows\SYSTEM32\CRYPTSP.dll
0x00007ff9718a0000 - 0x00007ff9718d5000 	C:\windows\system32\rsaenh.dll
0x00007ff971ff0000 - 0x00007ff972018000 	C:\windows\SYSTEM32\USERENV.dll
0x00007ff972170000 - 0x00007ff97217c000 	C:\windows\SYSTEM32\CRYPTBASE.dll
0x00007ff9711d0000 - 0x00007ff9711fd000 	C:\windows\SYSTEM32\IPHLPAPI.DLL
0x00007ff973e80000 - 0x00007ff973e89000 	C:\windows\System32\NSI.dll
0x00007ff96dc20000 - 0x00007ff96dc39000 	C:\windows\SYSTEM32\dhcpcsvc6.DLL
0x00007ff96dc00000 - 0x00007ff96dc1f000 	C:\windows\SYSTEM32\dhcpcsvc.DLL
0x00007ff971200000 - 0x00007ff9712f8000 	C:\windows\SYSTEM32\DNSAPI.dll
0x00007ff91a5a0000 - 0x00007ff91a5a9000 	C:\Users\S538108\.jdks\corretto-17.0.11\bin\extnet.dll
0x00007ff919e70000 - 0x00007ff919e7e000 	C:\Users\S538108\.jdks\corretto-17.0.11\bin\sunmscapi.dll
0x00007ff972c60000 - 0x00007ff972dc7000 	C:\windows\System32\CRYPT32.dll
0x00007ff9722c0000 - 0x00007ff9722ee000 	C:\windows\SYSTEM32\ncrypt.dll
0x00007ff972280000 - 0x00007ff9722b7000 	C:\windows\SYSTEM32\NTASN1.dll
0x00007ff9561a0000 - 0x00007ff9561a8000 	C:\windows\system32\wshunix.dll

dbghelp: loaded successfully - version: 4.0.5 - missing functions: none
symbol engine: initialized successfully - sym options: 0x614 - pdb path: .;C:\Users\S538108\.jdks\corretto-17.0.11\bin;C:\windows\SYSTEM32;C:\windows\WinSxS\amd64_microsoft.windows.common-controls_6595b64144ccf1df_6.0.22621.3672_none_2713b9d173822955;C:\Users\S538108\.jdks\corretto-17.0.11\bin\server;C:\Users\S538108\.gradle\native\c067742578af261105cb4f569cf0c3c89f3d7b1fecec35dd04571415982c5e48\windows-amd64;C:\Users\S538108\.gradle\native\100fb08df4bc3b14c8652ba06237920a3bd2aa13389f12d3474272988ae205f9\windows-amd64

VM Arguments:
jvm_args: --add-opens=java.base/java.util=ALL-UNNAMED --add-opens=java.base/java.lang=ALL-UNNAMED --add-opens=java.base/java.lang.invoke=ALL-UNNAMED --add-opens=java.prefs/java.util.prefs=ALL-UNNAMED --add-opens=java.base/java.nio.charset=ALL-UNNAMED --add-opens=java.base/java.net=ALL-UNNAMED --add-opens=java.base/java.util.concurrent.atomic=ALL-UNNAMED -XX:MaxMetaspaceSize=384m -XX:+HeapDumpOnOutOfMemoryError -Xms256m -Xmx512m -Dfile.encoding=UTF-8 -Duser.country=US -Duser.language=en -Duser.variant -javaagent:C:\Users\S538108\.gradle\wrapper\dists\gradle-8.8-bin\dl7vupf4psengwqhwktix4v1\gradle-8.8\lib\agents\gradle-instrumentation-agent-8.8.jar 
java_command: org.gradle.launcher.daemon.bootstrap.GradleDaemon 8.8
java_class_path (initial): C:\Users\S538108\.gradle\wrapper\dists\gradle-8.8-bin\dl7vupf4psengwqhwktix4v1\gradle-8.8\lib\gradle-launcher-8.8.jar
Launcher Type: SUN_STANDARD

[Global flags]
     intx CICompilerCount                          = 4                                         {product} {ergonomic}
   size_t CompressedClassSpaceSize                 = 335544320                                 {product} {ergonomic}
     uint ConcGCThreads                            = 3                                         {product} {ergonomic}
     uint G1ConcRefinementThreads                  = 10                                        {product} {ergonomic}
   size_t G1HeapRegionSize                         = 1048576                                   {product} {ergonomic}
    uintx GCDrainStackTargetSize                   = 64                                        {product} {ergonomic}
     bool HeapDumpOnOutOfMemoryError               = true                                   {manageable} {command line}
   size_t InitialHeapSize                          = 268435456                                 {product} {command line}
   size_t MarkStackSize                            = 4194304                                   {product} {ergonomic}
   size_t MaxHeapSize                              = 536870912                                 {product} {command line}
   size_t MaxMetaspaceSize                         = 402653184                                 {product} {command line}
   size_t MaxNewSize                               = 321912832                                 {product} {ergonomic}
   size_t MinHeapDeltaBytes                        = 1048576                                   {product} {ergonomic}
   size_t MinHeapSize                              = 268435456                                 {product} {command line}
    uintx NonNMethodCodeHeapSize                   = 5839372                                {pd product} {ergonomic}
    uintx NonProfiledCodeHeapSize                  = 122909434                              {pd product} {ergonomic}
    uintx ProfiledCodeHeapSize                     = 122909434                              {pd product} {ergonomic}
    uintx ReservedCodeCacheSize                    = 251658240                              {pd product} {ergonomic}
     bool SegmentedCodeCache                       = true                                      {product} {ergonomic}
   size_t SoftMaxHeapSize                          = 536870912                              {manageable} {ergonomic}
     bool UseCompressedClassPointers               = true                           {product lp64_product} {ergonomic}
     bool UseCompressedOops                        = true                           {product lp64_product} {ergonomic}
     bool UseG1GC                                  = true                                      {product} {ergonomic}
     bool UseLargePagesIndividualAllocation        = false                                  {pd product} {ergonomic}

Logging:
Log output configuration:
 #0: stdout all=warning uptime,level,tags
 #1: stderr all=off uptime,level,tags

Environment Variables:
JAVA_HOME=C:\Program Files\Java\jdk-17
CLASSPATH=C:\Program Files\Java\jdk-18.0.2.1\mysql-connector-j-8.4.0
PATH=C:\Program Files\Common Files\Oracle\Java\javapath;C:\Python312\Scripts\;C:\Python312\;C:\windows\system32;C:\windows;C:\windows\System32\Wbem;C:\windows\System32\WindowsPowerShell\v1.0\;C:\windows\System32\OpenSSH\;C:\Program Files\nodejs\;C:\ProgramData\chocolatey\bin;C:\Program Files (x86)\Windows Live\Shared;C:\Program Files\Java\jdk-17\bin\;C:\Program Files\Git\cmd;C:\Program Files\MySQL\MySQL Shell 8.0\bin\;C:\Users\S538108\AppData\Local\Microsoft\WindowsApps;C:\Users\S538108\AppData\Local\Programs\Microsoft VS Code\bin;C:\Users\S538108\AppData\Roaming\npm;C:\Users\S538108\AppData\Local\GitHubDesktop\bin;C:\Program Files\JetBrains\IntelliJ IDEA Community Edition 2024.1.4\bin;;C:\Program Files\JetBrains\IntelliJ IDEA 2024.1.4\bin;
USERNAME=S538108
OS=Windows_NT
PROCESSOR_IDENTIFIER=Intel64 Family 6 Model 154 Stepping 4, GenuineIntel
TMP=C:\Users\S538108\AppData\Local\Temp
TEMP=C:\Users\S538108\AppData\Local\Temp



Periodic native trim disabled


---------------  S Y S T E M  ---------------

OS:
 Windows 11 , 64 bit Build 22621 (10.0.22621.3672)
OS uptime: 0 days 6:16 hours

CPU: total 12 (initial active 12) (6 cores per cpu, 2 threads per core) family 6 model 154 stepping 4 microcode 0x433, cx8, cmov, fxsr, ht, mmx, 3dnowpref, sse, sse2, sse3, ssse3, sse4.1, sse4.2, popcnt, lzcnt, tsc, tscinvbit, avx, avx2, aes, erms, clmul, bmi1, bmi2, adx, sha, fma, vzeroupper, clflush, clflushopt, clwb
Processor Information for all 12 processors :
  Max Mhz: 1300, Current Mhz: 1300, Mhz Limit: 1300

Memory: 4k page, system-wide physical 7824M (10M free)
TotalPageFile size 31376M (AvailPageFile size 0M)
current process WorkingSet (physical memory assigned to process): 25M, peak: 307M
current process commit charge ("private bytes"): 457M, peak: 473M

vm_info: OpenJDK 64-Bit Server VM (17.0.11+9-LTS) for windows-amd64 JRE (17.0.11+9-LTS), built on Apr 10 2024 22:12:24 by "Administrator" with MS VC++ 16.10 / 16.11 (VS2019)

END.
